TN:
SF:src/app.js
FN:70,(anonymous_0)
FN:87,(anonymous_1)
FN:95,(anonymous_2)
FNF:3
FNH:2
FNDA:0,(anonymous_0)
FNDA:55,(anonymous_1)
FNDA:1,(anonymous_2)
DA:2,11
DA:3,11
DA:4,11
DA:5,11
DA:6,11
DA:7,11
DA:8,11
DA:9,11
DA:10,11
DA:11,11
DA:12,11
DA:13,11
DA:14,11
DA:17,11
DA:20,11
DA:23,11
DA:27,11
DA:30,11
DA:31,11
DA:70,11
DA:71,0
DA:76,0
DA:80,11
DA:87,11
DA:88,55
DA:92,11
DA:93,11
DA:95,11
DA:96,1
DA:99,11
DA:100,11
DA:101,11
DA:102,11
DA:103,11
DA:104,11
DA:105,11
DA:108,11
DA:112,11
DA:114,11
LF:39
LH:37
BRDA:73,0,0,0
BRDA:73,0,1,0
BRF:2
BRH:0
end_of_record
TN:
SF:src/controllers/auth.controller.js
FN:15,(anonymous_0)
FN:21,(anonymous_1)
FN:30,(anonymous_2)
FN:81,(anonymous_3)
FN:126,(anonymous_4)
FN:157,(anonymous_5)
FN:227,(anonymous_6)
FN:272,(anonymous_7)
FN:303,(anonymous_8)
FN:351,(anonymous_9)
FN:368,(anonymous_10)
FN:389,(anonymous_11)
FNF:12
FNH:11
FNDA:20,(anonymous_0)
FNDA:20,(anonymous_1)
FNDA:11,(anonymous_2)
FNDA:15,(anonymous_3)
FNDA:2,(anonymous_4)
FNDA:3,(anonymous_5)
FNDA:2,(anonymous_6)
FNDA:0,(anonymous_7)
FNDA:3,(anonymous_8)
FNDA:2,(anonymous_9)
FNDA:1,(anonymous_10)
FNDA:1,(anonymous_11)
DA:1,11
DA:2,11
DA:3,11
DA:4,11
DA:5,11
DA:6,11
DA:7,11
DA:8,11
DA:9,11
DA:10,11
DA:12,11
DA:13,11
DA:14,11
DA:15,20
DA:21,20
DA:28,11
DA:30,11
DA:31,11
DA:32,11
DA:33,11
DA:34,10
DA:43,10
DA:44,10
DA:45,10
DA:46,10
DA:47,10
DA:48,10
DA:49,10
DA:56,10
DA:57,10
DA:58,10
DA:65,10
DA:71,10
DA:81,11
DA:82,15
DA:83,15
DA:84,15
DA:85,5
DA:86,5
DA:88,4
DA:89,4
DA:90,4
DA:91,4
DA:92,4
DA:93,4
DA:94,4
DA:101,4
DA:102,4
DA:103,4
DA:110,4
DA:116,4
DA:126,11
DA:127,2
DA:128,2
DA:129,2
DA:130,2
DA:131,0
DA:132,0
DA:133,0
DA:137,0
DA:138,0
DA:139,0
DA:149,2
DA:150,2
DA:151,2
DA:157,11
DA:159,3
DA:160,0
DA:164,0
DA:166,3
DA:168,3
DA:169,3
DA:170,3
DA:171,1
DA:172,2
DA:185,2
DA:186,2
DA:187,2
DA:188,2
DA:189,2
DA:190,2
DA:191,2
DA:198,2
DA:199,2
DA:200,2
DA:207,2
DA:213,2
DA:227,11
DA:228,2
DA:229,2
DA:230,2
DA:231,2
DA:232,2
DA:234,1
DA:235,1
DA:236,1
DA:237,1
DA:238,1
DA:239,1
DA:240,1
DA:247,1
DA:248,1
DA:249,1
DA:256,1
DA:262,1
DA:272,11
DA:273,0
DA:274,0
DA:275,0
DA:276,0
DA:277,0
DA:278,0
DA:279,0
DA:283,0
DA:284,0
DA:285,0
DA:295,0
DA:296,0
DA:297,0
DA:303,11
DA:305,3
DA:306,3
DA:307,3
DA:308,2
DA:310,1
DA:311,1
DA:312,1
DA:316,1
DA:318,1
DA:319,1
DA:322,1
DA:323,1
DA:324,1
DA:327,1
DA:328,1
DA:330,0
DA:332,1
DA:334,1
DA:337,1
DA:338,1
DA:339,1
DA:340,1
DA:345,1
DA:351,11
DA:354,2
DA:355,1
DA:356,1
DA:357,1
DA:358,1
DA:359,1
DA:361,2
DA:368,11
DA:370,1
DA:371,1
DA:372,1
DA:373,0
DA:374,0
DA:375,0
DA:377,0
DA:379,1
DA:382,1
DA:389,11
DA:391,1
DA:392,1
DA:393,1
DA:394,0
DA:395,0
DA:396,0
DA:398,0
DA:400,1
DA:401,1
DA:402,1
DA:403,1
DA:404,1
DA:405,1
DA:411,11
LF:176
LH:146
BRDA:33,0,0,1
BRDA:33,0,1,10
BRDA:47,1,0,10
BRDA:47,1,1,10
BRDA:84,2,0,10
BRDA:84,2,1,5
BRDA:86,3,0,1
BRDA:86,3,1,4
BRDA:92,4,0,4
BRDA:92,4,1,4
BRDA:128,5,0,2
BRDA:128,5,1,2
BRDA:130,6,0,0
BRDA:130,6,1,2
BRDA:137,7,0,0
BRDA:137,7,1,0
BRDA:159,8,0,0
BRDA:159,8,1,3
BRDA:170,9,0,1
BRDA:170,9,1,2
BRDA:189,10,0,2
BRDA:189,10,1,2
BRDA:230,11,0,0
BRDA:230,11,1,2
BRDA:232,12,0,1
BRDA:232,12,1,1
BRDA:238,13,0,1
BRDA:238,13,1,1
BRDA:274,14,0,0
BRDA:274,14,1,0
BRDA:276,15,0,0
BRDA:276,15,1,0
BRDA:283,16,0,0
BRDA:283,16,1,0
BRDA:307,17,0,2
BRDA:307,17,1,1
BRDA:307,18,0,3
BRDA:307,18,1,1
BRDA:311,19,0,0
BRDA:311,19,1,1
BRDA:316,20,0,0
BRDA:316,20,1,1
BRDA:327,21,0,1
BRDA:327,21,1,0
BRDA:332,22,0,0
BRDA:332,22,1,1
BRDA:334,23,0,1
BRDA:334,23,1,0
BRDA:354,24,0,1
BRDA:354,24,1,1
BRDA:357,25,0,1
BRDA:357,25,1,0
BRDA:370,26,0,1
BRDA:370,26,1,0
BRDA:373,27,0,0
BRDA:373,27,1,0
BRDA:391,28,0,1
BRDA:391,28,1,0
BRDA:394,29,0,0
BRDA:394,29,1,0
BRDA:402,30,0,0
BRDA:402,30,1,1
BRF:62
BRH:38
end_of_record
TN:
SF:src/controllers/food-partner.controller.js
FN:12,(anonymous_0)
FN:43,(anonymous_1)
FN:63,(anonymous_2)
FN:72,(anonymous_3)
FN:116,(anonymous_4)
FNF:5
FNH:4
FNDA:5,(anonymous_0)
FNDA:2,(anonymous_1)
FNDA:0,(anonymous_2)
FNDA:6,(anonymous_3)
FNDA:4,(anonymous_4)
DA:1,11
DA:2,11
DA:3,11
DA:4,11
DA:5,11
DA:6,11
DA:8,11
DA:9,11
DA:10,11
DA:12,11
DA:13,5
DA:14,5
DA:16,5
DA:17,5
DA:21,5
DA:23,5
DA:24,5
DA:28,5
DA:31,5
DA:33,4
DA:43,11
DA:44,2
DA:46,2
DA:48,2
DA:50,2
DA:53,2
DA:59,2
DA:63,0
DA:72,11
DA:73,6
DA:74,6
DA:76,6
DA:78,6
DA:80,5
DA:85,5
DA:86,2
DA:91,2
DA:95,2
DA:101,3
DA:106,3
DA:110,3
DA:116,11
DA:117,4
DA:118,4
DA:121,4
DA:122,0
DA:126,0
DA:127,0
DA:130,4
DA:137,4
DA:139,4
DA:140,1
DA:143,3
DA:144,1
DA:147,2
DA:148,2
DA:150,2
DA:151,0
DA:153,2
DA:154,0
DA:158,2
DA:164,2
DA:166,2
DA:172,11
LF:64
LH:58
BRDA:23,0,0,5
BRDA:23,0,1,0
BRDA:31,1,0,1
BRDA:31,1,1,4
BRDA:48,2,0,0
BRDA:48,2,1,2
BRDA:78,3,0,1
BRDA:78,3,1,5
BRDA:85,4,0,2
BRDA:85,4,1,3
BRDA:121,5,0,0
BRDA:121,5,1,4
BRDA:139,6,0,1
BRDA:139,6,1,3
BRDA:143,7,0,1
BRDA:143,7,1,2
BRDA:147,8,0,2
BRDA:147,8,1,0
BRDA:150,9,0,0
BRDA:150,9,1,2
BRDA:153,10,0,0
BRDA:153,10,1,2
BRDA:164,11,0,0
BRDA:164,11,1,2
BRF:24
BRH:17
end_of_record
TN:
SF:src/controllers/food.controller.js
FN:14,(anonymous_0)
FN:34,(anonymous_1)
FN:49,(anonymous_2)
FN:54,(anonymous_3)
FN:59,(anonymous_4)
FN:64,(anonymous_5)
FN:77,(anonymous_6)
FN:85,(anonymous_7)
FN:107,(anonymous_8)
FN:112,(anonymous_9)
FN:115,(anonymous_10)
FN:128,(anonymous_11)
FN:153,(anonymous_12)
FN:178,(anonymous_13)
FN:199,(anonymous_14)
FN:204,(anonymous_15)
FN:209,(anonymous_16)
FN:214,(anonymous_17)
FN:232,(anonymous_18)
FN:249,(anonymous_19)
FN:264,(anonymous_20)
FN:285,(anonymous_21)
FN:322,(anonymous_22)
FN:338,(anonymous_23)
FNF:24
FNH:18
FNDA:0,(anonymous_0)
FNDA:5,(anonymous_1)
FNDA:2,(anonymous_2)
FNDA:1,(anonymous_3)
FNDA:0,(anonymous_4)
FNDA:9,(anonymous_5)
FNDA:2,(anonymous_6)
FNDA:1,(anonymous_7)
FNDA:0,(anonymous_8)
FNDA:0,(anonymous_9)
FNDA:2,(anonymous_10)
FNDA:4,(anonymous_11)
FNDA:4,(anonymous_12)
FNDA:2,(anonymous_13)
FNDA:0,(anonymous_14)
FNDA:2,(anonymous_15)
FNDA:0,(anonymous_16)
FNDA:2,(anonymous_17)
FNDA:4,(anonymous_18)
FNDA:4,(anonymous_19)
FNDA:5,(anonymous_20)
FNDA:7,(anonymous_21)
FNDA:5,(anonymous_22)
FNDA:5,(anonymous_23)
DA:1,11
DA:2,11
DA:3,11
DA:4,11
DA:5,11
DA:6,11
DA:7,11
DA:8,11
DA:9,11
DA:10,11
DA:12,11
DA:14,11
DA:15,0
DA:19,0
DA:20,0
DA:28,0
DA:34,11
DA:35,5
DA:36,5
DA:41,5
DA:42,5
DA:43,5
DA:45,5
DA:46,5
DA:49,5
DA:51,5
DA:54,5
DA:56,5
DA:59,5
DA:60,0
DA:64,9
DA:71,5
DA:77,11
DA:78,2
DA:80,2
DA:81,2
DA:82,2
DA:85,2
DA:86,1
DA:90,2
DA:100,2
DA:101,2
DA:103,2
DA:104,2
DA:107,2
DA:109,2
DA:112,2
DA:115,2
DA:122,2
DA:128,11
DA:129,4
DA:130,4
DA:132,4
DA:137,4
DA:138,2
DA:139,2
DA:140,2
DA:145,2
DA:146,2
DA:147,2
DA:153,11
DA:154,4
DA:155,4
DA:157,4
DA:162,4
DA:163,2
DA:164,2
DA:165,2
DA:170,2
DA:171,2
DA:172,2
DA:178,11
DA:179,2
DA:181,2
DA:189,2
DA:191,1
DA:192,1
DA:193,1
DA:195,1
DA:196,1
DA:199,1
DA:201,1
DA:204,2
DA:206,1
DA:209,1
DA:210,0
DA:214,1
DA:215,2
DA:216,2
DA:226,1
DA:232,11
DA:233,4
DA:234,4
DA:236,4
DA:237,4
DA:242,4
DA:243,4
DA:249,11
DA:250,4
DA:252,4
DA:256,4
DA:258,3
DA:264,11
DA:265,5
DA:266,5
DA:268,5
DA:270,5
DA:271,4
DA:273,2
DA:275,2
DA:279,2
DA:285,11
DA:287,7
DA:288,7
DA:289,7
DA:290,7
DA:291,7
DA:292,6
DA:293,4
DA:294,0
DA:298,0
DA:301,4
DA:302,3
DA:304,4
DA:305,1
DA:307,4
DA:308,4
DA:309,4
DA:310,3
DA:311,3
DA:316,3
DA:322,11
DA:323,5
DA:324,5
DA:325,5
DA:326,5
DA:327,4
DA:328,3
DA:329,3
DA:330,3
DA:331,3
DA:332,3
DA:338,11
DA:339,5
DA:340,5
DA:341,5
DA:346,5
DA:347,4
DA:353,11
LF:149
LH:141
BRDA:26,0,0,0
BRDA:26,0,1,0
BRDA:45,1,0,5
BRDA:45,1,1,0
BRDA:81,2,0,2
BRDA:81,2,1,0
BRDA:103,3,0,2
BRDA:103,3,1,0
BRDA:137,4,0,2
BRDA:137,4,1,2
BRDA:162,5,0,2
BRDA:162,5,1,2
BRDA:189,6,0,1
BRDA:189,6,1,1
BRDA:189,7,0,2
BRDA:189,7,1,2
BRDA:195,8,0,1
BRDA:195,8,1,0
BRDA:220,9,0,2
BRDA:220,9,1,0
BRDA:256,10,0,1
BRDA:256,10,1,3
BRDA:256,11,0,4
BRDA:256,11,1,4
BRDA:270,12,0,1
BRDA:270,12,1,4
BRDA:271,13,0,2
BRDA:271,13,1,2
BRDA:287,14,0,7
BRDA:287,14,1,0
BRDA:291,15,0,1
BRDA:291,15,1,6
BRDA:292,16,0,2
BRDA:292,16,1,4
BRDA:293,17,0,0
BRDA:293,17,1,4
BRDA:301,18,0,3
BRDA:301,18,1,1
BRDA:304,19,0,1
BRDA:304,19,1,3
BRDA:309,20,0,1
BRDA:309,20,1,3
BRDA:310,21,0,0
BRDA:310,21,1,3
BRDA:326,22,0,1
BRDA:326,22,1,4
BRDA:327,23,0,1
BRDA:327,23,1,3
BRDA:339,24,0,0
BRDA:339,24,1,5
BRDA:346,25,0,1
BRDA:346,25,1,4
BRF:52
BRH:41
end_of_record
TN:
SF:src/controllers/food.v2.controller.js
FN:16,(anonymous_0)
FN:41,(anonymous_1)
FN:43,(anonymous_2)
FN:45,(anonymous_3)
FN:48,(anonymous_4)
FN:72,(anonymous_5)
FN:77,(anonymous_6)
FN:96,(anonymous_7)
FN:98,(anonymous_8)
FN:101,(anonymous_9)
FN:125,(anonymous_10)
FN:144,(anonymous_11)
FN:169,(anonymous_12)
FN:194,(anonymous_13)
FN:233,(anonymous_14)
FN:238,(anonymous_15)
FN:243,(anonymous_16)
FN:248,(anonymous_17)
FN:275,(anonymous_18)
FN:291,(anonymous_19)
FN:306,(anonymous_20)
FN:327,(anonymous_21)
FN:364,(anonymous_22)
FN:380,(anonymous_23)
FNF:24
FNH:19
FNDA:10,(anonymous_0)
FNDA:1,(anonymous_1)
FNDA:0,(anonymous_2)
FNDA:1,(anonymous_3)
FNDA:24,(anonymous_4)
FNDA:8,(anonymous_5)
FNDA:8,(anonymous_6)
FNDA:1,(anonymous_7)
FNDA:0,(anonymous_8)
FNDA:18,(anonymous_9)
FNDA:0,(anonymous_10)
FNDA:2,(anonymous_11)
FNDA:2,(anonymous_12)
FNDA:3,(anonymous_13)
FNDA:0,(anonymous_14)
FNDA:4,(anonymous_15)
FNDA:0,(anonymous_16)
FNDA:3,(anonymous_17)
FNDA:2,(anonymous_18)
FNDA:2,(anonymous_19)
FNDA:3,(anonymous_20)
FNDA:8,(anonymous_21)
FNDA:4,(anonymous_22)
FNDA:4,(anonymous_23)
DA:2,11
DA:3,11
DA:4,11
DA:5,11
DA:6,11
DA:7,11
DA:8,11
DA:9,11
DA:10,11
DA:11,11
DA:12,11
DA:14,11
DA:16,11
DA:17,10
DA:18,10
DA:19,10
DA:22,10
DA:23,1
DA:26,10
DA:35,10
DA:36,10
DA:37,10
DA:39,10
DA:40,10
DA:41,10
DA:42,10
DA:43,10
DA:44,10
DA:45,10
DA:48,24
DA:55,10
DA:63,10
DA:72,11
DA:73,8
DA:74,8
DA:75,8
DA:76,8
DA:77,8
DA:79,8
DA:80,8
DA:81,8
DA:83,8
DA:92,8
DA:93,8
DA:94,8
DA:95,8
DA:96,8
DA:97,8
DA:98,8
DA:101,18
DA:108,8
DA:116,8
DA:125,11
DA:126,0
DA:130,0
DA:138,0
DA:144,11
DA:145,2
DA:146,2
DA:148,2
DA:153,2
DA:154,1
DA:155,1
DA:156,1
DA:161,1
DA:162,1
DA:163,1
DA:169,11
DA:170,2
DA:171,2
DA:173,2
DA:178,2
DA:179,1
DA:180,1
DA:181,1
DA:186,1
DA:187,1
DA:188,1
DA:194,11
DA:195,3
DA:196,3
DA:198,3
DA:209,3
DA:211,3
DA:212,1
DA:225,2
DA:226,2
DA:227,2
DA:229,2
DA:230,2
DA:233,2
DA:235,2
DA:238,4
DA:240,2
DA:243,2
DA:244,0
DA:248,2
DA:249,3
DA:250,3
DA:260,2
DA:268,2
DA:275,11
DA:276,2
DA:277,2
DA:278,2
DA:279,2
DA:284,2
DA:285,2
DA:291,11
DA:292,2
DA:294,2
DA:298,2
DA:300,1
DA:306,11
DA:307,3
DA:308,3
DA:310,3
DA:312,3
DA:313,2
DA:315,1
DA:317,1
DA:321,1
DA:327,11
DA:329,8
DA:330,8
DA:331,8
DA:332,8
DA:333,8
DA:334,7
DA:335,6
DA:336,0
DA:340,0
DA:343,6
DA:344,3
DA:346,6
DA:347,1
DA:349,6
DA:350,6
DA:351,6
DA:352,5
DA:353,4
DA:358,4
DA:364,11
DA:365,4
DA:366,4
DA:367,4
DA:368,4
DA:369,3
DA:370,2
DA:371,2
DA:372,2
DA:373,2
DA:374,2
DA:380,11
DA:381,4
DA:382,4
DA:383,4
DA:388,4
DA:389,3
DA:395,11
LF:160
LH:154
BRDA:22,0,0,1
BRDA:22,0,1,9
BRDA:39,1,0,10
BRDA:39,1,1,0
BRDA:75,2,0,8
BRDA:75,2,1,0
BRDA:94,3,0,8
BRDA:94,3,1,0
BRDA:136,4,0,0
BRDA:136,4,1,0
BRDA:153,5,0,1
BRDA:153,5,1,1
BRDA:178,6,0,1
BRDA:178,6,1,1
BRDA:211,7,0,1
BRDA:211,7,1,2
BRDA:211,8,0,3
BRDA:211,8,1,3
BRDA:229,9,0,2
BRDA:229,9,1,0
BRDA:254,10,0,3
BRDA:254,10,1,0
BRDA:298,11,0,1
BRDA:298,11,1,1
BRDA:298,12,0,2
BRDA:298,12,1,2
BRDA:312,13,0,1
BRDA:312,13,1,2
BRDA:313,14,0,1
BRDA:313,14,1,1
BRDA:329,15,0,8
BRDA:329,15,1,0
BRDA:333,16,0,1
BRDA:333,16,1,7
BRDA:334,17,0,1
BRDA:334,17,1,6
BRDA:335,18,0,0
BRDA:335,18,1,6
BRDA:343,19,0,3
BRDA:343,19,1,3
BRDA:346,20,0,1
BRDA:346,20,1,5
BRDA:351,21,0,1
BRDA:351,21,1,5
BRDA:352,22,0,1
BRDA:352,22,1,4
BRDA:368,23,0,1
BRDA:368,23,1,3
BRDA:369,24,0,1
BRDA:369,24,1,2
BRDA:381,25,0,0
BRDA:381,25,1,4
BRDA:388,26,0,1
BRDA:388,26,1,3
BRF:54
BRH:44
end_of_record
TN:
SF:src/controllers/order.controller.js
FN:11,(anonymous_0)
FN:39,(anonymous_1)
FN:44,(anonymous_2)
FN:59,(anonymous_3)
FN:67,(anonymous_4)
FN:75,(anonymous_5)
FNF:6
FNH:6
FNDA:4,(anonymous_0)
FNDA:4,(anonymous_1)
FNDA:2,(anonymous_2)
FNDA:3,(anonymous_3)
FNDA:3,(anonymous_4)
FNDA:9,(anonymous_5)
DA:1,11
DA:2,11
DA:3,11
DA:5,11
DA:6,11
DA:7,11
DA:9,11
DA:11,11
DA:12,4
DA:13,4
DA:14,4
DA:15,4
DA:16,2
DA:17,2
DA:18,2
DA:19,2
DA:20,2
DA:32,2
DA:39,11
DA:40,4
DA:41,4
DA:44,4
DA:51,4
DA:59,11
DA:60,3
DA:61,3
DA:67,3
DA:68,3
DA:75,11
DA:76,9
DA:77,9
DA:78,9
DA:79,9
DA:80,9
DA:81,2
DA:84,7
DA:85,7
DA:86,2
DA:88,5
DA:89,5
DA:90,5
DA:96,11
LF:42
LH:42
BRDA:15,0,0,2
BRDA:15,0,1,2
BRDA:15,1,0,4
BRDA:15,1,1,3
BRDA:17,2,0,0
BRDA:17,2,1,2
BRDA:46,3,0,2
BRDA:46,3,1,0
BRDA:47,4,0,2
BRDA:47,4,1,0
BRDA:48,5,0,2
BRDA:48,5,1,0
BRDA:49,6,0,2
BRDA:49,6,1,0
BRDA:80,7,0,2
BRDA:80,7,1,7
BRDA:80,8,0,9
BRDA:80,8,1,8
BRDA:85,9,0,2
BRDA:85,9,1,5
BRF:20
BRH:15
end_of_record
TN:
SF:src/controllers/search.controller.js
FN:9,(anonymous_0)
FN:33,(anonymous_1)
FN:40,(anonymous_2)
FN:52,(anonymous_3)
FNF:4
FNH:4
FNDA:9,(anonymous_0)
FNDA:6,(anonymous_1)
FNDA:4,(anonymous_2)
FNDA:4,(anonymous_3)
DA:1,11
DA:2,11
DA:3,11
DA:4,11
DA:5,11
DA:6,11
DA:7,11
DA:9,11
DA:10,9
DA:11,9
DA:12,8
DA:13,8
DA:14,8
DA:15,6
DA:22,8
DA:23,3
DA:27,8
DA:33,11
DA:34,6
DA:35,6
DA:36,6
DA:37,6
DA:40,6
DA:41,4
DA:44,6
DA:47,6
DA:52,4
DA:74,6
DA:80,11
LF:29
LH:29
BRDA:11,0,0,1
BRDA:11,0,1,8
BRDA:14,1,0,6
BRDA:14,1,1,2
BRDA:14,2,0,8
BRDA:14,2,1,4
BRDA:22,3,0,3
BRDA:22,3,1,5
BRDA:22,4,0,8
BRDA:22,4,1,7
BRDA:36,5,0,6
BRDA:36,5,1,0
BRF:12
BRH:11
end_of_record
TN:
SF:src/controllers/user.controller.js
FN:16,(anonymous_0)
FN:22,(anonymous_1)
FN:23,(anonymous_2)
FN:33,(anonymous_3)
FN:34,(anonymous_4)
FN:41,(anonymous_5)
FN:42,(anonymous_6)
FN:61,(anonymous_7)
FN:76,(anonymous_8)
FN:83,(anonymous_9)
FN:88,(anonymous_10)
FN:105,(anonymous_11)
FNF:12
FNH:12
FNDA:6,(anonymous_0)
FNDA:1,(anonymous_1)
FNDA:1,(anonymous_2)
FNDA:1,(anonymous_3)
FNDA:1,(anonymous_4)
FNDA:1,(anonymous_5)
FNDA:1,(anonymous_6)
FNDA:4,(anonymous_7)
FNDA:3,(anonymous_8)
FNDA:3,(anonymous_9)
FNDA:4,(anonymous_10)
FNDA:7,(anonymous_11)
DA:2,11
DA:3,11
DA:4,11
DA:5,11
DA:6,11
DA:7,11
DA:8,11
DA:10,11
DA:11,11
DA:12,11
DA:14,11
DA:16,11
DA:17,6
DA:18,6
DA:20,6
DA:21,6
DA:22,1
DA:23,1
DA:29,6
DA:32,6
DA:33,1
DA:34,1
DA:39,6
DA:40,6
DA:41,1
DA:42,1
DA:48,6
DA:61,11
DA:62,4
DA:63,4
DA:70,4
DA:76,11
DA:77,3
DA:78,3
DA:81,3
DA:82,2
DA:83,3
DA:88,11
DA:89,4
DA:90,4
DA:98,4
DA:99,3
DA:105,11
DA:106,7
DA:107,7
DA:108,7
DA:109,7
DA:110,7
DA:111,6
DA:112,5
DA:113,4
DA:116,5
DA:121,5
DA:122,5
DA:132,11
LF:55
LH:55
BRDA:18,0,0,0
BRDA:18,0,1,6
BRDA:71,1,0,4
BRDA:71,1,1,0
BRDA:72,2,0,3
BRDA:72,2,1,1
BRDA:72,3,0,4
BRDA:72,3,1,4
BRDA:81,4,0,1
BRDA:81,4,1,2
BRDA:81,5,0,3
BRDA:81,5,1,3
BRDA:98,6,0,1
BRDA:98,6,1,3
BRDA:98,7,0,4
BRDA:98,7,1,4
BRDA:110,8,0,1
BRDA:110,8,1,6
BRDA:111,9,0,1
BRDA:111,9,1,5
BRDA:112,10,0,4
BRDA:112,10,1,1
BRDA:121,11,0,0
BRDA:121,11,1,5
BRF:24
BRH:21
end_of_record
TN:
SF:src/db/db.js
FN:5,connectDB
FN:7,(anonymous_1)
FN:10,(anonymous_2)
FNF:3
FNH:0
FNDA:0,connectDB
FNDA:0,(anonymous_1)
FNDA:0,(anonymous_2)
DA:1,0
DA:6,0
DA:8,0
DA:12,0
DA:13,0
DA:17,0
LF:6
LH:0
BRF:0
BRH:0
end_of_record
TN:
SF:src/middlewares/advancedCors.middleware.js
FN:13,isOriginAllowed
FN:15,(anonymous_1)
FN:26,corsLogger
FN:34,(anonymous_3)
FNF:4
FNH:4
FNDA:295,isOriginAllowed
FNDA:21,(anonymous_1)
FNDA:295,corsLogger
FNDA:295,(anonymous_3)
DA:4,12
DA:5,12
DA:7,12
DA:14,295
DA:15,17
DA:16,21
DA:18,21
DA:19,0
DA:20,0
DA:22,21
DA:28,295
DA:30,0
DA:34,12
DA:35,295
DA:36,295
DA:37,295
DA:39,295
DA:40,13
DA:41,13
DA:42,13
DA:43,13
DA:44,13
DA:48,295
DA:49,4
DA:50,3
DA:53,1
DA:61,291
DA:63,3
DA:70,288
DA:73,12
LF:30
LH:27
BRDA:14,0,0,278
BRDA:14,0,1,17
BRDA:16,1,0,0
BRDA:16,1,1,21
BRDA:18,2,0,0
BRDA:18,2,1,21
BRDA:28,3,0,0
BRDA:28,3,1,295
BRDA:39,4,0,13
BRDA:39,4,1,282
BRDA:48,5,0,4
BRDA:48,5,1,291
BRDA:49,6,0,3
BRDA:49,6,1,1
BRDA:61,7,0,3
BRDA:61,7,1,288
BRDA:61,8,0,291
BRDA:61,8,1,281
BRF:18
BRH:15
end_of_record
TN:
SF:src/middlewares/auth.middleware.js
FN:9,authFoodPartnerMiddleware
FN:25,authUserMiddleware
FN:41,authAnyMiddleware
FNF:3
FNH:3
FNDA:60,authFoodPartnerMiddleware
FNDA:172,authUserMiddleware
FNDA:3,authAnyMiddleware
DA:1,11
DA:2,11
DA:3,11
DA:4,11
DA:6,11
DA:10,60
DA:11,60
DA:12,8
DA:14,52
DA:15,52
DA:16,52
DA:17,52
DA:18,46
DA:19,46
DA:21,0
DA:26,172
DA:27,172
DA:28,31
DA:30,141
DA:31,141
DA:32,139
DA:33,139
DA:34,138
DA:35,138
DA:37,2
DA:42,3
DA:43,3
DA:44,1
DA:46,2
DA:47,2
DA:48,2
DA:49,2
DA:50,1
DA:51,1
DA:53,1
DA:54,1
DA:55,1
DA:56,1
DA:58,0
DA:60,0
DA:65,11
LF:41
LH:38
BRDA:11,0,0,8
BRDA:11,0,1,52
BRDA:17,1,0,6
BRDA:17,1,1,46
BRDA:27,2,0,31
BRDA:27,2,1,141
BRDA:33,3,0,1
BRDA:33,3,1,138
BRDA:43,4,0,1
BRDA:43,4,1,2
BRDA:49,5,0,1
BRDA:49,5,1,1
BRDA:54,6,0,1
BRDA:54,6,1,0
BRF:14
BRH:13
end_of_record
TN:
SF:src/middlewares/csrf.middleware.js
FN:5,(anonymous_0)
FNF:1
FNH:1
FNDA:215,(anonymous_0)
DA:1,11
DA:4,11
DA:5,215
DA:14,11
LF:4
LH:4
BRDA:4,0,0,11
BRDA:4,0,1,0
BRDA:9,1,0,0
BRDA:9,1,1,0
BRF:4
BRH:1
end_of_record
TN:
SF:src/middlewares/error.middleware.js
FN:4,(anonymous_0)
FNF:1
FNH:1
FNDA:102,(anonymous_0)
DA:2,11
DA:4,11
DA:5,102
DA:6,102
DA:7,102
DA:8,102
DA:10,102
DA:13,102
DA:15,61
DA:18,41
DA:19,41
DA:22,102
LF:12
LH:12
BRDA:5,0,0,102
BRDA:5,0,1,0
BRDA:6,1,0,102
BRDA:6,1,1,0
BRDA:8,2,0,2
BRDA:8,2,1,100
BRDA:10,3,0,0
BRDA:10,3,1,102
BRDA:10,4,0,102
BRDA:10,4,1,102
BRDA:10,4,2,102
BRDA:13,5,0,61
BRDA:13,5,1,41
BRDA:13,6,0,102
BRDA:13,6,1,51
BRDA:19,7,0,41
BRDA:19,7,1,0
BRF:17
BRH:13
end_of_record
TN:
SF:src/middlewares/fileUpload.middleware.js
FN:11,(anonymous_0)
FN:20,validateFileSignature
FNF:2
FNH:2
FNDA:2,(anonymous_0)
FNDA:25,validateFileSignature
DA:1,11
DA:2,11
DA:4,11
DA:6,11
DA:8,11
DA:12,2
DA:13,0
DA:15,2
DA:21,25
DA:22,2
DA:23,2
DA:24,2
DA:25,2
DA:27,0
DA:29,0
DA:33,11
LF:16
LH:13
BRDA:12,0,0,0
BRDA:12,0,1,2
BRDA:21,1,0,23
BRDA:21,1,1,2
BRDA:24,2,0,2
BRDA:24,2,1,0
BRDA:24,3,0,2
BRDA:24,3,1,0
BRF:8
BRH:5
end_of_record
TN:
SF:src/middlewares/queryValidation.middleware.js
FN:5,(anonymous_0)
FN:8,(anonymous_1)
FNF:2
FNH:2
FNDA:28,(anonymous_0)
FNDA:8,(anonymous_1)
DA:2,12
DA:3,12
DA:5,12
DA:6,28
DA:7,28
DA:8,8
DA:10,23
LF:7
LH:7
BRDA:7,0,0,5
BRDA:7,0,1,23
BRF:2
BRH:2
end_of_record
TN:
SF:src/middlewares/rateLimiter.middleware.js
FN:16,(anonymous_0)
FN:28,(anonymous_1)
FN:46,(anonymous_2)
FN:61,(anonymous_3)
FN:76,(anonymous_4)
FN:87,(anonymous_5)
FN:94,(anonymous_6)
FN:109,(anonymous_7)
FN:117,(anonymous_8)
FN:120,(anonymous_9)
FN:127,(anonymous_10)
FN:131,(anonymous_11)
FN:147,(anonymous_12)
FNF:13
FNH:5
FNDA:0,(anonymous_0)
FNDA:0,(anonymous_1)
FNDA:0,(anonymous_2)
FNDA:0,(anonymous_3)
FNDA:0,(anonymous_4)
FNDA:7,(anonymous_5)
FNDA:0,(anonymous_6)
FNDA:0,(anonymous_7)
FNDA:65,(anonymous_8)
FNDA:222,(anonymous_9)
FNDA:222,(anonymous_10)
FNDA:1,(anonymous_11)
FNDA:0,(anonymous_12)
DA:2,13
DA:3,13
DA:4,13
DA:5,13
DA:8,13
DA:9,13
DA:10,0
DA:16,0
DA:21,13
DA:31,0
DA:37,0
DA:44,13
DA:45,0
DA:46,0
DA:51,13
DA:54,13
DA:62,0
DA:68,0
DA:74,13
DA:75,0
DA:76,0
DA:81,13
DA:84,13
DA:88,7
DA:89,1
DA:95,0
DA:101,0
DA:107,13
DA:108,0
DA:109,0
DA:114,13
DA:117,13
DA:118,65
DA:122,222
DA:123,1
DA:125,221
DA:127,222
DA:132,1
DA:139,1
DA:145,65
DA:146,0
DA:147,0
DA:152,65
DA:155,13
LF:44
LH:28
BRDA:9,0,0,0
BRDA:9,0,1,13
BRDA:11,1,0,0
BRDA:11,1,1,0
BRDA:13,2,0,0
BRDA:13,2,1,0
BRDA:14,3,0,0
BRDA:14,3,1,0
BRDA:23,4,0,0
BRDA:23,4,1,13
BRDA:34,5,0,0
BRDA:34,5,1,0
BRDA:44,6,0,0
BRDA:44,6,1,13
BRDA:65,7,0,0
BRDA:65,7,1,0
BRDA:74,8,0,0
BRDA:74,8,1,13
BRDA:88,9,0,6
BRDA:88,9,1,1
BRDA:98,10,0,0
BRDA:98,10,1,0
BRDA:107,11,0,0
BRDA:107,11,1,13
BRDA:117,12,0,60
BRDA:119,13,0,65
BRDA:119,13,1,64
BRDA:122,14,0,1
BRDA:122,14,1,221
BRDA:125,15,0,221
BRDA:125,15,1,218
BRDA:125,16,0,0
BRDA:125,16,1,218
BRDA:127,17,0,4
BRDA:127,17,1,218
BRDA:135,18,0,1
BRDA:135,18,1,0
BRDA:136,19,0,1
BRDA:136,19,1,1
BRDA:145,20,0,0
BRDA:145,20,1,65
BRF:41
BRH:21
end_of_record
TN:
SF:src/middlewares/validate.middleware.js
FN:4,(anonymous_0)
FN:4,(anonymous_1)
FNF:2
FNH:2
FNDA:297,(anonymous_0)
FNDA:148,(anonymous_1)
DA:4,297
DA:5,148
DA:6,148
DA:7,416
DA:8,401
DA:9,401
DA:10,15
DA:17,133
DA:20,11
LF:9
LH:9
BRDA:7,0,0,401
BRDA:7,0,1,15
BRDA:9,1,0,15
BRDA:9,1,1,386
BRF:4
BRH:4
end_of_record
TN:
SF:src/models/auditlog.model.js
FNF:0
FNH:0
DA:1,23
DA:3,23
DA:18,23
DA:20,23
LF:4
LH:4
BRF:0
BRH:0
end_of_record
TN:
SF:src/models/comment.model.js
FNF:0
FNH:0
DA:1,11
DA:4,11
DA:25,11
DA:26,11
LF:4
LH:4
BRF:0
BRH:0
end_of_record
TN:
SF:src/models/follow.model.js
FNF:0
FNH:0
DA:1,11
DA:4,11
DA:19,11
DA:20,11
LF:4
LH:4
BRF:0
BRH:0
end_of_record
TN:
SF:src/models/food.model.js
FN:53,(anonymous_0)
FNF:1
FNH:1
FNDA:498,(anonymous_0)
DA:1,23
DA:3,23
DA:53,498
DA:59,23
DA:61,23
LF:5
LH:5
BRF:0
BRH:0
end_of_record
TN:
SF:src/models/foodpartner.model.js
FN:70,(anonymous_0)
FN:97,(anonymous_1)
FNF:2
FNH:2
FNDA:357,(anonymous_0)
FNDA:4,(anonymous_1)
DA:2,23
DA:4,23
DA:5,23
DA:7,23
DA:70,23
DA:71,357
DA:72,353
DA:73,353
DA:74,353
DA:75,353
DA:76,353
DA:83,353
DA:84,1
DA:90,353
DA:92,0
DA:97,23
DA:98,4
DA:101,23
DA:103,23
LF:19
LH:18
BRDA:71,0,0,4
BRDA:71,0,1,353
BRDA:73,1,0,353
BRDA:73,1,1,0
BRDA:74,2,0,353
BRDA:74,2,1,0
BRDA:75,3,0,353
BRDA:75,3,1,0
BRDA:83,4,0,1
BRDA:83,4,1,352
BRDA:83,5,0,353
BRDA:83,5,1,1
BRF:12
BRH:9
end_of_record
TN:
SF:src/models/likes.model.js
FNF:0
FNH:0
DA:1,11
DA:4,11
DA:19,11
DA:20,11
LF:4
LH:4
BRF:0
BRH:0
end_of_record
TN:
SF:src/models/order.model.js
FNF:0
FNH:0
DA:1,23
DA:3,23
DA:62,23
DA:64,23
LF:4
LH:4
BRF:0
BRH:0
end_of_record
TN:
SF:src/models/save.model.js
FNF:0
FNH:0
DA:1,11
DA:4,11
DA:20,11
DA:22,11
LF:4
LH:4
BRF:0
BRH:0
end_of_record
TN:
SF:src/models/session.model.js
FNF:0
FNH:0
DA:1,23
DA:3,23
DA:13,23
LF:3
LH:3
BRF:0
BRH:0
end_of_record
TN:
SF:src/models/user.model.js
FN:44,(anonymous_0)
FN:71,(anonymous_1)
FNF:2
FNH:2
FNDA:287,(anonymous_0)
FNDA:10,(anonymous_1)
DA:2,23
DA:4,23
DA:5,23
DA:9,23
DA:44,23
DA:45,287
DA:46,285
DA:47,285
DA:48,285
DA:49,285
DA:50,285
DA:57,285
DA:58,1
DA:64,285
DA:66,0
DA:71,23
DA:72,10
DA:75,23
DA:77,23
LF:19
LH:18
BRDA:45,0,0,2
BRDA:45,0,1,285
BRDA:47,1,0,285
BRDA:47,1,1,0
BRDA:48,2,0,285
BRDA:48,2,1,0
BRDA:49,3,0,285
BRDA:49,3,1,0
BRDA:57,4,0,1
BRDA:57,4,1,284
BRDA:57,5,0,285
BRDA:57,5,1,1
BRF:12
BRH:9
end_of_record
TN:
SF:src/routes/auth.routes.js
FNF:0
FNH:0
DA:1,11
DA:2,11
DA:3,11
DA:4,11
DA:5,11
DA:6,11
DA:12,11
DA:13,11
DA:15,11
DA:48,11
DA:81,11
DA:114,11
DA:137,11
DA:192,11
DA:240,11
DA:262,11
DA:284,11
DA:312,11
DA:343,11
DA:345,11
LF:20
LH:20
BRF:0
BRH:0
end_of_record
TN:
SF:src/routes/food-partner.routes.js
FNF:0
FNH:0
DA:1,11
DA:2,11
DA:3,11
DA:4,11
DA:5,11
DA:6,11
DA:7,11
DA:8,11
DA:9,11
DA:11,11
DA:59,11
DA:101,11
DA:153,11
DA:204,11
DA:247,11
DA:287,11
DA:289,11
LF:17
LH:17
BRF:0
BRH:0
end_of_record
TN:
SF:src/routes/food.routes.js
FNF:0
FNH:0
DA:1,11
DA:2,11
DA:3,11
DA:4,11
DA:5,11
DA:6,11
DA:7,11
DA:8,11
DA:9,11
DA:55,11
DA:111,11
DA:168,11
DA:224,11
DA:275,11
DA:326,11
DA:369,11
DA:415,11
DA:465,11
DA:514,11
DA:562,11
DA:610,11
DA:659,11
DA:666,11
LF:23
LH:23
BRF:0
BRH:0
end_of_record
TN:
SF:src/routes/food.v2.routes.js
FNF:0
FNH:0
DA:2,11
DA:3,11
DA:4,11
DA:5,11
DA:6,11
DA:8,11
DA:52,11
DA:143,11
DA:200,11
DA:291,11
DA:342,11
DA:391,11
DA:432,11
DA:477,11
DA:525,11
DA:573,11
DA:620,11
DA:666,11
DA:713,11
DA:718,11
LF:20
LH:20
BRF:0
BRH:0
end_of_record
TN:
SF:src/routes/order.routes.js
FNF:0
FNH:0
DA:1,11
DA:2,11
DA:3,11
DA:4,11
DA:5,11
DA:6,11
DA:7,11
DA:9,11
DA:48,11
DA:81,11
DA:122,11
DA:180,11
DA:187,11
LF:13
LH:13
BRF:0
BRH:0
end_of_record
TN:
SF:src/routes/search.routes.js
FNF:0
FNH:0
DA:1,11
DA:2,11
DA:3,11
DA:4,11
DA:65,11
DA:104,11
DA:109,11
LF:7
LH:7
BRF:0
BRH:0
end_of_record
TN:
SF:src/routes/user.routes.js
FNF:0
FNH:0
DA:1,11
DA:2,11
DA:3,11
DA:4,11
DA:5,11
DA:6,11
DA:7,11
DA:8,11
DA:38,11
DA:73,11
DA:108,11
DA:143,11
DA:189,11
DA:230,11
DA:270,11
DA:272,11
LF:16
LH:16
BRF:0
BRH:0
end_of_record
TN:
SF:src/services/audit.service.js
FN:3,logEvent
FNF:1
FNH:1
FNDA:21,logEvent
DA:1,23
DA:4,21
DA:13,21
DA:14,21
DA:24,0
DA:25,0
DA:29,23
LF:7
LH:5
BRDA:3,0,0,0
BRDA:21,1,0,0
BRDA:21,1,1,21
BRDA:21,2,0,21
BRDA:21,2,1,21
BRF:5
BRH:3
end_of_record
TN:
SF:src/services/storage.service.js
FN:9,uploadFile
FNF:1
FNH:0
FNDA:0,uploadFile
DA:1,11
DA:3,11
DA:10,0
DA:15,0
DA:18,11
LF:5
LH:3
BRF:0
BRH:0
end_of_record
TN:
SF:src/services/token.service.js
FN:12,generateAccessToken
FN:17,generateRefreshToken
FN:28,hashRefreshToken
FN:41,compareRefreshToken
FN:46,verifyAccessToken
FNF:5
FNH:5
FNDA:449,generateAccessToken
FNDA:555,generateRefreshToken
FNDA:29,hashRefreshToken
FNDA:7,compareRefreshToken
FNDA:5,verifyAccessToken
DA:1,23
DA:2,23
DA:3,23
DA:5,23
DA:6,23
DA:7,23
DA:8,23
DA:13,449
DA:18,555
DA:29,29
DA:30,29
DA:31,29
DA:32,29
DA:42,7
DA:47,5
DA:50,23
LF:16
LH:16
BRDA:29,0,0,29
BRDA:29,0,1,0
BRDA:30,1,0,29
BRDA:30,1,1,0
BRDA:31,2,0,29
BRDA:31,2,1,0
BRF:6
BRH:3
end_of_record
TN:
SF:src/utils/AppError.js
FN:3,(anonymous_0)
FNF:1
FNH:1
FNDA:118,(anonymous_0)
DA:4,118
DA:5,118
DA:6,118
DA:7,118
DA:11,14
LF:5
LH:5
BRDA:3,0,0,0
BRF:1
BRH:0
end_of_record
TN:
SF:src/utils/catchAsync.js
FN:2,(anonymous_0)
FN:2,(anonymous_1)
FNF:2
FNH:2
FNDA:539,(anonymous_0)
FNDA:211,(anonymous_1)
DA:2,539
DA:3,211
LF:2
LH:2
BRF:0
BRH:0
end_of_record
TN:
SF:src/utils/query.js
FN:10,parsePagination
FN:19,parseSort
FN:23,(anonymous_2)
FN:40,parseFilters
FN:44,(anonymous_4)
FN:52,(anonymous_5)
FN:53,(anonymous_6)
FN:68,parseQuery
FNF:8
FNH:8
FNDA:31,parsePagination
FNDA:30,parseSort
FNDA:12,(anonymous_2)
FNDA:28,parseFilters
FNDA:98,(anonymous_4)
FNDA:98,(anonymous_5)
FNDA:392,(anonymous_6)
FNDA:24,parseQuery
DA:4,12
DA:5,12
DA:6,12
DA:7,12
DA:8,12
DA:11,31
DA:12,31
DA:13,31
DA:14,31
DA:15,31
DA:16,31
DA:20,30
DA:21,30
DA:22,9
DA:23,9
DA:24,12
DA:25,12
DA:26,12
DA:27,6
DA:28,6
DA:30,12
DA:31,10
DA:35,21
DA:37,30
DA:41,28
DA:44,28
DA:45,98
DA:46,7
DA:51,28
DA:52,28
DA:53,98
DA:54,392
DA:55,392
DA:56,1
DA:57,1
DA:60,1
DA:65,28
DA:69,24
DA:70,24
DA:71,24
DA:72,24
DA:75,12
LF:42
LH:42
BRDA:13,0,0,24
BRDA:13,0,1,7
BRDA:13,1,0,31
BRDA:13,1,1,8
BRDA:14,2,0,1
BRDA:14,2,1,30
BRDA:15,3,0,27
BRDA:15,3,1,4
BRDA:15,4,0,31
BRDA:15,4,1,5
BRDA:21,5,0,9
BRDA:21,5,1,21
BRDA:26,6,0,6
BRDA:26,6,1,6
BRDA:30,7,0,10
BRDA:30,7,1,2
BRDA:45,8,0,7
BRDA:45,8,1,91
BRDA:55,9,0,1
BRDA:55,9,1,391
BRDA:56,10,0,1
BRDA:56,10,1,0
BRDA:60,11,0,1
BRDA:60,11,1,0
BRF:24
BRH:22
end_of_record
TN:
SF:src/utils/response.js
FN:4,sendListResponse
FN:15,sendItemResponse
FN:23,sendErrorResponse
FNF:3
FNH:3
FNDA:56,sendListResponse
FNDA:114,sendItemResponse
FNDA:112,sendErrorResponse
DA:5,56
DA:16,114
DA:24,112
DA:31,13
LF:4
LH:4
BRDA:4,0,0,6
BRDA:4,1,0,34
BRDA:4,2,0,37
BRDA:4,3,0,37
BRDA:15,4,0,3
BRDA:23,5,0,1
BRDA:23,6,0,2
BRDA:23,7,0,4
BRF:8
BRH:8
end_of_record
TN:
SF:src/utils/serviceError.js
FN:3,handleServiceError
FNF:1
FNH:1
FNDA:6,handleServiceError
DA:1,1
DA:5,6
DA:11,1
LF:3
LH:3
BRDA:3,0,0,4
BRDA:6,1,0,1
BRDA:6,1,1,5
BRDA:7,2,0,6
BRDA:7,2,1,5
BRF:5
BRH:5
end_of_record
TN:
SF:src/validation/auth.validation.js
FNF:0
FNH:0
DA:2,11
DA:3,11
DA:6,11
DA:12,11
DA:18,11
DA:27,11
DA:32,11
LF:7
LH:7
BRF:0
BRH:0
end_of_record
TN:
SF:src/validation/common.validation.js
FNF:0
FNH:0
DA:2,11
DA:3,11
DA:4,11
DA:5,11
DA:8,11
DA:13,11
DA:18,11
DA:25,11
LF:8
LH:8
BRF:0
BRH:0
end_of_record
TN:
SF:src/validation/follow.validation.js
FNF:0
FNH:0
DA:1,11
DA:3,11
DA:7,11
LF:3
LH:3
BRF:0
BRH:0
end_of_record
TN:
SF:src/validation/food-action.validation.js
FNF:0
FNH:0
DA:2,11
DA:3,11
DA:7,11
DA:12,11
DA:17,11
DA:21,11
LF:6
LH:6
BRF:0
BRH:0
end_of_record
TN:
SF:src/validation/food-partner.validation.js
FNF:0
FNH:0
DA:2,11
DA:3,11
DA:6,11
DA:16,11
LF:4
LH:4
BRF:0
BRH:0
end_of_record
TN:
SF:src/validation/food.validation.js
FNF:0
FNH:0
DA:1,11
DA:2,11
DA:5,11
DA:14,11
DA:22,11
LF:5
LH:5
BRF:0
BRH:0
end_of_record
TN:
SF:src/validation/order.validation.js
FNF:0
FNH:0
DA:2,11
DA:3,11
DA:6,11
DA:13,11
DA:17,11
LF:5
LH:5
BRF:0
BRH:0
end_of_record
TN:
SF:src/validation/query.validation.js
FNF:0
FNH:0
DA:2,12
DA:4,12
DA:24,12
LF:3
LH:3
BRF:0
BRH:0
end_of_record
TN:
SF:src/validation/user.validation.js
FNF:0
FNH:0
DA:2,11
DA:3,11
DA:7,11
DA:13,11
LF:4
LH:4
BRF:0
BRH:0
end_of_record
