TN:
SF:src/app.js
FN:69,(anonymous_0)
FN:79,(anonymous_1)
FN:98,(anonymous_2)
FN:106,(anonymous_3)
FNF:4
FNH:2
FNDA:0,(anonymous_0)
FNDA:0,(anonymous_1)
FNDA:77,(anonymous_2)
FNDA:1,(anonymous_3)
DA:2,11
DA:3,11
DA:4,11
DA:5,11
DA:6,11
DA:7,11
DA:8,11
DA:9,11
DA:10,11
DA:11,11
DA:12,11
DA:13,11
DA:14,11
DA:15,11
DA:16,11
DA:17,11
DA:18,11
DA:19,11
DA:20,11
DA:21,11
DA:24,11
DA:27,11
DA:30,11
DA:33,11
DA:34,11
DA:37,11
DA:69,11
DA:71,0
DA:79,0
DA:80,0
DA:83,0
DA:84,0
DA:89,11
DA:98,11
DA:99,77
DA:103,11
DA:104,11
DA:106,11
DA:107,1
DA:110,11
DA:111,11
DA:112,11
DA:113,11
DA:114,11
DA:115,11
DA:116,11
DA:119,11
DA:120,11
DA:121,11
DA:124,11
DA:126,11
DA:130,11
DA:132,11
LF:53
LH:48
BRDA:74,0,0,0
BRDA:74,0,1,0
BRF:2
BRH:0
end_of_record
TN:
SF:src/constants/analytics.constants.js
FN:175,(anonymous_0)
FN:178,(anonymous_1)
FN:179,(anonymous_2)
FN:180,(anonymous_3)
FN:183,(anonymous_4)
FN:184,(anonymous_5)
FN:185,(anonymous_6)
FN:186,(anonymous_7)
FN:247,(anonymous_8)
FN:254,(anonymous_9)
FN:261,(anonymous_10)
FNF:11
FNH:11
FNDA:99,(anonymous_0)
FNDA:110,(anonymous_1)
FNDA:66,(anonymous_2)
FNDA:77,(anonymous_3)
FNDA:99,(anonymous_4)
FNDA:77,(anonymous_5)
FNDA:88,(anonymous_6)
FNDA:66,(anonymous_7)
FNDA:48,(anonymous_8)
FNDA:48,(anonymous_9)
FNDA:98,(anonymous_10)
DA:10,11
DA:25,11
DA:40,11
DA:53,11
DA:69,11
DA:82,11
DA:96,11
DA:108,11
DA:120,11
DA:130,11
DA:144,11
DA:156,11
DA:173,11
DA:175,99
DA:178,110
DA:179,66
DA:180,77
DA:183,99
DA:184,77
DA:185,88
DA:186,66
DA:206,11
DA:232,11
DA:247,11
DA:248,48
DA:254,11
DA:255,48
DA:261,11
DA:262,98
DA:265,11
LF:30
LH:30
BRDA:248,0,0,48
BRDA:248,0,1,5
BRDA:255,1,0,48
BRDA:255,1,1,35
BRF:4
BRH:4
end_of_record
TN:
SF:src/controllers/analytics.controller.js
FN:25,(anonymous_0)
FN:77,(anonymous_1)
FN:93,(anonymous_2)
FN:131,(anonymous_3)
FN:157,(anonymous_4)
FN:191,(anonymous_5)
FN:223,(anonymous_6)
FN:253,(anonymous_7)
FN:290,(anonymous_8)
FN:315,(anonymous_9)
FNF:10
FNH:0
FNDA:0,(anonymous_0)
FNDA:0,(anonymous_1)
FNDA:0,(anonymous_2)
FNDA:0,(anonymous_3)
FNDA:0,(anonymous_4)
FNDA:0,(anonymous_5)
FNDA:0,(anonymous_6)
FNDA:0,(anonymous_7)
FNDA:0,(anonymous_8)
FNDA:0,(anonymous_9)
DA:6,11
DA:7,11
DA:8,11
DA:9,11
DA:10,11
DA:25,11
DA:26,0
DA:29,0
DA:30,0
DA:31,0
DA:34,0
DA:47,0
DA:48,0
DA:51,0
DA:57,0
DA:77,11
DA:78,0
DA:80,0
DA:81,0
DA:84,0
DA:85,0
DA:89,0
DA:90,0
DA:91,0
DA:93,0
DA:101,0
DA:103,0
DA:104,0
DA:107,0
DA:112,0
DA:131,11
DA:132,0
DA:134,0
DA:135,0
DA:138,0
DA:157,11
DA:158,0
DA:160,0
DA:161,0
DA:164,0
DA:173,0
DA:175,0
DA:176,0
DA:179,0
DA:191,11
DA:192,0
DA:194,0
DA:195,0
DA:198,0
DA:200,0
DA:201,0
DA:204,0
DA:223,11
DA:224,0
DA:226,0
DA:227,0
DA:230,0
DA:232,0
DA:234,0
DA:235,0
DA:238,0
DA:253,11
DA:254,0
DA:255,0
DA:257,0
DA:258,0
DA:262,0
DA:264,0
DA:265,0
DA:268,0
DA:270,0
DA:271,0
DA:274,0
DA:290,11
DA:291,0
DA:293,0
DA:294,0
DA:297,0
DA:299,0
DA:300,0
DA:303,0
DA:315,11
DA:316,0
DA:323,11
LF:84
LH:15
BRDA:29,0,0,0
BRDA:29,0,1,0
BRDA:30,1,0,0
BRDA:30,1,1,0
BRDA:30,2,0,0
BRDA:30,2,1,0
BRDA:31,3,0,0
BRDA:31,3,1,0
BRDA:47,4,0,0
BRDA:47,4,1,0
BRDA:80,5,0,0
BRDA:80,5,1,0
BRDA:80,6,0,0
BRDA:80,6,1,0
BRDA:84,7,0,0
BRDA:84,7,1,0
BRDA:89,8,0,0
BRDA:89,8,1,0
BRDA:90,9,0,0
BRDA:90,9,1,0
BRDA:90,10,0,0
BRDA:90,10,1,0
BRDA:95,11,0,0
BRDA:95,11,1,0
BRDA:96,12,0,0
BRDA:96,12,1,0
BRDA:97,13,0,0
BRDA:97,13,1,0
BRDA:103,14,0,0
BRDA:103,14,1,0
BRDA:134,15,0,0
BRDA:134,15,1,0
BRDA:160,16,0,0
BRDA:160,16,1,0
BRDA:160,17,0,0
BRDA:160,17,1,0
BRDA:167,18,0,0
BRDA:167,18,1,0
BRDA:168,19,0,0
BRDA:168,19,1,0
BRDA:175,20,0,0
BRDA:175,20,1,0
BRDA:194,21,0,0
BRDA:194,21,1,0
BRDA:200,22,0,0
BRDA:200,22,1,0
BRDA:226,23,0,0
BRDA:226,23,1,0
BRDA:226,24,0,0
BRDA:226,24,1,0
BRDA:226,24,2,0
BRDA:234,25,0,0
BRDA:234,25,1,0
BRDA:257,26,0,0
BRDA:257,26,1,0
BRDA:257,27,0,0
BRDA:257,27,1,0
BRDA:262,28,0,0
BRDA:262,28,1,0
BRDA:264,29,0,0
BRDA:264,29,1,0
BRDA:270,30,0,0
BRDA:270,30,1,0
BRDA:293,31,0,0
BRDA:293,31,1,0
BRDA:293,32,0,0
BRDA:293,32,1,0
BRDA:299,33,0,0
BRDA:299,33,1,0
BRF:69
BRH:0
end_of_record
TN:
SF:src/controllers/auth.controller.js
FN:19,(anonymous_0)
FN:25,(anonymous_1)
FN:34,(anonymous_2)
FN:104,(anonymous_3)
FN:143,(anonymous_4)
FN:183,(anonymous_5)
FN:247,(anonymous_6)
FN:286,(anonymous_7)
FN:326,(anonymous_8)
FN:369,(anonymous_9)
FN:386,(anonymous_10)
FN:407,(anonymous_11)
FNF:12
FNH:11
FNDA:20,(anonymous_0)
FNDA:20,(anonymous_1)
FNDA:11,(anonymous_2)
FNDA:15,(anonymous_3)
FNDA:2,(anonymous_4)
FNDA:3,(anonymous_5)
FNDA:2,(anonymous_6)
FNDA:0,(anonymous_7)
FNDA:3,(anonymous_8)
FNDA:2,(anonymous_9)
FNDA:1,(anonymous_10)
FNDA:1,(anonymous_11)
DA:1,11
DA:2,11
DA:3,11
DA:4,11
DA:5,11
DA:6,11
DA:7,11
DA:8,11
DA:9,11
DA:11,11
DA:12,11
DA:13,11
DA:14,11
DA:17,11
DA:19,20
DA:25,20
DA:32,11
DA:34,11
DA:35,11
DA:36,11
DA:37,11
DA:38,10
DA:47,10
DA:48,10
DA:49,10
DA:50,10
DA:51,10
DA:52,10
DA:53,10
DA:60,10
DA:61,10
DA:62,10
DA:71,10
DA:72,10
DA:78,10
DA:87,0
DA:94,10
DA:104,11
DA:105,15
DA:106,15
DA:107,15
DA:108,5
DA:109,5
DA:111,4
DA:112,4
DA:113,4
DA:114,4
DA:115,4
DA:116,4
DA:117,4
DA:124,4
DA:125,4
DA:126,4
DA:133,4
DA:143,11
DA:144,2
DA:145,2
DA:148,2
DA:149,0
DA:150,0
DA:151,0
DA:152,0
DA:156,0
DA:157,0
DA:162,0
DA:169,2
DA:170,2
DA:171,2
DA:177,2
DA:183,11
DA:185,3
DA:186,0
DA:190,0
DA:192,3
DA:194,3
DA:195,3
DA:196,3
DA:197,1
DA:198,2
DA:211,2
DA:212,2
DA:213,2
DA:214,2
DA:215,2
DA:216,2
DA:217,2
DA:224,2
DA:225,2
DA:226,2
DA:233,2
DA:247,11
DA:248,2
DA:249,2
DA:250,2
DA:251,2
DA:252,2
DA:254,1
DA:255,1
DA:256,1
DA:257,1
DA:258,1
DA:259,1
DA:260,1
DA:267,1
DA:268,1
DA:269,1
DA:276,1
DA:286,11
DA:287,0
DA:288,0
DA:291,0
DA:292,0
DA:293,0
DA:294,0
DA:295,0
DA:299,0
DA:300,0
DA:305,0
DA:312,0
DA:313,0
DA:314,0
DA:320,0
DA:326,11
DA:328,3
DA:329,3
DA:330,3
DA:331,2
DA:333,1
DA:334,1
DA:335,1
DA:339,1
DA:341,1
DA:342,1
DA:345,1
DA:346,1
DA:347,1
DA:350,1
DA:351,1
DA:353,0
DA:355,1
DA:357,1
DA:360,1
DA:361,1
DA:362,1
DA:363,1
DA:369,11
DA:372,2
DA:373,1
DA:374,1
DA:375,1
DA:376,1
DA:377,1
DA:379,2
DA:386,11
DA:388,1
DA:389,0
DA:390,0
DA:391,1
DA:392,1
DA:393,1
DA:395,0
DA:397,1
DA:400,1
DA:407,11
DA:409,1
DA:410,0
DA:411,0
DA:412,1
DA:413,1
DA:414,1
DA:416,0
DA:418,1
DA:419,1
DA:420,1
DA:421,1
DA:422,1
DA:428,11
LF:177
LH:146
BRDA:37,0,0,1
BRDA:37,0,1,10
BRDA:51,1,0,10
BRDA:51,1,1,10
BRDA:107,2,0,10
BRDA:107,2,1,5
BRDA:109,3,0,1
BRDA:109,3,1,4
BRDA:115,4,0,4
BRDA:115,4,1,4
BRDA:148,5,0,0
BRDA:148,5,1,2
BRDA:148,6,0,2
BRDA:148,6,1,0
BRDA:151,7,0,0
BRDA:151,7,1,0
BRDA:156,8,0,0
BRDA:156,8,1,0
BRDA:185,9,0,0
BRDA:185,9,1,3
BRDA:196,10,0,1
BRDA:196,10,1,2
BRDA:215,11,0,2
BRDA:215,11,1,2
BRDA:250,12,0,0
BRDA:250,12,1,2
BRDA:252,13,0,1
BRDA:252,13,1,1
BRDA:258,14,0,1
BRDA:258,14,1,1
BRDA:291,15,0,0
BRDA:291,15,1,0
BRDA:291,16,0,0
BRDA:291,16,1,0
BRDA:294,17,0,0
BRDA:294,17,1,0
BRDA:299,18,0,0
BRDA:299,18,1,0
BRDA:330,19,0,2
BRDA:330,19,1,1
BRDA:330,20,0,3
BRDA:330,20,1,1
BRDA:334,21,0,0
BRDA:334,21,1,1
BRDA:339,22,0,0
BRDA:339,22,1,1
BRDA:350,23,0,1
BRDA:350,23,1,0
BRDA:355,24,0,0
BRDA:355,24,1,1
BRDA:357,25,0,1
BRDA:357,25,1,0
BRDA:372,26,0,1
BRDA:372,26,1,1
BRDA:375,27,0,1
BRDA:375,27,1,0
BRDA:388,28,0,0
BRDA:388,28,1,1
BRDA:391,29,0,1
BRDA:391,29,1,0
BRDA:409,30,0,0
BRDA:409,30,1,1
BRDA:412,31,0,1
BRDA:412,31,1,0
BRDA:420,32,0,0
BRDA:420,32,1,1
BRF:66
BRH:39
end_of_record
TN:
SF:src/controllers/cart.controller.js
FN:18,getCartIdentifier
FN:28,ensureSessionId
FN:49,getCartMetadata
FN:65,(anonymous_3)
FN:106,(anonymous_4)
FN:125,(anonymous_5)
FN:186,(anonymous_6)
FN:245,(anonymous_7)
FN:300,(anonymous_8)
FN:340,(anonymous_9)
FN:382,(anonymous_10)
FNF:11
FNH:0
FNDA:0,getCartIdentifier
FNDA:0,ensureSessionId
FNDA:0,getCartMetadata
FNDA:0,(anonymous_3)
FNDA:0,(anonymous_4)
FNDA:0,(anonymous_5)
FNDA:0,(anonymous_6)
FNDA:0,(anonymous_7)
FNDA:0,(anonymous_8)
FNDA:0,(anonymous_9)
FNDA:0,(anonymous_10)
DA:1,11
DA:2,11
DA:3,11
DA:4,11
DA:5,11
DA:6,11
DA:19,0
DA:20,0
DA:22,0
DA:29,0
DA:31,0
DA:32,0
DA:35,0
DA:43,0
DA:50,0
DA:65,11
DA:66,0
DA:69,0
DA:71,0
DA:75,0
DA:76,0
DA:88,0
DA:96,0
DA:106,11
DA:107,0
DA:108,0
DA:110,0
DA:115,0
DA:125,11
DA:126,0
DA:127,0
DA:130,0
DA:131,0
DA:134,0
DA:135,0
DA:137,0
DA:146,0
DA:147,0
DA:160,0
DA:166,0
DA:176,0
DA:186,11
DA:187,0
DA:188,0
DA:190,0
DA:191,0
DA:194,0
DA:195,0
DA:197,0
DA:205,0
DA:206,0
DA:218,0
DA:221,0
DA:228,0
DA:229,0
DA:235,0
DA:245,11
DA:246,0
DA:247,0
DA:249,0
DA:250,0
DA:253,0
DA:255,0
DA:262,0
DA:263,0
DA:274,0
DA:277,0
DA:283,0
DA:284,0
DA:290,0
DA:300,11
DA:301,0
DA:302,0
DA:304,0
DA:305,0
DA:308,0
DA:314,0
DA:315,0
DA:322,0
DA:325,0
DA:330,0
DA:340,11
DA:341,0
DA:342,0
DA:344,0
DA:345,0
DA:348,0
DA:353,0
DA:360,0
DA:361,0
DA:372,0
DA:382,11
DA:383,0
DA:385,0
DA:386,0
DA:389,0
DA:391,0
DA:392,0
DA:398,0
DA:401,0
DA:403,0
DA:409,0
DA:415,11
LF:103
LH:15
BRDA:19,0,0,0
BRDA:19,0,1,0
BRDA:20,1,0,0
BRDA:20,1,1,0
BRDA:20,1,2,0
BRDA:29,2,0,0
BRDA:29,2,1,0
BRDA:31,3,0,0
BRDA:31,3,1,0
BRDA:38,4,0,0
BRDA:38,4,1,0
BRDA:51,5,0,0
BRDA:51,5,1,0
BRDA:53,6,0,0
BRDA:53,6,1,0
BRDA:69,7,0,0
BRDA:69,7,1,0
BRDA:69,8,0,0
BRDA:69,8,1,0
BRDA:71,9,0,0
BRDA:71,9,1,0
BRDA:75,10,0,0
BRDA:75,10,1,0
BRDA:90,11,0,0
BRDA:90,11,1,0
BRDA:91,12,0,0
BRDA:91,12,1,0
BRDA:108,13,0,0
BRDA:108,13,1,0
BRDA:108,14,0,0
BRDA:108,14,1,0
BRDA:127,15,0,0
BRDA:127,15,1,0
BRDA:127,16,0,0
BRDA:127,16,1,0
BRDA:130,17,0,0
BRDA:130,17,1,0
BRDA:130,18,0,0
BRDA:130,18,1,0
BRDA:148,19,0,0
BRDA:148,19,1,0
BRDA:149,20,0,0
BRDA:149,20,1,0
BRDA:168,21,0,0
BRDA:168,21,1,0
BRDA:169,22,0,0
BRDA:169,22,1,0
BRDA:188,23,0,0
BRDA:188,23,1,0
BRDA:190,24,0,0
BRDA:190,24,1,0
BRDA:190,25,0,0
BRDA:190,25,1,0
BRDA:207,26,0,0
BRDA:207,26,1,0
BRDA:208,27,0,0
BRDA:208,27,1,0
BRDA:214,28,0,0
BRDA:214,28,1,0
BRDA:223,29,0,0
BRDA:223,29,1,0
BRDA:228,30,0,0
BRDA:228,30,1,0
BRDA:247,31,0,0
BRDA:247,31,1,0
BRDA:249,32,0,0
BRDA:249,32,1,0
BRDA:249,33,0,0
BRDA:249,33,1,0
BRDA:264,34,0,0
BRDA:264,34,1,0
BRDA:265,35,0,0
BRDA:265,35,1,0
BRDA:270,36,0,0
BRDA:270,36,1,0
BRDA:279,37,0,0
BRDA:279,37,1,0
BRDA:283,38,0,0
BRDA:283,38,1,0
BRDA:302,39,0,0
BRDA:302,39,1,0
BRDA:304,40,0,0
BRDA:304,40,1,0
BRDA:304,41,0,0
BRDA:304,41,1,0
BRDA:316,42,0,0
BRDA:316,42,1,0
BRDA:317,43,0,0
BRDA:317,43,1,0
BRDA:326,44,0,0
BRDA:326,44,1,0
BRDA:327,45,0,0
BRDA:327,45,1,0
BRDA:342,46,0,0
BRDA:342,46,1,0
BRDA:344,47,0,0
BRDA:344,47,1,0
BRDA:344,48,0,0
BRDA:344,48,1,0
BRDA:355,49,0,0
BRDA:355,49,1,0
BRDA:357,50,0,0
BRDA:357,50,1,0
BRDA:360,51,0,0
BRDA:360,51,1,0
BRDA:385,52,0,0
BRDA:385,52,1,0
BRDA:389,53,0,0
BRDA:389,53,1,0
BRDA:391,54,0,0
BRDA:391,54,1,0
BRDA:411,55,0,0
BRDA:411,55,1,0
BRF:113
BRH:0
end_of_record
TN:
SF:src/controllers/food-partner.controller.js
FN:14,(anonymous_0)
FN:47,(anonymous_1)
FN:59,(anonymous_2)
FN:79,(anonymous_3)
FN:97,(anonymous_4)
FN:100,(anonymous_5)
FN:133,(anonymous_6)
FN:160,(anonymous_7)
FN:168,(anonymous_8)
FN:233,(anonymous_9)
FNF:10
FNH:4
FNDA:5,(anonymous_0)
FNDA:0,(anonymous_1)
FNDA:2,(anonymous_2)
FNDA:0,(anonymous_3)
FNDA:0,(anonymous_4)
FNDA:6,(anonymous_5)
FNDA:0,(anonymous_6)
FNDA:0,(anonymous_7)
FNDA:4,(anonymous_8)
FNDA:0,(anonymous_9)
DA:1,11
DA:2,11
DA:3,11
DA:4,11
DA:5,11
DA:6,11
DA:7,11
DA:8,11
DA:10,11
DA:11,11
DA:12,11
DA:14,11
DA:15,5
DA:16,5
DA:18,5
DA:19,5
DA:23,5
DA:25,5
DA:26,5
DA:30,5
DA:33,5
DA:36,4
DA:47,0
DA:49,4
DA:59,11
DA:60,2
DA:62,2
DA:64,2
DA:66,2
DA:69,2
DA:75,2
DA:79,0
DA:88,2
DA:97,0
DA:100,11
DA:101,6
DA:102,6
DA:104,6
DA:106,6
DA:108,5
DA:113,5
DA:114,2
DA:119,2
DA:124,2
DA:133,0
DA:135,2
DA:141,3
DA:146,3
DA:151,3
DA:160,0
DA:162,3
DA:168,11
DA:169,4
DA:170,4
DA:173,4
DA:174,0
DA:178,0
DA:179,0
DA:182,4
DA:189,4
DA:191,4
DA:192,1
DA:195,3
DA:196,1
DA:200,2
DA:202,0
DA:203,0
DA:204,0
DA:205,0
DA:207,2
DA:208,2
DA:210,2
DA:211,0
DA:213,2
DA:214,0
DA:216,2
DA:221,2
DA:225,2
DA:233,0
DA:235,2
DA:241,11
LF:81
LH:66
BRDA:25,0,0,5
BRDA:25,0,1,0
BRDA:33,1,0,1
BRDA:33,1,1,4
BRDA:39,2,0,4
BRDA:39,2,1,0
BRDA:64,3,0,0
BRDA:64,3,1,2
BRDA:106,4,0,1
BRDA:106,4,1,5
BRDA:113,5,0,2
BRDA:113,5,1,3
BRDA:173,6,0,0
BRDA:173,6,1,4
BRDA:191,7,0,1
BRDA:191,7,1,3
BRDA:195,8,0,1
BRDA:195,8,1,2
BRDA:200,9,0,0
BRDA:200,9,1,2
BRDA:203,10,0,0
BRDA:203,10,1,0
BRDA:207,11,0,2
BRDA:207,11,1,0
BRDA:210,12,0,0
BRDA:210,12,1,2
BRDA:213,13,0,0
BRDA:213,13,1,2
BRDA:221,14,0,0
BRDA:221,14,1,2
BRF:30
BRH:19
end_of_record
TN:
SF:src/controllers/food.controller.js
FN:16,(anonymous_0)
FN:43,(anonymous_1)
FN:51,(anonymous_2)
FN:66,(anonymous_3)
FN:71,(anonymous_4)
FN:76,(anonymous_5)
FN:81,(anonymous_6)
FN:98,(anonymous_7)
FN:106,(anonymous_8)
FN:114,(anonymous_9)
FN:136,(anonymous_10)
FN:141,(anonymous_11)
FN:144,(anonymous_12)
FN:161,(anonymous_13)
FN:169,(anonymous_14)
FN:189,(anonymous_15)
FN:206,(anonymous_16)
FN:214,(anonymous_17)
FN:234,(anonymous_18)
FN:251,(anonymous_19)
FN:259,(anonymous_20)
FN:280,(anonymous_21)
FN:285,(anonymous_22)
FN:290,(anonymous_23)
FN:295,(anonymous_24)
FN:316,(anonymous_25)
FN:324,(anonymous_26)
FN:347,(anonymous_27)
FN:355,(anonymous_28)
FN:374,(anonymous_29)
FN:382,(anonymous_30)
FN:407,(anonymous_31)
FN:415,(anonymous_32)
FN:457,(anonymous_33)
FN:465,(anonymous_34)
FN:486,(anonymous_35)
FN:494,(anonymous_36)
FN:514,(anonymous_37)
FNF:38
FNH:18
FNDA:0,(anonymous_0)
FNDA:0,(anonymous_1)
FNDA:5,(anonymous_2)
FNDA:2,(anonymous_3)
FNDA:1,(anonymous_4)
FNDA:0,(anonymous_5)
FNDA:9,(anonymous_6)
FNDA:0,(anonymous_7)
FNDA:2,(anonymous_8)
FNDA:1,(anonymous_9)
FNDA:0,(anonymous_10)
FNDA:0,(anonymous_11)
FNDA:2,(anonymous_12)
FNDA:0,(anonymous_13)
FNDA:4,(anonymous_14)
FNDA:0,(anonymous_15)
FNDA:0,(anonymous_16)
FNDA:4,(anonymous_17)
FNDA:0,(anonymous_18)
FNDA:0,(anonymous_19)
FNDA:2,(anonymous_20)
FNDA:0,(anonymous_21)
FNDA:2,(anonymous_22)
FNDA:0,(anonymous_23)
FNDA:2,(anonymous_24)
FNDA:0,(anonymous_25)
FNDA:4,(anonymous_26)
FNDA:0,(anonymous_27)
FNDA:4,(anonymous_28)
FNDA:0,(anonymous_29)
FNDA:5,(anonymous_30)
FNDA:0,(anonymous_31)
FNDA:7,(anonymous_32)
FNDA:0,(anonymous_33)
FNDA:5,(anonymous_34)
FNDA:0,(anonymous_35)
FNDA:5,(anonymous_36)
FNDA:0,(anonymous_37)
DA:1,11
DA:2,11
DA:3,11
DA:4,11
DA:5,11
DA:6,11
DA:7,11
DA:8,11
DA:9,11
DA:10,11
DA:11,11
DA:12,11
DA:14,11
DA:16,11
DA:17,0
DA:21,0
DA:22,0
DA:32,0
DA:43,0
DA:45,0
DA:51,11
DA:52,5
DA:53,5
DA:58,5
DA:59,5
DA:60,5
DA:62,5
DA:63,5
DA:66,5
DA:68,5
DA:71,5
DA:73,5
DA:76,5
DA:77,0
DA:81,9
DA:89,5
DA:98,0
DA:100,5
DA:106,11
DA:107,2
DA:109,2
DA:110,2
DA:111,2
DA:114,2
DA:115,1
DA:119,2
DA:129,2
DA:130,2
DA:132,2
DA:133,2
DA:136,2
DA:138,2
DA:141,2
DA:144,2
DA:152,2
DA:161,0
DA:163,2
DA:169,11
DA:170,4
DA:171,4
DA:173,4
DA:178,4
DA:179,2
DA:180,2
DA:183,2
DA:189,0
DA:191,2
DA:196,2
DA:197,2
DA:200,2
DA:206,0
DA:208,2
DA:214,11
DA:215,4
DA:216,4
DA:218,4
DA:223,4
DA:224,2
DA:225,2
DA:228,2
DA:234,0
DA:236,2
DA:241,2
DA:242,2
DA:245,2
DA:251,0
DA:253,2
DA:259,11
DA:260,2
DA:262,2
DA:270,2
DA:272,1
DA:273,1
DA:274,1
DA:276,1
DA:277,1
DA:280,1
DA:282,1
DA:285,2
DA:287,1
DA:290,1
DA:291,0
DA:295,1
DA:296,2
DA:297,2
DA:308,1
DA:316,0
DA:318,1
DA:324,11
DA:325,4
DA:326,4
DA:328,4
DA:329,4
DA:334,4
DA:337,4
DA:347,0
DA:349,4
DA:355,11
DA:356,4
DA:358,4
DA:362,4
DA:365,3
DA:374,0
DA:376,3
DA:382,11
DA:383,5
DA:384,5
DA:386,5
DA:388,5
DA:389,4
DA:391,2
DA:393,2
DA:398,2
DA:407,0
DA:409,2
DA:415,11
DA:417,7
DA:418,7
DA:419,7
DA:420,7
DA:421,7
DA:422,6
DA:423,4
DA:424,0
DA:428,0
DA:431,4
DA:432,3
DA:434,4
DA:435,1
DA:437,4
DA:438,4
DA:439,4
DA:440,3
DA:441,3
DA:448,3
DA:457,0
DA:459,3
DA:465,11
DA:466,5
DA:467,5
DA:468,5
DA:469,5
DA:470,4
DA:471,3
DA:472,3
DA:473,3
DA:474,3
DA:477,3
DA:486,0
DA:488,3
DA:494,11
DA:495,5
DA:496,5
DA:497,5
DA:502,5
DA:505,4
DA:514,0
DA:516,4
DA:522,11
LF:179
LH:156
BRDA:28,0,0,0
BRDA:28,0,1,0
BRDA:62,1,0,5
BRDA:62,1,1,0
BRDA:92,2,0,5
BRDA:92,2,1,0
BRDA:110,3,0,2
BRDA:110,3,1,0
BRDA:132,4,0,2
BRDA:132,4,1,0
BRDA:178,5,0,2
BRDA:178,5,1,2
BRDA:223,6,0,2
BRDA:223,6,1,2
BRDA:270,7,0,1
BRDA:270,7,1,1
BRDA:270,8,0,2
BRDA:270,8,1,2
BRDA:276,9,0,1
BRDA:276,9,1,0
BRDA:301,10,0,2
BRDA:301,10,1,0
BRDA:362,11,0,1
BRDA:362,11,1,3
BRDA:362,12,0,4
BRDA:362,12,1,4
BRDA:368,13,0,3
BRDA:368,13,1,0
BRDA:388,14,0,1
BRDA:388,14,1,4
BRDA:389,15,0,2
BRDA:389,15,1,2
BRDA:417,16,0,7
BRDA:417,16,1,0
BRDA:421,17,0,1
BRDA:421,17,1,6
BRDA:422,18,0,2
BRDA:422,18,1,4
BRDA:423,19,0,0
BRDA:423,19,1,4
BRDA:431,20,0,3
BRDA:431,20,1,1
BRDA:434,21,0,1
BRDA:434,21,1,3
BRDA:439,22,0,1
BRDA:439,22,1,3
BRDA:440,23,0,0
BRDA:440,23,1,3
BRDA:469,24,0,1
BRDA:469,24,1,4
BRDA:470,25,0,1
BRDA:470,25,1,3
BRDA:495,26,0,0
BRDA:495,26,1,5
BRDA:502,27,0,1
BRDA:502,27,1,4
BRF:56
BRH:43
end_of_record
TN:
SF:src/controllers/food.v2.controller.js
FN:17,(anonymous_0)
FN:43,(anonymous_1)
FN:45,(anonymous_2)
FN:47,(anonymous_3)
FN:50,(anonymous_4)
FN:74,(anonymous_5)
FN:79,(anonymous_6)
FN:98,(anonymous_7)
FN:100,(anonymous_8)
FN:103,(anonymous_9)
FN:127,(anonymous_10)
FN:146,(anonymous_11)
FN:171,(anonymous_12)
FN:196,(anonymous_13)
FN:235,(anonymous_14)
FN:240,(anonymous_15)
FN:245,(anonymous_16)
FN:250,(anonymous_17)
FN:277,(anonymous_18)
FN:293,(anonymous_19)
FN:308,(anonymous_20)
FN:329,(anonymous_21)
FN:366,(anonymous_22)
FN:382,(anonymous_23)
FNF:24
FNH:19
FNDA:10,(anonymous_0)
FNDA:1,(anonymous_1)
FNDA:0,(anonymous_2)
FNDA:1,(anonymous_3)
FNDA:24,(anonymous_4)
FNDA:8,(anonymous_5)
FNDA:8,(anonymous_6)
FNDA:1,(anonymous_7)
FNDA:0,(anonymous_8)
FNDA:18,(anonymous_9)
FNDA:0,(anonymous_10)
FNDA:2,(anonymous_11)
FNDA:2,(anonymous_12)
FNDA:3,(anonymous_13)
FNDA:0,(anonymous_14)
FNDA:4,(anonymous_15)
FNDA:0,(anonymous_16)
FNDA:3,(anonymous_17)
FNDA:2,(anonymous_18)
FNDA:2,(anonymous_19)
FNDA:3,(anonymous_20)
FNDA:7,(anonymous_21)
FNDA:4,(anonymous_22)
FNDA:4,(anonymous_23)
DA:2,11
DA:3,11
DA:4,11
DA:5,11
DA:6,11
DA:7,11
DA:8,11
DA:9,11
DA:10,11
DA:11,11
DA:12,11
DA:13,11
DA:15,11
DA:17,11
DA:18,10
DA:19,10
DA:20,10
DA:23,10
DA:24,1
DA:25,1
DA:28,10
DA:37,10
DA:38,10
DA:39,10
DA:41,10
DA:42,10
DA:43,10
DA:44,10
DA:45,10
DA:46,10
DA:47,10
DA:50,24
DA:57,10
DA:65,10
DA:74,11
DA:75,8
DA:76,8
DA:77,8
DA:78,8
DA:79,8
DA:81,8
DA:82,8
DA:83,8
DA:85,8
DA:94,8
DA:95,8
DA:96,8
DA:97,8
DA:98,8
DA:99,8
DA:100,8
DA:103,18
DA:110,8
DA:118,8
DA:127,11
DA:128,0
DA:132,0
DA:140,0
DA:146,11
DA:147,2
DA:148,2
DA:150,2
DA:155,2
DA:156,1
DA:157,1
DA:158,1
DA:163,1
DA:164,1
DA:165,1
DA:171,11
DA:172,2
DA:173,2
DA:175,2
DA:180,2
DA:181,1
DA:182,1
DA:183,1
DA:188,1
DA:189,1
DA:190,1
DA:196,11
DA:197,3
DA:198,3
DA:200,3
DA:211,3
DA:213,3
DA:214,1
DA:227,2
DA:228,2
DA:229,2
DA:231,2
DA:232,2
DA:235,2
DA:237,2
DA:240,4
DA:242,2
DA:245,2
DA:246,0
DA:250,2
DA:251,3
DA:252,3
DA:262,2
DA:270,2
DA:277,11
DA:278,2
DA:279,2
DA:280,2
DA:281,2
DA:286,2
DA:287,2
DA:293,11
DA:294,2
DA:296,2
DA:300,2
DA:302,1
DA:308,11
DA:309,3
DA:310,3
DA:312,3
DA:314,3
DA:315,2
DA:317,1
DA:319,1
DA:323,1
DA:329,11
DA:331,7
DA:332,7
DA:333,7
DA:334,7
DA:335,7
DA:336,6
DA:337,5
DA:338,0
DA:342,0
DA:345,5
DA:346,3
DA:348,5
DA:349,1
DA:351,5
DA:352,5
DA:353,5
DA:354,4
DA:355,4
DA:360,4
DA:366,11
DA:367,4
DA:368,4
DA:369,4
DA:370,4
DA:371,3
DA:372,2
DA:373,2
DA:374,2
DA:375,2
DA:376,2
DA:382,11
DA:383,4
DA:384,4
DA:385,4
DA:390,4
DA:391,3
DA:397,11
LF:162
LH:156
BRDA:23,0,0,1
BRDA:23,0,1,9
BRDA:41,1,0,10
BRDA:41,1,1,0
BRDA:77,2,0,8
BRDA:77,2,1,0
BRDA:96,3,0,8
BRDA:96,3,1,0
BRDA:138,4,0,0
BRDA:138,4,1,0
BRDA:155,5,0,1
BRDA:155,5,1,1
BRDA:180,6,0,1
BRDA:180,6,1,1
BRDA:213,7,0,1
BRDA:213,7,1,2
BRDA:213,8,0,3
BRDA:213,8,1,3
BRDA:231,9,0,2
BRDA:231,9,1,0
BRDA:256,10,0,3
BRDA:256,10,1,0
BRDA:300,11,0,1
BRDA:300,11,1,1
BRDA:300,12,0,2
BRDA:300,12,1,2
BRDA:314,13,0,1
BRDA:314,13,1,2
BRDA:315,14,0,1
BRDA:315,14,1,1
BRDA:331,15,0,7
BRDA:331,15,1,0
BRDA:335,16,0,1
BRDA:335,16,1,6
BRDA:336,17,0,1
BRDA:336,17,1,5
BRDA:337,18,0,0
BRDA:337,18,1,5
BRDA:345,19,0,3
BRDA:345,19,1,2
BRDA:348,20,0,1
BRDA:348,20,1,4
BRDA:353,21,0,1
BRDA:353,21,1,4
BRDA:354,22,0,0
BRDA:354,22,1,4
BRDA:370,23,0,1
BRDA:370,23,1,3
BRDA:371,24,0,1
BRDA:371,24,1,2
BRDA:383,25,0,0
BRDA:383,25,1,4
BRDA:390,26,0,1
BRDA:390,26,1,3
BRF:54
BRH:43
end_of_record
TN:
SF:src/controllers/order.controller.js
FN:25,(anonymous_0)
FN:90,(anonymous_1)
FN:99,(anonymous_2)
FN:104,(anonymous_3)
FN:121,(anonymous_4)
FN:131,(anonymous_5)
FN:161,(anonymous_6)
FN:165,(anonymous_7)
FN:168,(anonymous_8)
FN:179,(anonymous_9)
FN:195,(anonymous_10)
FN:249,(anonymous_11)
FNF:12
FNH:7
FNDA:4,(anonymous_0)
FNDA:0,(anonymous_1)
FNDA:4,(anonymous_2)
FNDA:2,(anonymous_3)
FNDA:0,(anonymous_4)
FNDA:3,(anonymous_5)
FNDA:3,(anonymous_6)
FNDA:4,(anonymous_7)
FNDA:0,(anonymous_8)
FNDA:0,(anonymous_9)
FNDA:9,(anonymous_10)
FNDA:0,(anonymous_11)
DA:1,11
DA:2,11
DA:3,11
DA:4,11
DA:5,11
DA:6,11
DA:8,11
DA:9,11
DA:10,11
DA:11,11
DA:13,11
DA:16,11
DA:25,11
DA:26,4
DA:27,4
DA:30,4
DA:36,4
DA:50,2
DA:59,2
DA:61,2
DA:65,2
DA:66,2
DA:70,0
DA:77,2
DA:90,0
DA:92,2
DA:99,11
DA:100,4
DA:101,4
DA:104,4
DA:113,4
DA:121,0
DA:123,4
DA:131,11
DA:132,3
DA:137,3
DA:154,3
DA:161,3
DA:164,3
DA:165,4
DA:168,3
DA:171,3
DA:179,0
DA:181,3
DA:195,11
DA:196,9
DA:197,9
DA:198,9
DA:201,9
DA:202,9
DA:205,9
DA:212,5
DA:220,5
DA:222,5
DA:226,5
DA:227,5
DA:231,0
DA:238,5
DA:249,0
DA:251,5
DA:257,11
LF:61
LH:55
BRDA:41,0,0,4
BRDA:41,0,1,4
BRDA:42,1,0,4
BRDA:42,1,1,4
BRDA:65,2,0,2
BRDA:65,2,1,0
BRDA:85,3,0,2
BRDA:85,3,1,0
BRDA:106,4,0,2
BRDA:106,4,1,0
BRDA:107,5,0,2
BRDA:107,5,1,0
BRDA:108,6,0,2
BRDA:108,6,1,0
BRDA:109,7,0,2
BRDA:109,7,1,0
BRDA:226,8,0,5
BRDA:226,8,1,0
BRDA:226,9,0,5
BRDA:226,9,1,5
BRF:20
BRH:13
end_of_record
TN:
SF:src/controllers/payment.controller.js
FN:25,(anonymous_0)
FN:65,(anonymous_1)
FN:91,(anonymous_2)
FN:119,(anonymous_3)
FN:150,(anonymous_4)
FN:175,(anonymous_5)
FN:200,(anonymous_6)
FN:223,(anonymous_7)
FN:249,(anonymous_8)
FNF:9
FNH:0
FNDA:0,(anonymous_0)
FNDA:0,(anonymous_1)
FNDA:0,(anonymous_2)
FNDA:0,(anonymous_3)
FNDA:0,(anonymous_4)
FNDA:0,(anonymous_5)
FNDA:0,(anonymous_6)
FNDA:0,(anonymous_7)
FNDA:0,(anonymous_8)
DA:1,11
DA:2,11
DA:3,11
DA:4,11
DA:5,11
DA:25,11
DA:26,0
DA:27,0
DA:28,0
DA:31,0
DA:51,0
DA:65,0
DA:67,0
DA:71,0
DA:91,11
DA:92,0
DA:93,0
DA:96,0
DA:102,0
DA:105,0
DA:119,0
DA:121,0
DA:125,0
DA:150,11
DA:151,0
DA:154,0
DA:156,0
DA:157,0
DA:160,0
DA:164,0
DA:175,11
DA:176,0
DA:177,0
DA:180,0
DA:188,0
DA:200,0
DA:202,0
DA:206,0
DA:223,11
DA:224,0
DA:227,0
DA:229,0
DA:230,0
DA:234,0
DA:238,0
DA:241,0
DA:249,0
DA:251,0
DA:255,0
DA:261,11
LF:50
LH:11
BRDA:27,0,0,0
BRDA:27,0,1,0
BRDA:28,1,0,0
BRDA:28,1,1,0
BRDA:39,2,0,0
BRDA:39,2,1,0
BRDA:41,3,0,0
BRDA:41,3,1,0
BRDA:41,3,2,0
BRDA:93,4,0,0
BRDA:93,4,1,0
BRDA:131,5,0,0
BRDA:131,5,1,0
BRDA:138,6,0,0
BRDA:138,6,1,0
BRDA:139,7,0,0
BRDA:139,7,1,0
BRDA:156,8,0,0
BRDA:156,8,1,0
BRDA:177,9,0,0
BRDA:177,9,1,0
BRDA:227,10,0,0
BRDA:227,10,1,0
BRDA:229,11,0,0
BRDA:229,11,1,0
BRF:25
BRH:0
end_of_record
TN:
SF:src/controllers/search.controller.js
FN:10,escapeRegex
FN:14,(anonymous_1)
FN:55,(anonymous_2)
FN:62,(anonymous_3)
FN:74,(anonymous_4)
FNF:5
FNH:5
FNDA:8,escapeRegex
FNDA:8,(anonymous_1)
FNDA:6,(anonymous_2)
FNDA:4,(anonymous_3)
FNDA:4,(anonymous_4)
DA:1,11
DA:2,11
DA:3,11
DA:4,11
DA:5,11
DA:6,11
DA:7,11
DA:8,11
DA:11,8
DA:14,11
DA:15,8
DA:16,8
DA:18,8
DA:19,8
DA:20,0
DA:24,8
DA:25,0
DA:28,8
DA:29,8
DA:30,8
DA:31,8
DA:32,6
DA:39,8
DA:40,3
DA:46,8
DA:47,8
DA:49,8
DA:55,11
DA:56,6
DA:57,6
DA:58,6
DA:59,6
DA:62,6
DA:63,4
DA:66,6
DA:69,6
DA:74,4
DA:98,6
DA:99,6
DA:104,6
DA:110,11
LF:41
LH:39
BRDA:16,0,0,0
BRDA:16,0,1,8
BRDA:19,1,0,0
BRDA:19,1,1,8
BRDA:24,2,0,0
BRDA:24,2,1,8
BRDA:31,3,0,6
BRDA:31,3,1,2
BRDA:31,4,0,8
BRDA:31,4,1,4
BRDA:39,5,0,3
BRDA:39,5,1,5
BRDA:39,6,0,8
BRDA:39,6,1,7
BRDA:58,7,0,6
BRDA:58,7,1,0
BRF:16
BRH:12
end_of_record
TN:
SF:src/controllers/user.controller.js
FN:18,(anonymous_0)
FN:24,(anonymous_1)
FN:25,(anonymous_2)
FN:35,(anonymous_3)
FN:36,(anonymous_4)
FN:43,(anonymous_5)
FN:44,(anonymous_6)
FN:61,(anonymous_7)
FN:76,(anonymous_8)
FN:95,(anonymous_9)
FN:103,(anonymous_10)
FN:122,(anonymous_11)
FN:125,(anonymous_12)
FN:130,(anonymous_13)
FN:151,(anonymous_14)
FN:159,(anonymous_15)
FN:193,(anonymous_16)
FNF:17
FNH:12
FNDA:6,(anonymous_0)
FNDA:1,(anonymous_1)
FNDA:1,(anonymous_2)
FNDA:1,(anonymous_3)
FNDA:1,(anonymous_4)
FNDA:1,(anonymous_5)
FNDA:1,(anonymous_6)
FNDA:0,(anonymous_7)
FNDA:4,(anonymous_8)
FNDA:0,(anonymous_9)
FNDA:3,(anonymous_10)
FNDA:0,(anonymous_11)
FNDA:3,(anonymous_12)
FNDA:4,(anonymous_13)
FNDA:0,(anonymous_14)
FNDA:7,(anonymous_15)
FNDA:0,(anonymous_16)
DA:2,11
DA:3,11
DA:4,11
DA:5,11
DA:6,11
DA:7,11
DA:8,11
DA:9,11
DA:10,11
DA:12,11
DA:13,11
DA:14,11
DA:16,11
DA:18,11
DA:19,6
DA:20,6
DA:22,6
DA:23,6
DA:24,1
DA:25,1
DA:31,6
DA:34,6
DA:35,1
DA:36,1
DA:41,6
DA:42,6
DA:43,1
DA:44,1
DA:51,6
DA:61,0
DA:63,6
DA:76,11
DA:77,4
DA:78,4
DA:87,4
DA:95,0
DA:97,4
DA:103,11
DA:104,3
DA:105,3
DA:109,3
DA:110,1
DA:114,2
DA:122,0
DA:124,2
DA:125,3
DA:130,11
DA:131,4
DA:132,4
DA:140,4
DA:143,3
DA:151,0
DA:153,3
DA:159,11
DA:160,7
DA:161,7
DA:162,7
DA:163,7
DA:164,7
DA:165,6
DA:168,5
DA:170,1
DA:171,1
DA:172,1
DA:173,1
DA:174,4
DA:175,4
DA:176,4
DA:181,4
DA:185,5
DA:193,0
DA:195,5
DA:205,11
LF:73
LH:68
BRDA:20,0,0,0
BRDA:20,0,1,6
BRDA:92,1,0,4
BRDA:92,1,1,1
BRDA:98,2,0,4
BRDA:98,2,1,0
BRDA:99,3,0,3
BRDA:99,3,1,1
BRDA:99,4,0,4
BRDA:99,4,1,4
BRDA:109,5,0,1
BRDA:109,5,1,2
BRDA:109,6,0,3
BRDA:109,6,1,3
BRDA:119,7,0,2
BRDA:119,7,1,0
BRDA:140,8,0,1
BRDA:140,8,1,3
BRDA:140,9,0,4
BRDA:140,9,1,4
BRDA:164,10,0,1
BRDA:164,10,1,6
BRDA:165,11,0,1
BRDA:165,11,1,5
BRDA:168,12,0,1
BRDA:168,12,1,4
BRDA:171,13,0,0
BRDA:171,13,1,1
BRDA:174,14,0,4
BRDA:174,14,1,0
BRDA:181,15,0,0
BRDA:181,15,1,4
BRF:32
BRH:26
end_of_record
TN:
SF:src/db/db.js
FN:4,connectDB
FNF:1
FNH:0
FNDA:0,connectDB
DA:1,0
DA:2,0
DA:5,0
DA:6,0
DA:8,0
DA:13,0
DA:14,0
DA:18,0
LF:8
LH:0
BRF:0
BRH:0
end_of_record
TN:
SF:src/middlewares/advancedCors.middleware.js
FN:14,isOriginAllowed
FN:16,(anonymous_1)
FN:27,corsLogger
FN:40,(anonymous_3)
FNF:4
FNH:4
FNDA:295,isOriginAllowed
FNDA:21,(anonymous_1)
FNDA:295,corsLogger
FNDA:295,(anonymous_3)
DA:4,12
DA:5,12
DA:6,12
DA:8,12
DA:15,295
DA:16,17
DA:17,21
DA:19,17
DA:20,0
DA:21,0
DA:23,17
DA:29,295
DA:31,0
DA:40,12
DA:41,295
DA:42,295
DA:43,295
DA:45,295
DA:46,13
DA:47,13
DA:48,13
DA:49,13
DA:50,13
DA:54,295
DA:55,4
DA:56,3
DA:59,1
DA:67,291
DA:69,3
DA:76,288
DA:79,12
LF:31
LH:28
BRDA:15,0,0,278
BRDA:15,0,1,17
BRDA:17,1,0,4
BRDA:17,1,1,17
BRDA:19,2,0,0
BRDA:19,2,1,17
BRDA:29,3,0,0
BRDA:29,3,1,295
BRDA:45,4,0,13
BRDA:45,4,1,282
BRDA:54,5,0,4
BRDA:54,5,1,291
BRDA:55,6,0,3
BRDA:55,6,1,1
BRDA:67,7,0,3
BRDA:67,7,1,288
BRDA:67,8,0,291
BRDA:67,8,1,281
BRF:18
BRH:16
end_of_record
TN:
SF:src/middlewares/auth.middleware.js
FN:23,authFoodPartnerMiddleware
FN:41,authUserMiddleware
FN:57,authAnyMiddleware
FN:106,isOptional
FNF:4
FNH:3
FNDA:60,authFoodPartnerMiddleware
FNDA:172,authUserMiddleware
FNDA:5,authAnyMiddleware
FNDA:0,isOptional
DA:1,11
DA:2,11
DA:3,11
DA:4,11
DA:6,11
DA:24,60
DA:25,60
DA:26,8
DA:28,52
DA:29,52
DA:30,52
DA:31,52
DA:32,46
DA:34,46
DA:35,46
DA:37,0
DA:42,172
DA:43,172
DA:44,31
DA:46,141
DA:47,141
DA:48,139
DA:49,139
DA:50,138
DA:51,138
DA:53,2
DA:58,5
DA:59,5
DA:60,1
DA:62,4
DA:63,4
DA:64,4
DA:67,4
DA:68,1
DA:69,1
DA:70,1
DA:71,1
DA:72,1
DA:75,3
DA:76,3
DA:77,3
DA:78,3
DA:79,3
DA:83,0
DA:84,0
DA:85,0
DA:86,0
DA:87,0
DA:90,0
DA:91,0
DA:92,0
DA:93,0
DA:95,0
DA:97,0
DA:107,0
DA:110,0
DA:111,0
DA:114,0
DA:115,0
DA:118,0
DA:119,0
DA:120,0
DA:121,0
DA:122,0
DA:126,0
DA:127,0
DA:128,0
DA:129,0
DA:133,0
DA:136,0
DA:144,11
DA:150,11
DA:152,11
LF:73
LH:45
BRDA:25,0,0,8
BRDA:25,0,1,52
BRDA:31,1,0,6
BRDA:31,1,1,46
BRDA:43,2,0,31
BRDA:43,2,1,141
BRDA:49,3,0,1
BRDA:49,3,1,138
BRDA:59,4,0,1
BRDA:59,4,1,4
BRDA:67,5,0,1
BRDA:67,5,1,3
BRDA:69,6,0,0
BRDA:69,6,1,1
BRDA:75,7,0,3
BRDA:75,7,1,0
BRDA:77,8,0,0
BRDA:77,8,1,3
BRDA:84,9,0,0
BRDA:84,9,1,0
BRDA:91,10,0,0
BRDA:91,10,1,0
BRDA:110,11,0,0
BRDA:110,11,1,0
BRDA:119,12,0,0
BRDA:119,12,1,0
BRDA:127,13,0,0
BRDA:127,13,1,0
BRF:28
BRH:15
end_of_record
TN:
SF:src/middlewares/cache.middleware.js
FN:14,cacheMiddleware
FN:17,(anonymous_1)
FN:68,(anonymous_2)
FN:77,(anonymous_3)
FN:89,(anonymous_4)
FN:97,(anonymous_5)
FN:117,generateDefaultCacheKey
FN:125,userCacheKey
FN:134,partnerCacheKey
FN:143,publicCacheKey
FN:152,invalidateCache
FN:153,(anonymous_11)
FN:157,(anonymous_12)
FNF:13
FNH:7
FNDA:242,cacheMiddleware
FNDA:84,(anonymous_1)
FNDA:84,(anonymous_2)
FNDA:0,(anonymous_3)
FNDA:84,(anonymous_4)
FNDA:0,(anonymous_5)
FNDA:0,generateDefaultCacheKey
FNDA:0,userCacheKey
FNDA:0,partnerCacheKey
FNDA:0,publicCacheKey
FNDA:286,invalidateCache
FNDA:108,(anonymous_11)
FNDA:108,(anonymous_12)
DA:2,11
DA:3,11
DA:4,11
DA:15,242
DA:17,242
DA:19,84
DA:20,0
DA:25,84
DA:26,84
DA:31,84
DA:32,0
DA:33,0
DA:34,0
DA:38,0
DA:42,0
DA:46,84
DA:47,84
DA:48,84
DA:49,0
DA:50,0
DA:54,0
DA:61,84
DA:63,84
DA:64,84
DA:65,84
DA:68,84
DA:69,84
DA:70,84
DA:73,84
DA:74,84
DA:76,78
DA:77,76
DA:78,0
DA:85,84
DA:89,84
DA:90,84
DA:91,0
DA:94,0
DA:95,0
DA:96,0
DA:97,0
DA:98,0
DA:107,84
DA:110,84
DA:118,0
DA:119,0
DA:126,0
DA:127,0
DA:128,0
DA:135,0
DA:136,0
DA:137,0
DA:144,0
DA:145,0
DA:153,286
DA:155,108
DA:157,108
DA:159,108
DA:160,67
DA:161,227
DA:163,227
DA:164,104
DA:165,104
DA:166,2
DA:167,4
DA:169,102
DA:170,102
DA:173,123
DA:176,0
DA:183,108
DA:186,108
DA:190,11
LF:72
LH:45
BRDA:14,0,0,0
BRDA:14,1,0,0
BRDA:14,2,0,231
BRDA:15,3,0,231
BRDA:15,4,0,242
BRDA:19,5,0,0
BRDA:19,5,1,84
BRDA:26,6,0,84
BRDA:26,6,1,0
BRDA:31,7,0,0
BRDA:31,7,1,84
BRDA:48,8,0,0
BRDA:48,8,1,84
BRDA:69,9,0,84
BRDA:69,9,1,0
BRDA:73,10,0,84
BRDA:73,10,1,0
BRDA:74,11,0,78
BRDA:74,11,1,6
BRDA:76,12,0,76
BRDA:76,12,1,2
BRDA:76,13,0,78
BRDA:76,13,1,8
BRDA:90,14,0,0
BRDA:90,14,1,84
BRDA:90,15,0,84
BRDA:90,15,1,0
BRDA:95,16,0,0
BRDA:95,16,1,0
BRDA:96,17,0,0
BRDA:96,17,1,0
BRDA:96,18,0,0
BRDA:96,18,1,0
BRDA:118,19,0,0
BRDA:118,19,1,0
BRDA:126,20,0,0
BRDA:126,20,1,0
BRDA:126,20,2,0
BRDA:127,21,0,0
BRDA:127,21,1,0
BRDA:135,22,0,0
BRDA:135,22,1,0
BRDA:135,22,2,0
BRDA:136,23,0,0
BRDA:136,23,1,0
BRDA:144,24,0,0
BRDA:144,24,1,0
BRDA:159,25,0,67
BRDA:159,25,1,41
BRDA:159,26,0,108
BRDA:159,26,1,108
BRDA:163,27,0,104
BRDA:163,27,1,123
BRDA:165,28,0,2
BRDA:165,28,1,102
BRDA:169,29,0,102
BRDA:169,29,1,0
BRDA:178,30,0,0
BRDA:178,30,1,0
BRF:59
BRH:26
end_of_record
TN:
SF:src/middlewares/csrf.middleware.js
FN:5,(anonymous_0)
FNF:1
FNH:1
FNDA:213,(anonymous_0)
DA:1,11
DA:4,11
DA:5,213
DA:14,11
LF:4
LH:4
BRDA:4,0,0,11
BRDA:4,0,1,0
BRDA:9,1,0,0
BRDA:9,1,1,0
BRF:4
BRH:1
end_of_record
TN:
SF:src/middlewares/error.middleware.js
FN:5,(anonymous_0)
FNF:1
FNH:1
FNDA:100,(anonymous_0)
DA:2,11
DA:3,11
DA:5,11
DA:6,100
DA:7,100
DA:8,100
DA:9,100
DA:11,100
DA:14,100
DA:16,61
DA:25,39
DA:34,100
LF:12
LH:12
BRDA:6,0,0,100
BRDA:6,0,1,0
BRDA:7,1,0,100
BRDA:7,1,1,0
BRDA:9,2,0,2
BRDA:9,2,1,98
BRDA:11,3,0,0
BRDA:11,3,1,100
BRDA:11,4,0,100
BRDA:11,4,1,100
BRDA:11,4,2,100
BRDA:14,5,0,61
BRDA:14,5,1,39
BRDA:14,6,0,100
BRDA:14,6,1,49
BRF:15
BRH:12
end_of_record
TN:
SF:src/middlewares/fileUpload.middleware.js
FN:11,(anonymous_0)
FN:20,validateFileSignature
FNF:2
FNH:2
FNDA:2,(anonymous_0)
FNDA:25,validateFileSignature
DA:1,11
DA:2,11
DA:4,11
DA:6,11
DA:8,11
DA:12,2
DA:13,0
DA:15,2
DA:21,25
DA:22,2
DA:23,2
DA:24,2
DA:25,2
DA:27,0
DA:29,0
DA:33,11
LF:16
LH:13
BRDA:12,0,0,0
BRDA:12,0,1,2
BRDA:21,1,0,23
BRDA:21,1,1,2
BRDA:24,2,0,2
BRDA:24,2,1,0
BRDA:24,3,0,2
BRDA:24,3,1,0
BRF:8
BRH:5
end_of_record
TN:
SF:src/middlewares/httpLogger.middleware.js
FN:12,(anonymous_0)
FN:17,(anonymous_1)
FN:37,(anonymous_2)
FN:57,(anonymous_3)
FN:62,(anonymous_4)
FNF:5
FNH:0
FNDA:0,(anonymous_0)
FNDA:0,(anonymous_1)
FNDA:0,(anonymous_2)
FNDA:0,(anonymous_3)
FNDA:0,(anonymous_4)
DA:6,0
DA:7,0
DA:12,0
DA:17,0
DA:24,0
DA:30,0
DA:36,0
DA:39,0
DA:42,0
DA:43,0
DA:46,0
DA:47,0
DA:48,0
DA:50,0
DA:57,0
DA:58,0
DA:60,0
DA:64,0
DA:69,0
LF:19
LH:0
BRDA:12,0,0,0
BRDA:12,0,1,0
BRDA:17,1,0,0
BRDA:17,1,1,0
BRDA:43,2,0,0
BRDA:43,2,1,0
BRDA:47,3,0,0
BRDA:47,3,1,0
BRDA:48,4,0,0
BRDA:48,4,1,0
BRDA:58,5,0,0
BRDA:58,5,1,0
BRDA:64,6,0,0
BRDA:64,6,1,0
BRF:14
BRH:0
end_of_record
TN:
SF:src/middlewares/queryValidation.middleware.js
FN:5,(anonymous_0)
FN:8,(anonymous_1)
FNF:2
FNH:2
FNDA:28,(anonymous_0)
FNDA:8,(anonymous_1)
DA:2,12
DA:3,12
DA:5,12
DA:6,28
DA:7,28
DA:8,8
DA:10,23
LF:7
LH:7
BRDA:7,0,0,5
BRDA:7,0,1,23
BRF:2
BRH:2
end_of_record
TN:
SF:src/middlewares/rateLimiter.middleware.js
FN:19,(anonymous_0)
FN:42,(anonymous_1)
FN:53,(anonymous_2)
FN:65,(anonymous_3)
FN:86,(anonymous_4)
FN:97,(anonymous_5)
FN:104,(anonymous_6)
FN:125,(anonymous_7)
FN:133,(anonymous_8)
FN:136,(anonymous_9)
FN:143,(anonymous_10)
FN:147,(anonymous_11)
FN:170,(anonymous_12)
FN:181,(anonymous_13)
FN:192,(anonymous_14)
FN:197,(anonymous_15)
FN:213,(anonymous_16)
FN:223,(anonymous_17)
FN:235,(anonymous_18)
FN:240,(anonymous_19)
FN:256,(anonymous_20)
FNF:21
FNH:6
FNDA:0,(anonymous_0)
FNDA:0,(anonymous_1)
FNDA:25,(anonymous_2)
FNDA:0,(anonymous_3)
FNDA:0,(anonymous_4)
FNDA:7,(anonymous_5)
FNDA:0,(anonymous_6)
FNDA:0,(anonymous_7)
FNDA:76,(anonymous_8)
FNDA:220,(anonymous_9)
FNDA:220,(anonymous_10)
FNDA:1,(anonymous_11)
FNDA:0,(anonymous_12)
FNDA:0,(anonymous_13)
FNDA:0,(anonymous_14)
FNDA:0,(anonymous_15)
FNDA:0,(anonymous_16)
FNDA:0,(anonymous_17)
FNDA:0,(anonymous_18)
FNDA:0,(anonymous_19)
FNDA:0,(anonymous_20)
DA:2,13
DA:3,13
DA:4,13
DA:5,13
DA:6,13
DA:9,13
DA:12,13
DA:21,0
DA:27,0
DA:33,0
DA:40,13
DA:41,0
DA:42,0
DA:47,13
DA:51,13
DA:55,25
DA:56,25
DA:57,0
DA:59,25
DA:66,0
DA:72,0
DA:78,0
DA:84,13
DA:85,0
DA:86,0
DA:91,13
DA:94,13
DA:98,7
DA:99,1
DA:105,0
DA:111,0
DA:117,0
DA:123,13
DA:124,0
DA:125,0
DA:130,13
DA:133,13
DA:134,76
DA:138,220
DA:139,1
DA:141,219
DA:143,220
DA:148,1
DA:155,1
DA:162,1
DA:168,76
DA:169,0
DA:170,0
DA:175,76
DA:179,13
DA:183,0
DA:184,0
DA:185,0
DA:187,0
DA:194,0
DA:195,0
DA:198,0
DA:204,0
DA:211,13
DA:212,0
DA:213,0
DA:218,13
DA:221,13
DA:225,0
DA:226,0
DA:227,0
DA:230,0
DA:237,0
DA:238,0
DA:241,0
DA:247,0
DA:254,13
DA:255,0
DA:256,0
DA:261,13
DA:263,13
LF:76
LH:38
BRDA:9,0,0,0
BRDA:9,0,1,13
BRDA:14,1,0,0
BRDA:14,1,1,13
BRDA:24,2,0,0
BRDA:24,2,1,0
BRDA:30,3,0,0
BRDA:30,3,1,0
BRDA:40,4,0,0
BRDA:40,4,1,13
BRDA:55,5,0,25
BRDA:55,5,1,25
BRDA:55,5,2,25
BRDA:56,6,0,0
BRDA:56,6,1,25
BRDA:56,7,0,25
BRDA:56,7,1,0
BRDA:69,8,0,0
BRDA:69,8,1,0
BRDA:75,9,0,0
BRDA:75,9,1,0
BRDA:84,10,0,0
BRDA:84,10,1,13
BRDA:98,11,0,6
BRDA:98,11,1,1
BRDA:108,12,0,0
BRDA:108,12,1,0
BRDA:114,13,0,0
BRDA:114,13,1,0
BRDA:123,14,0,0
BRDA:123,14,1,13
BRDA:133,15,0,71
BRDA:135,16,0,76
BRDA:135,16,1,75
BRDA:138,17,0,1
BRDA:138,17,1,219
BRDA:141,18,0,219
BRDA:141,18,1,216
BRDA:141,19,0,0
BRDA:141,19,1,216
BRDA:143,20,0,4
BRDA:143,20,1,216
BRDA:151,21,0,1
BRDA:151,21,1,0
BRDA:152,22,0,1
BRDA:152,22,1,1
BRDA:158,23,0,1
BRDA:158,23,1,0
BRDA:159,24,0,1
BRDA:159,24,1,1
BRDA:168,25,0,0
BRDA:168,25,1,76
BRDA:183,26,0,0
BRDA:183,26,1,0
BRDA:183,26,2,0
BRDA:184,27,0,0
BRDA:184,27,1,0
BRDA:184,28,0,0
BRDA:184,28,1,0
BRDA:194,29,0,0
BRDA:194,29,1,0
BRDA:201,30,0,0
BRDA:201,30,1,0
BRDA:211,31,0,0
BRDA:211,31,1,13
BRDA:225,32,0,0
BRDA:225,32,1,0
BRDA:225,32,2,0
BRDA:226,33,0,0
BRDA:226,33,1,0
BRDA:226,34,0,0
BRDA:226,34,1,0
BRDA:237,35,0,0
BRDA:237,35,1,0
BRDA:244,36,0,0
BRDA:244,36,1,0
BRDA:254,37,0,0
BRDA:254,37,1,13
BRF:78
BRH:31
end_of_record
TN:
SF:src/middlewares/requestId.middleware.js
FN:24,(anonymous_0)
FN:57,(anonymous_1)
FNF:2
FNH:2
FNDA:279,(anonymous_0)
FNDA:279,(anonymous_1)
DA:7,11
DA:8,11
DA:24,11
DA:26,279
DA:27,279
DA:30,279
DA:33,279
DA:37,279
DA:45,279
DA:54,279
DA:55,279
DA:57,279
DA:58,279
DA:59,279
DA:62,279
DA:63,279
DA:70,279
DA:73,279
DA:76,11
LF:19
LH:19
BRDA:27,0,0,279
BRDA:27,0,1,279
BRDA:40,1,0,279
BRDA:40,1,1,0
BRDA:41,2,0,279
BRDA:41,2,1,0
BRDA:45,3,0,279
BRDA:45,3,1,0
BRDA:62,4,0,0
BRDA:62,4,1,279
BRDA:62,5,0,120
BRDA:62,5,1,159
BRDA:63,6,0,279
BRDA:63,6,1,0
BRF:14
BRH:9
end_of_record
TN:
SF:src/middlewares/validate.middleware.js
FN:4,(anonymous_0)
FN:4,(anonymous_1)
FNF:2
FNH:2
FNDA:770,(anonymous_0)
FNDA:225,(anonymous_1)
DA:4,770
DA:5,225
DA:6,225
DA:7,225
DA:8,644
DA:10,593
DA:13,208
DA:15,17
DA:22,11
LF:9
LH:9
BRDA:8,0,0,593
BRDA:8,0,1,51
BRDA:17,1,0,17
BRDA:17,1,1,0
BRF:4
BRH:3
end_of_record
TN:
SF:src/models/analytics.model.js
FN:38,(anonymous_0)
FN:41,(anonymous_1)
FN:305,(anonymous_2)
FN:312,(anonymous_3)
FN:319,(anonymous_4)
FN:329,(anonymous_5)
FN:336,(anonymous_6)
FN:343,(anonymous_7)
FN:364,(anonymous_8)
FN:376,(anonymous_9)
FN:385,(anonymous_10)
FN:395,(anonymous_11)
FN:417,(anonymous_12)
FN:434,(anonymous_13)
FN:444,(anonymous_14)
FN:456,(anonymous_15)
FN:466,(anonymous_16)
FNF:17
FNH:3
FNDA:48,(anonymous_0)
FNDA:0,(anonymous_1)
FNDA:0,(anonymous_2)
FNDA:0,(anonymous_3)
FNDA:0,(anonymous_4)
FNDA:0,(anonymous_5)
FNDA:0,(anonymous_6)
FNDA:0,(anonymous_7)
FNDA:0,(anonymous_8)
FNDA:0,(anonymous_9)
FNDA:0,(anonymous_10)
FNDA:0,(anonymous_11)
FNDA:0,(anonymous_12)
FNDA:0,(anonymous_13)
FNDA:0,(anonymous_14)
FNDA:48,(anonymous_15)
FNDA:48,(anonymous_16)
DA:6,11
DA:11,11
DA:22,11
DA:39,48
DA:41,0
DA:262,11
DA:265,11
DA:268,11
DA:271,11
DA:274,11
DA:277,11
DA:280,11
DA:286,11
DA:287,11
DA:298,11
DA:305,11
DA:306,0
DA:312,11
DA:313,0
DA:319,11
DA:320,0
DA:321,0
DA:329,11
DA:330,0
DA:336,11
DA:337,0
DA:343,11
DA:344,0
DA:347,0
DA:348,0
DA:349,0
DA:352,0
DA:353,0
DA:356,0
DA:364,11
DA:365,0
DA:376,11
DA:377,0
DA:385,11
DA:386,0
DA:395,11
DA:396,0
DA:417,11
DA:418,0
DA:420,0
DA:421,0
DA:425,0
DA:428,0
DA:434,11
DA:435,0
DA:444,11
DA:445,0
DA:456,11
DA:457,48
DA:458,0
DA:460,48
DA:466,11
DA:467,48
DA:468,0
DA:470,48
DA:475,11
DA:477,11
LF:62
LH:35
BRDA:286,0,0,11
BRDA:286,0,1,11
BRDA:306,1,0,0
BRDA:306,1,1,0
BRDA:313,2,0,0
BRDA:313,2,1,0
BRDA:320,3,0,0
BRDA:320,3,1,0
BRDA:347,4,0,0
BRDA:347,4,1,0
BRDA:352,5,0,0
BRDA:352,5,1,0
BRDA:385,6,0,0
BRDA:457,7,0,0
BRDA:457,7,1,48
BRDA:457,8,0,48
BRDA:457,8,1,0
BRDA:467,9,0,0
BRDA:467,9,1,48
BRF:19
BRH:5
end_of_record
TN:
SF:src/models/cart.model.js
FN:76,(anonymous_0)
FN:154,(anonymous_1)
FN:159,(anonymous_2)
FN:170,(anonymous_3)
FN:171,(anonymous_4)
FN:172,(anonymous_5)
FN:179,(anonymous_6)
FN:180,(anonymous_7)
FN:212,(anonymous_8)
FN:214,(anonymous_9)
FN:240,(anonymous_10)
FN:241,(anonymous_11)
FN:253,(anonymous_12)
FN:265,(anonymous_13)
FN:275,(anonymous_14)
FN:276,(anonymous_15)
FN:284,(anonymous_16)
FN:310,(anonymous_17)
FN:315,(anonymous_18)
FN:334,(anonymous_19)
FN:343,(anonymous_20)
FN:352,(anonymous_21)
FN:400,(anonymous_22)
FN:426,(anonymous_23)
FN:446,(anonymous_24)
FNF:25
FNH:0
FNDA:0,(anonymous_0)
FNDA:0,(anonymous_1)
FNDA:0,(anonymous_2)
FNDA:0,(anonymous_3)
FNDA:0,(anonymous_4)
FNDA:0,(anonymous_5)
FNDA:0,(anonymous_6)
FNDA:0,(anonymous_7)
FNDA:0,(anonymous_8)
FNDA:0,(anonymous_9)
FNDA:0,(anonymous_10)
FNDA:0,(anonymous_11)
FNDA:0,(anonymous_12)
FNDA:0,(anonymous_13)
FNDA:0,(anonymous_14)
FNDA:0,(anonymous_15)
FNDA:0,(anonymous_16)
FNDA:0,(anonymous_17)
FNDA:0,(anonymous_18)
FNDA:0,(anonymous_19)
FNDA:0,(anonymous_20)
FNDA:0,(anonymous_21)
FNDA:0,(anonymous_22)
FNDA:0,(anonymous_23)
FNDA:0,(anonymous_24)
DA:1,11
DA:12,11
DA:41,11
DA:77,0
DA:138,11
DA:141,11
DA:144,11
DA:147,11
DA:154,11
DA:155,0
DA:159,11
DA:160,0
DA:170,11
DA:171,0
DA:172,0
DA:173,0
DA:179,11
DA:180,0
DA:182,0
DA:183,0
DA:184,0
DA:187,0
DA:189,0
DA:190,0
DA:193,0
DA:202,0
DA:203,0
DA:204,0
DA:206,0
DA:212,11
DA:214,0
DA:215,0
DA:216,0
DA:219,0
DA:220,0
DA:223,0
DA:225,0
DA:227,0
DA:228,0
DA:229,0
DA:230,0
DA:231,0
DA:234,0
DA:240,11
DA:241,0
DA:242,0
DA:243,0
DA:245,0
DA:246,0
DA:247,0
DA:253,11
DA:254,0
DA:255,0
DA:256,0
DA:257,0
DA:259,0
DA:265,11
DA:266,0
DA:267,0
DA:269,0
DA:275,11
DA:276,0
DA:277,0
DA:278,0
DA:280,0
DA:281,0
DA:283,0
DA:284,0
DA:286,0
DA:287,0
DA:288,0
DA:295,0
DA:296,0
DA:300,0
DA:301,0
DA:304,0
DA:310,11
DA:311,0
DA:315,0
DA:334,11
DA:335,0
DA:343,11
DA:344,0
DA:352,11
DA:353,0
DA:355,0
DA:356,0
DA:359,0
DA:361,0
DA:363,0
DA:364,0
DA:365,0
DA:366,0
DA:367,0
DA:368,0
DA:372,0
DA:373,0
DA:374,0
DA:381,0
DA:384,0
DA:385,0
DA:387,0
DA:391,0
DA:392,0
DA:394,0
DA:400,11
DA:401,0
DA:403,0
DA:416,0
DA:426,11
DA:428,0
DA:429,0
DA:433,0
DA:436,0
DA:437,0
DA:440,0
DA:446,11
DA:447,0
DA:448,0
DA:451,11
DA:453,11
LF:121
LH:25
BRDA:77,0,0,0
BRDA:77,0,1,0
BRDA:182,1,0,0
BRDA:182,1,1,0
BRDA:187,2,0,0
BRDA:187,2,1,0
BRDA:215,3,0,0
BRDA:215,3,1,0
BRDA:215,4,0,0
BRDA:215,4,1,0
BRDA:219,5,0,0
BRDA:219,5,1,0
BRDA:223,6,0,0
BRDA:223,6,1,0
BRDA:242,7,0,0
BRDA:242,7,1,0
BRDA:242,8,0,0
BRDA:242,8,1,0
BRDA:266,9,0,0
BRDA:266,9,1,0
BRDA:286,10,0,0
BRDA:286,10,1,0
BRDA:286,11,0,0
BRDA:286,11,1,0
BRDA:300,12,0,0
BRDA:300,12,1,0
BRDA:355,13,0,0
BRDA:355,13,1,0
BRDA:361,14,0,0
BRDA:361,14,1,0
BRDA:372,15,0,0
BRDA:372,15,1,0
BRDA:428,16,0,0
BRDA:428,16,1,0
BRDA:428,17,0,0
BRDA:428,17,1,0
BRDA:436,18,0,0
BRDA:436,18,1,0
BRF:38
BRH:0
end_of_record
TN:
SF:src/models/comment.model.js
FNF:0
FNH:0
DA:1,11
DA:4,11
DA:25,11
DA:26,11
LF:4
LH:4
BRF:0
BRH:0
end_of_record
TN:
SF:src/models/follow.model.js
FNF:0
FNH:0
DA:1,11
DA:4,11
DA:19,11
DA:20,11
LF:4
LH:4
BRF:0
BRH:0
end_of_record
TN:
SF:src/models/food.model.js
FN:53,(anonymous_0)
FNF:1
FNH:1
FNDA:498,(anonymous_0)
DA:1,23
DA:3,23
DA:53,498
DA:60,23
DA:62,23
DA:64,23
LF:6
LH:6
BRF:0
BRH:0
end_of_record
TN:
SF:src/models/foodpartner.model.js
FN:69,(anonymous_0)
FN:88,(anonymous_1)
FNF:2
FNH:2
FNDA:357,(anonymous_0)
FNDA:4,(anonymous_1)
DA:2,23
DA:4,23
DA:6,23
DA:69,23
DA:70,357
DA:71,353
DA:72,353
DA:73,353
DA:74,353
DA:75,353
DA:81,353
DA:83,0
DA:88,23
DA:89,4
DA:92,23
DA:94,23
LF:16
LH:15
BRDA:70,0,0,4
BRDA:70,0,1,353
BRDA:72,1,0,353
BRDA:72,1,1,0
BRDA:73,2,0,353
BRDA:73,2,1,0
BRDA:74,3,0,353
BRDA:74,3,1,0
BRF:8
BRH:5
end_of_record
TN:
SF:src/models/likes.model.js
FNF:0
FNH:0
DA:1,11
DA:4,11
DA:19,11
DA:20,11
LF:4
LH:4
BRF:0
BRH:0
end_of_record
TN:
SF:src/models/order.model.js
FN:30,(anonymous_0)
FN:38,(anonymous_1)
FN:45,(anonymous_2)
FN:87,(anonymous_3)
FN:231,(anonymous_4)
FN:245,(anonymous_5)
FN:253,(anonymous_6)
FN:269,(anonymous_7)
FN:288,(anonymous_8)
FN:295,(anonymous_9)
FN:306,(anonymous_10)
FN:324,(anonymous_11)
FN:334,(anonymous_12)
FNF:13
FNH:6
FNDA:59,(anonymous_0)
FNDA:59,(anonymous_1)
FNDA:59,(anonymous_2)
FNDA:59,(anonymous_3)
FNDA:0,(anonymous_4)
FNDA:0,(anonymous_5)
FNDA:0,(anonymous_6)
FNDA:0,(anonymous_7)
FNDA:0,(anonymous_8)
FNDA:0,(anonymous_9)
FNDA:0,(anonymous_10)
FNDA:49,(anonymous_11)
FNDA:49,(anonymous_12)
DA:1,23
DA:3,23
DA:31,59
DA:39,59
DA:46,59
DA:88,59
DA:225,23
DA:226,23
DA:227,23
DA:228,23
DA:231,23
DA:233,0
DA:234,0
DA:237,0
DA:245,23
DA:246,0
DA:247,0
DA:253,23
DA:254,0
DA:263,0
DA:269,23
DA:270,0
DA:271,0
DA:274,0
DA:288,23
DA:289,0
DA:295,23
DA:296,0
DA:306,23
DA:307,0
DA:324,23
DA:325,49
DA:326,0
DA:328,49
DA:334,23
DA:335,49
DA:336,9
DA:337,9
DA:339,4
DA:341,0
DA:345,49
DA:348,23
DA:350,23
LF:43
LH:28
BRDA:31,0,0,59
BRDA:31,0,1,59
BRDA:39,1,0,59
BRDA:39,1,1,59
BRDA:46,2,0,59
BRDA:46,2,1,59
BRDA:88,3,0,59
BRDA:88,3,1,59
BRDA:233,4,0,0
BRDA:233,4,1,0
BRDA:237,5,0,0
BRDA:237,5,1,0
BRDA:263,6,0,0
BRDA:263,6,1,0
BRDA:269,7,0,0
BRDA:269,8,0,0
BRDA:270,9,0,0
BRDA:270,9,1,0
BRDA:295,10,0,0
BRDA:325,11,0,0
BRDA:325,11,1,49
BRDA:325,12,0,49
BRDA:325,12,1,49
BRDA:325,12,2,0
BRDA:335,13,0,9
BRDA:335,13,1,40
BRDA:335,14,0,49
BRDA:335,14,1,9
BRDA:337,15,0,4
BRDA:337,15,1,5
BRDA:339,16,0,0
BRDA:339,16,1,4
BRDA:339,17,0,4
BRDA:339,17,1,4
BRDA:339,17,2,0
BRF:35
BRH:20
end_of_record
TN:
SF:src/models/payment.model.js
FN:54,(anonymous_0)
FN:249,(anonymous_1)
FN:253,(anonymous_2)
FN:257,(anonymous_3)
FN:261,(anonymous_4)
FN:265,(anonymous_5)
FN:274,(anonymous_6)
FN:283,(anonymous_7)
FN:303,(anonymous_8)
FN:318,(anonymous_9)
FN:329,(anonymous_10)
FN:357,(anonymous_11)
FN:358,(anonymous_12)
FN:374,(anonymous_13)
FN:382,(anonymous_14)
FN:389,(anonymous_15)
FN:396,(anonymous_16)
FN:415,(anonymous_17)
FN:426,(anonymous_18)
FN:439,(anonymous_19)
FN:463,(anonymous_20)
FN:480,(anonymous_21)
FNF:22
FNH:1
FNDA:0,(anonymous_0)
FNDA:0,(anonymous_1)
FNDA:0,(anonymous_2)
FNDA:0,(anonymous_3)
FNDA:0,(anonymous_4)
FNDA:0,(anonymous_5)
FNDA:0,(anonymous_6)
FNDA:0,(anonymous_7)
FNDA:0,(anonymous_8)
FNDA:0,(anonymous_9)
FNDA:0,(anonymous_10)
FNDA:0,(anonymous_11)
FNDA:0,(anonymous_12)
FNDA:0,(anonymous_13)
FNDA:0,(anonymous_14)
FNDA:0,(anonymous_15)
FNDA:0,(anonymous_16)
FNDA:0,(anonymous_17)
FNDA:0,(anonymous_18)
FNDA:0,(anonymous_19)
FNDA:0,(anonymous_20)
FNDA:11,(anonymous_21)
DA:1,11
DA:2,11
DA:19,11
DA:48,11
DA:54,0
DA:241,11
DA:242,11
DA:243,11
DA:244,11
DA:245,11
DA:249,11
DA:250,0
DA:253,11
DA:254,0
DA:257,11
DA:258,0
DA:261,11
DA:262,0
DA:265,11
DA:266,0
DA:274,11
DA:275,0
DA:276,0
DA:277,0
DA:283,11
DA:284,0
DA:286,0
DA:287,0
DA:290,0
DA:291,0
DA:294,0
DA:295,0
DA:297,0
DA:303,11
DA:304,0
DA:305,0
DA:308,0
DA:309,0
DA:312,0
DA:318,11
DA:319,0
DA:320,0
DA:321,0
DA:323,0
DA:329,11
DA:330,0
DA:331,0
DA:334,0
DA:336,0
DA:344,0
DA:345,0
DA:347,0
DA:348,0
DA:351,0
DA:357,11
DA:358,0
DA:360,0
DA:361,0
DA:364,0
DA:365,0
DA:366,0
DA:368,0
DA:374,11
DA:375,0
DA:376,0
DA:382,11
DA:383,0
DA:389,11
DA:390,0
DA:396,11
DA:397,0
DA:398,0
DA:399,0
DA:400,0
DA:415,11
DA:416,0
DA:426,11
DA:427,0
DA:439,11
DA:440,0
DA:455,0
DA:463,11
DA:464,0
DA:465,0
DA:468,0
DA:469,0
DA:472,0
DA:473,0
DA:476,11
DA:480,11
DA:484,11
LF:91
LH:31
BRDA:262,0,0,0
BRDA:262,0,1,0
BRDA:275,1,0,0
BRDA:275,1,1,0
BRDA:275,2,0,0
BRDA:275,2,1,0
BRDA:276,3,0,0
BRDA:276,3,1,0
BRDA:283,4,0,0
BRDA:283,5,0,0
BRDA:286,6,0,0
BRDA:286,6,1,0
BRDA:286,7,0,0
BRDA:286,7,1,0
BRDA:290,8,0,0
BRDA:290,8,1,0
BRDA:290,9,0,0
BRDA:290,9,1,0
BRDA:294,10,0,0
BRDA:294,10,1,0
BRDA:295,11,0,0
BRDA:295,11,1,0
BRDA:303,12,0,0
BRDA:308,13,0,0
BRDA:308,13,1,0
BRDA:319,14,0,0
BRDA:319,14,1,0
BRDA:329,15,0,0
BRDA:330,16,0,0
BRDA:330,16,1,0
BRDA:347,17,0,0
BRDA:347,17,1,0
BRDA:360,18,0,0
BRDA:360,18,1,0
BRDA:375,19,0,0
BRDA:375,19,1,0
BRDA:383,20,0,0
BRDA:383,20,1,0
BRDA:390,21,0,0
BRDA:390,21,1,0
BRDA:402,22,0,0
BRDA:402,22,1,0
BRDA:464,23,0,0
BRDA:464,23,1,0
BRDA:464,24,0,0
BRDA:464,24,1,0
BRDA:468,25,0,0
BRDA:468,25,1,0
BRF:48
BRH:0
end_of_record
TN:
SF:src/models/save.model.js
FNF:0
FNH:0
DA:1,11
DA:4,11
DA:20,11
DA:22,11
LF:4
LH:4
BRF:0
BRH:0
end_of_record
TN:
SF:src/models/session.model.js
FNF:0
FNH:0
DA:1,23
DA:3,23
DA:13,23
LF:3
LH:3
BRF:0
BRH:0
end_of_record
TN:
SF:src/models/user.model.js
FN:43,(anonymous_0)
FN:62,(anonymous_1)
FNF:2
FNH:2
FNDA:288,(anonymous_0)
FNDA:10,(anonymous_1)
DA:2,23
DA:4,23
DA:8,23
DA:43,23
DA:44,288
DA:45,286
DA:46,286
DA:47,286
DA:48,286
DA:49,286
DA:55,286
DA:57,0
DA:62,23
DA:63,10
DA:66,23
DA:68,23
LF:16
LH:15
BRDA:44,0,0,2
BRDA:44,0,1,286
BRDA:46,1,0,286
BRDA:46,1,1,0
BRDA:47,2,0,286
BRDA:47,2,1,0
BRDA:48,3,0,286
BRDA:48,3,1,0
BRF:8
BRH:5
end_of_record
TN:
SF:src/queue/config.js
FN:32,(anonymous_0)
FN:46,(anonymous_1)
FN:50,(anonymous_2)
FN:236,(anonymous_3)
FN:238,(anonymous_4)
FN:245,(anonymous_5)
FN:256,(anonymous_6)
FN:265,(anonymous_7)
FN:272,(anonymous_8)
FNF:9
FNH:0
FNDA:0,(anonymous_0)
FNDA:0,(anonymous_1)
FNDA:0,(anonymous_2)
FNDA:0,(anonymous_3)
FNDA:0,(anonymous_4)
FNDA:0,(anonymous_5)
FNDA:0,(anonymous_6)
FNDA:0,(anonymous_7)
FNDA:0,(anonymous_8)
DA:15,11
DA:16,11
DA:22,11
DA:25,11
DA:26,0
DA:33,0
DA:34,0
DA:46,0
DA:47,0
DA:50,0
DA:51,0
DA:58,11
DA:89,11
DA:116,11
DA:127,11
DA:184,11
DA:214,11
DA:236,11
DA:239,0
DA:246,0
DA:257,0
DA:266,0
DA:273,0
DA:281,11
LF:24
LH:12
BRDA:25,0,0,0
BRDA:25,0,1,11
BRDA:26,1,0,0
BRDA:26,1,1,0
BRDA:27,2,0,0
BRDA:27,2,1,0
BRDA:28,3,0,0
BRDA:28,3,1,0
BRDA:29,4,0,0
BRDA:29,4,1,0
BRDA:39,5,0,0
BRDA:39,5,1,0
BRDA:59,6,0,11
BRDA:59,6,1,11
BRDA:90,7,0,11
BRDA:90,7,1,11
BRF:16
BRH:5
end_of_record
TN:
SF:src/queue/index.js
FN:17,(anonymous_0)
FN:18,(anonymous_1)
FN:19,(anonymous_2)
FN:57,(anonymous_3)
FN:71,(anonymous_4)
FN:85,(anonymous_5)
FN:108,(anonymous_6)
FN:125,(anonymous_7)
FN:157,(anonymous_8)
FN:159,(anonymous_9)
FN:166,(anonymous_10)
FN:168,(anonymous_11)
FN:176,(anonymous_12)
FN:179,(anonymous_13)
FN:190,(anonymous_14)
FN:204,(anonymous_15)
FN:211,(anonymous_16)
FN:224,(anonymous_17)
FNF:18
FNH:1
FNDA:36,(anonymous_0)
FNDA:0,(anonymous_1)
FNDA:0,(anonymous_2)
FNDA:0,(anonymous_3)
FNDA:0,(anonymous_4)
FNDA:0,(anonymous_5)
FNDA:0,(anonymous_6)
FNDA:0,(anonymous_7)
FNDA:0,(anonymous_8)
FNDA:0,(anonymous_9)
FNDA:0,(anonymous_10)
FNDA:0,(anonymous_11)
FNDA:0,(anonymous_12)
FNDA:0,(anonymous_13)
FNDA:0,(anonymous_14)
FNDA:0,(anonymous_15)
FNDA:0,(anonymous_16)
FNDA:0,(anonymous_17)
DA:12,11
DA:13,11
DA:16,11
DA:17,36
DA:18,11
DA:19,11
DA:21,11
DA:31,0
DA:36,0
DA:37,0
DA:38,0
DA:39,0
DA:44,0
DA:57,0
DA:58,0
DA:59,0
DA:60,0
DA:61,0
DA:63,0
DA:64,0
DA:71,0
DA:72,0
DA:73,0
DA:74,0
DA:75,0
DA:77,0
DA:78,0
DA:85,0
DA:86,0
DA:87,0
DA:88,0
DA:89,0
DA:91,0
DA:93,0
DA:108,0
DA:109,0
DA:110,0
DA:113,0
DA:114,0
DA:116,0
DA:117,0
DA:125,0
DA:126,0
DA:128,0
DA:129,0
DA:130,0
DA:138,0
DA:147,0
DA:151,0
DA:157,0
DA:158,0
DA:159,0
DA:160,0
DA:166,0
DA:167,0
DA:168,0
DA:169,0
DA:176,0
DA:177,0
DA:178,0
DA:179,0
DA:180,0
DA:182,0
DA:190,0
DA:191,0
DA:192,0
DA:193,0
DA:196,0
DA:197,0
DA:198,0
DA:204,0
DA:205,0
DA:206,0
DA:207,0
DA:210,0
DA:211,0
DA:224,0
DA:225,0
DA:226,0
DA:227,0
DA:230,0
DA:231,0
DA:233,0
DA:234,0
DA:235,0
DA:236,0
DA:239,0
DA:240,0
DA:244,0
LF:89
LH:7
BRDA:16,0,0,11
BRDA:16,0,1,0
BRDA:57,1,0,0
BRDA:71,2,0,0
BRDA:85,3,0,0
BRDA:108,4,0,0
BRDA:192,5,0,0
BRDA:192,5,1,0
BRDA:204,6,0,0
BRDA:206,7,0,0
BRDA:206,7,1,0
BRDA:226,8,0,0
BRDA:226,8,1,0
BRF:13
BRH:1
end_of_record
TN:
SF:src/queue/monitoring/bull-board.setup.js
FN:27,(anonymous_0)
FNF:1
FNH:1
FNDA:11,(anonymous_0)
DA:13,11
DA:14,11
DA:15,11
DA:16,11
DA:22,11
DA:27,11
DA:30,11
DA:31,11
DA:32,11
DA:35,0
DA:36,0
DA:38,0
DA:50,0
DA:52,0
DA:57,0
DA:60,11
LF:16
LH:10
BRDA:30,0,0,11
BRDA:30,0,1,0
BRF:2
BRH:1
end_of_record
TN:
SF:src/queue/workers/analytics.worker.js
FN:17,(anonymous_0)
FN:49,(anonymous_1)
FN:69,(anonymous_2)
FN:74,(anonymous_3)
FN:78,(anonymous_4)
FN:82,(anonymous_5)
FN:95,(anonymous_6)
FNF:7
FNH:0
FNDA:0,(anonymous_0)
FNDA:0,(anonymous_1)
FNDA:0,(anonymous_2)
FNDA:0,(anonymous_3)
FNDA:0,(anonymous_4)
FNDA:0,(anonymous_5)
FNDA:0,(anonymous_6)
DA:9,0
DA:10,0
DA:11,0
DA:12,0
DA:17,0
DA:18,0
DA:23,0
DA:24,0
DA:26,0
DA:27,0
DA:30,0
DA:33,0
DA:35,0
DA:42,0
DA:49,0
DA:50,0
DA:52,0
DA:55,0
DA:63,0
DA:69,0
DA:70,0
DA:72,0
DA:74,0
DA:75,0
DA:78,0
DA:79,0
DA:82,0
DA:83,0
DA:86,0
DA:88,0
DA:92,0
DA:93,0
DA:95,0
DA:96,0
DA:97,0
DA:101,0
LF:36
LH:0
BRDA:24,0,0,0
BRDA:24,0,1,0
BRDA:58,1,0,0
BRDA:58,1,1,0
BRDA:59,2,0,0
BRDA:59,2,1,0
BRDA:92,3,0,0
BRDA:92,3,1,0
BRF:8
BRH:0
end_of_record
TN:
SF:src/queue/workers/email.worker.js
FN:21,(anonymous_0)
FN:61,(anonymous_1)
FN:67,(anonymous_2)
FN:71,(anonymous_3)
FN:75,(anonymous_4)
FN:79,(anonymous_5)
FN:93,(anonymous_6)
FNF:7
FNH:0
FNDA:0,(anonymous_0)
FNDA:0,(anonymous_1)
FNDA:0,(anonymous_2)
FNDA:0,(anonymous_3)
FNDA:0,(anonymous_4)
FNDA:0,(anonymous_5)
FNDA:0,(anonymous_6)
DA:12,0
DA:13,0
DA:14,0
DA:15,0
DA:21,0
DA:22,0
DA:27,0
DA:28,0
DA:30,0
DA:31,0
DA:34,0
DA:35,0
DA:38,0
DA:39,0
DA:42,0
DA:45,0
DA:47,0
DA:54,0
DA:61,0
DA:62,0
DA:65,0
DA:67,0
DA:68,0
DA:71,0
DA:72,0
DA:75,0
DA:76,0
DA:79,0
DA:80,0
DA:83,0
DA:85,0
DA:89,0
DA:90,0
DA:93,0
DA:94,0
DA:95,0
DA:99,0
LF:37
LH:0
BRDA:28,0,0,0
BRDA:28,0,1,0
BRDA:28,0,2,0
BRDA:28,0,3,0
BRDA:89,1,0,0
BRDA:89,1,1,0
BRF:6
BRH:0
end_of_record
TN:
SF:src/queue/workers/index.js
FN:24,(anonymous_0)
FN:46,(anonymous_1)
FN:51,(anonymous_2)
FN:63,(anonymous_3)
FN:64,(anonymous_4)
FN:76,(anonymous_5)
FN:82,(anonymous_6)
FN:83,(anonymous_7)
FNF:8
FNH:0
FNDA:0,(anonymous_0)
FNDA:0,(anonymous_1)
FNDA:0,(anonymous_2)
FNDA:0,(anonymous_3)
FNDA:0,(anonymous_4)
FNDA:0,(anonymous_5)
FNDA:0,(anonymous_6)
FNDA:0,(anonymous_7)
DA:12,0
DA:13,0
DA:14,0
DA:15,0
DA:17,0
DA:19,0
DA:24,0
DA:25,0
DA:27,0
DA:29,0
DA:30,0
DA:31,0
DA:32,0
DA:34,0
DA:36,0
DA:38,0
DA:39,0
DA:46,0
DA:47,0
DA:49,0
DA:51,0
DA:53,0
DA:55,0
DA:56,0
DA:63,0
DA:64,0
DA:72,0
DA:73,0
DA:76,0
DA:77,0
DA:78,0
DA:79,0
DA:82,0
DA:83,0
DA:85,0
DA:88,0
LF:36
LH:0
BRDA:72,0,0,0
BRDA:72,0,1,0
BRF:2
BRH:0
end_of_record
TN:
SF:src/queue/workers/order.worker.js
FN:19,(anonymous_0)
FN:58,(anonymous_1)
FN:64,(anonymous_2)
FN:80,(anonymous_3)
FN:97,(anonymous_4)
FN:103,(anonymous_5)
FN:107,(anonymous_6)
FN:111,(anonymous_7)
FN:124,(anonymous_8)
FNF:9
FNH:0
FNDA:0,(anonymous_0)
FNDA:0,(anonymous_1)
FNDA:0,(anonymous_2)
FNDA:0,(anonymous_3)
FNDA:0,(anonymous_4)
FNDA:0,(anonymous_5)
FNDA:0,(anonymous_6)
FNDA:0,(anonymous_7)
FNDA:0,(anonymous_8)
DA:11,0
DA:12,0
DA:13,0
DA:14,0
DA:19,0
DA:20,0
DA:25,0
DA:26,0
DA:29,0
DA:30,0
DA:34,0
DA:35,0
DA:38,0
DA:41,0
DA:43,0
DA:50,0
DA:58,0
DA:59,0
DA:61,0
DA:64,0
DA:72,0
DA:74,0
DA:80,0
DA:81,0
DA:83,0
DA:86,0
DA:88,0
DA:91,0
DA:97,0
DA:98,0
DA:101,0
DA:103,0
DA:104,0
DA:107,0
DA:108,0
DA:111,0
DA:112,0
DA:115,0
DA:117,0
DA:121,0
DA:122,0
DA:124,0
DA:125,0
DA:126,0
DA:130,0
LF:45
LH:0
BRDA:26,0,0,0
BRDA:26,0,1,0
BRDA:26,0,2,0
BRDA:86,1,0,0
BRDA:86,1,1,0
BRDA:121,2,0,0
BRDA:121,2,1,0
BRF:7
BRH:0
end_of_record
TN:
SF:src/queue/workers/scheduled.worker.js
FN:21,(anonymous_0)
FN:60,(anonymous_1)
FN:83,(anonymous_2)
FN:108,(anonymous_3)
FN:130,(anonymous_4)
FN:135,(anonymous_5)
FN:139,(anonymous_6)
FN:143,(anonymous_7)
FN:156,(anonymous_8)
FNF:9
FNH:0
FNDA:0,(anonymous_0)
FNDA:0,(anonymous_1)
FNDA:0,(anonymous_2)
FNDA:0,(anonymous_3)
FNDA:0,(anonymous_4)
FNDA:0,(anonymous_5)
FNDA:0,(anonymous_6)
FNDA:0,(anonymous_7)
FNDA:0,(anonymous_8)
DA:12,0
DA:13,0
DA:14,0
DA:15,0
DA:17,0
DA:21,0
DA:22,0
DA:26,0
DA:27,0
DA:29,0
DA:30,0
DA:33,0
DA:34,0
DA:37,0
DA:38,0
DA:41,0
DA:44,0
DA:46,0
DA:52,0
DA:60,0
DA:61,0
DA:63,0
DA:65,0
DA:67,0
DA:70,0
DA:72,0
DA:74,0
DA:75,0
DA:83,0
DA:84,0
DA:86,0
DA:94,0
DA:95,0
DA:97,0
DA:99,0
DA:100,0
DA:108,0
DA:109,0
DA:111,0
DA:118,0
DA:120,0
DA:122,0
DA:123,0
DA:130,0
DA:131,0
DA:133,0
DA:135,0
DA:136,0
DA:139,0
DA:140,0
DA:143,0
DA:144,0
DA:147,0
DA:149,0
DA:153,0
DA:154,0
DA:156,0
DA:157,0
DA:158,0
DA:162,0
LF:60
LH:0
BRDA:27,0,0,0
BRDA:27,0,1,0
BRDA:27,0,2,0
BRDA:27,0,3,0
BRDA:153,1,0,0
BRDA:153,1,1,0
BRF:6
BRH:0
end_of_record
TN:
SF:src/routes/analytics.routes.js
FNF:0
FNH:0
DA:6,11
DA:7,11
DA:8,11
DA:9,11
DA:10,11
DA:11,11
DA:12,11
DA:31,11
DA:88,11
DA:134,11
DA:177,11
DA:228,11
DA:254,11
DA:294,11
DA:334,11
DA:367,11
DA:374,11
LF:17
LH:17
BRF:0
BRH:0
end_of_record
TN:
SF:src/routes/auth.routes.js
FN:155,(anonymous_0)
FN:310,(anonymous_1)
FN:350,(anonymous_2)
FN:391,(anonymous_3)
FN:437,(anonymous_4)
FNF:5
FNH:4
FNDA:2,(anonymous_0)
FNDA:0,(anonymous_1)
FNDA:2,(anonymous_2)
FNDA:1,(anonymous_3)
FNDA:1,(anonymous_4)
DA:1,11
DA:2,11
DA:3,11
DA:4,11
DA:5,11
DA:6,11
DA:12,11
DA:13,11
DA:14,11
DA:16,11
DA:49,11
DA:84,11
DA:117,11
DA:151,11
DA:157,2
DA:158,0
DA:160,2
DA:161,2
DA:163,2
DA:225,11
DA:273,11
DA:306,11
DA:312,0
DA:313,0
DA:315,0
DA:316,0
DA:318,0
DA:347,11
DA:352,2
DA:353,0
DA:355,2
DA:356,2
DA:357,2
DA:388,11
DA:393,1
DA:394,0
DA:396,1
DA:398,1
DA:399,1
DA:400,1
DA:434,11
DA:439,1
DA:440,0
DA:442,1
DA:443,1
DA:444,1
DA:450,11
LF:47
LH:38
BRDA:157,0,0,0
BRDA:157,0,1,2
BRDA:157,1,0,2
BRDA:157,1,1,2
BRDA:161,2,0,2
BRDA:161,2,1,2
BRDA:312,3,0,0
BRDA:312,3,1,0
BRDA:312,4,0,0
BRDA:312,4,1,0
BRDA:316,5,0,0
BRDA:316,5,1,0
BRDA:352,6,0,0
BRDA:352,6,1,2
BRDA:352,7,0,2
BRDA:352,7,1,2
BRDA:356,8,0,2
BRDA:356,8,1,2
BRDA:393,9,0,0
BRDA:393,9,1,1
BRDA:393,10,0,1
BRDA:393,10,1,1
BRDA:399,11,0,0
BRDA:399,11,1,1
BRDA:439,12,0,0
BRDA:439,12,1,1
BRDA:439,13,0,1
BRDA:439,13,1,1
BRDA:443,14,0,1
BRDA:443,14,1,1
BRF:30
BRH:19
end_of_record
TN:
SF:src/routes/cart.routes.js
FNF:0
FNH:0
DA:1,11
DA:2,11
DA:3,11
DA:4,11
DA:11,11
DA:12,11
DA:25,11
DA:167,11
DA:201,11
DA:258,11
DA:309,11
DA:352,11
DA:385,11
DA:439,11
DA:481,11
DA:488,11
LF:16
LH:16
BRF:0
BRH:0
end_of_record
TN:
SF:src/routes/food-partner.routes.js
FN:63,(anonymous_0)
FN:105,(anonymous_1)
FN:166,(anonymous_2)
FN:167,(anonymous_3)
FN:222,(anonymous_4)
FNF:5
FNH:5
FNDA:5,(anonymous_0)
FNDA:2,(anonymous_1)
FNDA:5,(anonymous_2)
FNDA:5,(anonymous_3)
FNDA:2,(anonymous_4)
DA:1,11
DA:2,11
DA:3,11
DA:4,11
DA:5,11
DA:6,11
DA:7,11
DA:8,11
DA:9,11
DA:11,11
DA:59,11
DA:63,5
DA:102,11
DA:107,2
DA:108,0
DA:110,2
DA:161,11
DA:166,5
DA:167,5
DA:216,11
DA:222,2
DA:228,11
LF:22
LH:21
BRDA:107,0,0,0
BRDA:107,0,1,2
BRDA:107,1,0,2
BRDA:107,1,1,2
BRF:4
BRH:3
end_of_record
TN:
SF:src/routes/food.routes.js
FN:64,(anonymous_0)
FN:121,(anonymous_1)
FN:186,(anonymous_2)
FN:188,(anonymous_3)
FN:244,(anonymous_4)
FN:305,(anonymous_5)
FN:307,(anonymous_6)
FN:368,(anonymous_7)
FN:370,(anonymous_8)
FN:418,(anonymous_9)
FN:474,(anonymous_10)
FN:476,(anonymous_11)
FN:534,(anonymous_12)
FN:585,(anonymous_13)
FN:640,(anonymous_14)
FN:697,(anonymous_15)
FN:699,(anonymous_16)
FN:752,(anonymous_17)
FNF:18
FNH:16
FNDA:0,(anonymous_0)
FNDA:5,(anonymous_1)
FNDA:3,(anonymous_2)
FNDA:3,(anonymous_3)
FNDA:2,(anonymous_4)
FNDA:4,(anonymous_5)
FNDA:4,(anonymous_6)
FNDA:4,(anonymous_7)
FNDA:4,(anonymous_8)
FNDA:2,(anonymous_9)
FNDA:4,(anonymous_10)
FNDA:4,(anonymous_11)
FNDA:4,(anonymous_12)
FNDA:0,(anonymous_13)
FNDA:2,(anonymous_14)
FNDA:3,(anonymous_15)
FNDA:3,(anonymous_16)
FNDA:4,(anonymous_17)
DA:1,11
DA:2,11
DA:3,11
DA:4,11
DA:5,11
DA:6,11
DA:7,11
DA:8,11
DA:9,11
DA:10,11
DA:56,11
DA:64,0
DA:117,11
DA:123,5
DA:124,5
DA:179,11
DA:186,3
DA:188,3
DA:240,11
DA:246,2
DA:247,0
DA:249,2
DA:250,2
DA:299,11
DA:305,4
DA:307,4
DA:362,11
DA:368,4
DA:370,4
DA:414,11
DA:420,2
DA:421,0
DA:423,2
DA:468,11
DA:474,4
DA:476,4
DA:530,11
DA:534,4
DA:581,11
DA:585,0
DA:631,11
DA:640,2
DA:692,11
DA:697,3
DA:699,3
DA:746,11
DA:752,4
DA:763,11
LF:48
LH:44
BRDA:123,0,0,5
BRDA:123,0,1,0
BRDA:124,1,0,5
BRDA:124,1,1,5
BRDA:124,2,0,5
BRDA:124,2,1,5
BRDA:246,3,0,0
BRDA:246,3,1,2
BRDA:246,4,0,2
BRDA:246,4,1,2
BRDA:247,5,0,0
BRDA:247,5,1,0
BRDA:247,6,0,0
BRDA:247,6,1,0
BRDA:250,7,0,2
BRDA:250,7,1,2
BRDA:250,8,0,2
BRDA:250,8,1,2
BRDA:420,9,0,0
BRDA:420,9,1,2
BRDA:420,10,0,2
BRDA:420,10,1,2
BRF:22
BRH:15
end_of_record
TN:
SF:src/routes/food.v2.routes.js
FN:65,(anonymous_0)
FN:157,(anonymous_1)
FN:222,(anonymous_2)
FN:224,(anonymous_3)
FN:316,(anonymous_4)
FN:377,(anonymous_5)
FN:379,(anonymous_6)
FN:439,(anonymous_7)
FN:441,(anonymous_8)
FN:488,(anonymous_9)
FN:543,(anonymous_10)
FN:545,(anonymous_11)
FN:602,(anonymous_12)
FN:652,(anonymous_13)
FN:706,(anonymous_14)
FN:762,(anonymous_15)
FN:764,(anonymous_16)
FN:816,(anonymous_17)
FNF:18
FNH:16
FNDA:0,(anonymous_0)
FNDA:10,(anonymous_1)
FNDA:4,(anonymous_2)
FNDA:4,(anonymous_3)
FNDA:8,(anonymous_4)
FNDA:2,(anonymous_5)
FNDA:2,(anonymous_6)
FNDA:2,(anonymous_7)
FNDA:2,(anonymous_8)
FNDA:3,(anonymous_9)
FNDA:2,(anonymous_10)
FNDA:2,(anonymous_11)
FNDA:2,(anonymous_12)
FNDA:0,(anonymous_13)
FNDA:1,(anonymous_14)
FNDA:2,(anonymous_15)
FNDA:2,(anonymous_16)
FNDA:3,(anonymous_17)
DA:2,11
DA:3,11
DA:4,11
DA:5,11
DA:6,11
DA:7,11
DA:8,11
DA:9,11
DA:10,11
DA:12,11
DA:13,11
DA:57,11
DA:65,0
DA:153,11
DA:158,10
DA:159,10
DA:215,11
DA:222,4
DA:224,4
DA:312,11
DA:318,8
DA:319,0
DA:321,8
DA:322,8
DA:372,11
DA:377,2
DA:379,2
DA:434,11
DA:439,2
DA:441,2
DA:485,11
DA:490,3
DA:491,0
DA:493,3
DA:538,11
DA:543,2
DA:545,2
DA:599,11
DA:602,2
DA:649,11
DA:652,0
DA:698,11
DA:706,1
DA:758,11
DA:762,2
DA:764,2
DA:811,11
DA:816,3
DA:827,11
LF:49
LH:45
BRDA:158,0,0,10
BRDA:158,0,1,0
BRDA:159,1,0,10
BRDA:159,1,1,10
BRDA:159,2,0,10
BRDA:159,2,1,8
BRDA:159,3,0,10
BRDA:159,3,1,8
BRDA:159,4,0,10
BRDA:159,4,1,10
BRDA:159,5,0,10
BRDA:159,5,1,10
BRDA:159,6,0,10
BRDA:159,6,1,9
BRDA:159,7,0,10
BRDA:159,7,1,10
BRDA:159,8,0,10
BRDA:159,8,1,10
BRDA:318,9,0,0
BRDA:318,9,1,8
BRDA:318,10,0,8
BRDA:318,10,1,8
BRDA:319,11,0,0
BRDA:319,11,1,0
BRDA:319,12,0,0
BRDA:319,12,1,0
BRDA:319,13,0,0
BRDA:319,13,1,0
BRDA:319,14,0,0
BRDA:319,14,1,0
BRDA:319,15,0,0
BRDA:319,15,1,0
BRDA:319,16,0,0
BRDA:319,16,1,0
BRDA:319,17,0,0
BRDA:319,17,1,0
BRDA:319,18,0,0
BRDA:319,18,1,0
BRDA:322,19,0,8
BRDA:322,19,1,8
BRDA:322,20,0,8
BRDA:322,20,1,7
BRDA:322,21,0,8
BRDA:322,21,1,7
BRDA:322,22,0,8
BRDA:322,22,1,8
BRDA:322,23,0,8
BRDA:322,23,1,8
BRDA:322,24,0,8
BRDA:322,24,1,7
BRDA:322,25,0,8
BRDA:322,25,1,8
BRDA:322,26,0,8
BRDA:322,26,1,8
BRDA:490,27,0,0
BRDA:490,27,1,3
BRDA:490,28,0,3
BRDA:490,28,1,3
BRF:58
BRH:39
end_of_record
TN:
SF:src/routes/order.routes.js
FN:53,(anonymous_0)
FN:54,(anonymous_1)
FN:89,(anonymous_2)
FN:138,(anonymous_3)
FN:205,(anonymous_4)
FN:206,(anonymous_5)
FNF:6
FNH:6
FNDA:2,(anonymous_0)
FNDA:2,(anonymous_1)
FNDA:4,(anonymous_2)
FNDA:3,(anonymous_3)
FNDA:5,(anonymous_4)
FNDA:5,(anonymous_5)
DA:1,11
DA:2,11
DA:3,11
DA:4,11
DA:5,11
DA:6,11
DA:7,11
DA:8,11
DA:10,11
DA:49,11
DA:53,2
DA:54,2
DA:86,11
DA:91,4
DA:92,0
DA:94,4
DA:135,11
DA:140,3
DA:141,0
DA:143,3
DA:200,11
DA:205,5
DA:206,5
DA:211,11
LF:24
LH:22
BRDA:91,0,0,0
BRDA:91,0,1,4
BRDA:91,1,0,4
BRDA:91,1,1,4
BRDA:140,2,0,0
BRDA:140,2,1,3
BRDA:140,3,0,3
BRDA:140,3,1,3
BRF:8
BRH:6
end_of_record
TN:
SF:src/routes/payment.routes.js
FNF:0
FNH:0
DA:1,11
DA:2,11
DA:3,11
DA:7,11
DA:8,11
DA:9,11
DA:18,11
DA:447,11
DA:456,11
DA:465,11
DA:474,11
DA:484,11
DA:490,11
LF:13
LH:13
BRF:0
BRH:0
end_of_record
TN:
SF:src/routes/search.routes.js
FN:74,(anonymous_0)
FN:80,(anonymous_1)
FN:129,(anonymous_2)
FNF:3
FNH:3
FNDA:8,(anonymous_0)
FNDA:8,(anonymous_1)
FNDA:6,(anonymous_2)
DA:1,11
DA:2,11
DA:3,11
DA:4,11
DA:5,11
DA:6,11
DA:7,11
DA:8,11
DA:69,11
DA:75,8
DA:76,8
DA:77,8
DA:82,8
DA:126,11
DA:131,6
DA:132,0
DA:134,6
DA:139,11
LF:18
LH:17
BRDA:75,0,0,8
BRDA:75,0,1,0
BRDA:76,1,0,8
BRDA:76,1,1,1
BRDA:82,2,0,8
BRDA:82,2,1,8
BRDA:82,2,2,8
BRDA:82,2,3,8
BRDA:82,2,4,3
BRDA:82,2,5,3
BRDA:131,3,0,0
BRDA:131,3,1,6
BRDA:131,4,0,6
BRDA:131,4,1,6
BRF:14
BRH:12
end_of_record
TN:
SF:src/routes/user.routes.js
FN:41,(anonymous_0)
FN:83,(anonymous_1)
FN:125,(anonymous_2)
FN:167,(anonymous_3)
FN:221,(anonymous_4)
FNF:5
FNH:5
FNDA:6,(anonymous_0)
FNDA:4,(anonymous_1)
FNDA:3,(anonymous_2)
FNDA:4,(anonymous_3)
FNDA:5,(anonymous_4)
DA:1,11
DA:2,11
DA:3,11
DA:4,11
DA:5,11
DA:6,11
DA:7,11
DA:8,11
DA:38,11
DA:43,6
DA:44,0
DA:46,6
DA:80,11
DA:85,4
DA:86,0
DA:88,4
DA:122,11
DA:127,3
DA:128,0
DA:130,3
DA:164,11
DA:169,4
DA:170,0
DA:172,4
DA:217,11
DA:221,5
DA:226,11
LF:27
LH:23
BRDA:43,0,0,0
BRDA:43,0,1,6
BRDA:43,1,0,6
BRDA:43,1,1,6
BRDA:85,2,0,0
BRDA:85,2,1,4
BRDA:85,3,0,4
BRDA:85,3,1,4
BRDA:127,4,0,0
BRDA:127,4,1,3
BRDA:127,5,0,3
BRDA:127,5,1,3
BRDA:169,6,0,0
BRDA:169,6,1,4
BRDA:169,7,0,4
BRDA:169,7,1,4
BRF:16
BRH:12
end_of_record
TN:
SF:src/services/analytics.service.js
FN:33,(anonymous_0)
FN:136,(anonymous_1)
FN:138,(anonymous_2)
FN:182,(anonymous_3)
FN:217,(anonymous_4)
FN:267,(anonymous_5)
FN:317,(anonymous_6)
FN:405,(anonymous_7)
FN:430,(anonymous_8)
FN:467,(anonymous_9)
FN:521,(anonymous_10)
FN:553,(anonymous_11)
FN:565,(anonymous_12)
FNF:13
FNH:3
FNDA:98,(anonymous_0)
FNDA:0,(anonymous_1)
FNDA:0,(anonymous_2)
FNDA:48,(anonymous_3)
FNDA:48,(anonymous_4)
FNDA:0,(anonymous_5)
FNDA:0,(anonymous_6)
FNDA:0,(anonymous_7)
FNDA:0,(anonymous_8)
FNDA:0,(anonymous_9)
FNDA:0,(anonymous_10)
FNDA:0,(anonymous_11)
FNDA:0,(anonymous_12)
DA:7,11
DA:8,11
DA:9,11
DA:10,11
DA:11,11
DA:17,11
DA:34,98
DA:35,98
DA:38,98
DA:39,50
DA:40,50
DA:44,48
DA:47,48
DA:65,48
DA:66,48
DA:70,48
DA:71,48
DA:72,13
DA:83,48
DA:84,0
DA:88,48
DA:89,0
DA:98,48
DA:101,48
DA:104,48
DA:105,48
DA:106,0
DA:112,48
DA:119,48
DA:121,0
DA:128,0
DA:137,0
DA:138,0
DA:139,0
DA:140,0
DA:153,0
DA:154,0
DA:157,0
DA:161,0
DA:163,0
DA:168,0
DA:170,0
DA:174,0
DA:184,48
DA:185,0
DA:187,0
DA:196,48
DA:197,48
DA:205,48
DA:206,0
DA:207,0
DA:210,48
DA:218,48
DA:219,48
DA:220,48
DA:223,48
DA:226,48
DA:229,48
DA:230,48
DA:235,48
DA:239,48
DA:242,48
DA:243,2
DA:244,2
DA:245,2
DA:248,48
DA:249,8
DA:250,8
DA:251,8
DA:252,8
DA:256,0
DA:268,0
DA:269,0
DA:277,0
DA:286,0
DA:287,0
DA:288,0
DA:294,0
DA:306,0
DA:310,0
DA:318,0
DA:326,0
DA:328,0
DA:335,0
DA:336,0
DA:339,0
DA:340,0
DA:343,0
DA:344,0
DA:349,0
DA:350,0
DA:356,0
DA:357,0
DA:362,0
DA:363,0
DA:368,0
DA:371,0
DA:392,0
DA:394,0
DA:398,0
DA:406,0
DA:407,0
DA:409,0
DA:419,0
DA:423,0
DA:431,0
DA:432,0
DA:439,0
DA:440,0
DA:442,0
DA:443,0
DA:444,0
DA:446,0
DA:452,0
DA:455,0
DA:457,0
DA:460,0
DA:468,0
DA:469,0
DA:508,0
DA:510,0
DA:514,0
DA:522,0
DA:523,0
DA:541,0
DA:543,0
DA:546,0
DA:554,0
DA:556,0
DA:557,0
DA:559,0
DA:566,0
DA:567,0
DA:568,0
DA:570,0
DA:574,0
DA:579,0
DA:581,0
DA:584,0
DA:589,11
LF:140
LH:50
BRDA:38,0,0,50
BRDA:38,0,1,48
BRDA:50,1,0,48
BRDA:50,1,1,48
BRDA:54,2,0,48
BRDA:54,2,1,0
BRDA:55,3,0,48
BRDA:55,3,1,0
BRDA:56,4,0,48
BRDA:56,4,1,48
BRDA:60,5,0,48
BRDA:60,5,1,0
BRDA:61,6,0,48
BRDA:61,6,1,32
BRDA:65,7,0,48
BRDA:65,7,1,0
BRDA:71,8,0,13
BRDA:71,8,1,35
BRDA:71,9,0,48
BRDA:71,9,1,35
BRDA:73,10,0,13
BRDA:73,10,1,0
BRDA:83,11,0,0
BRDA:83,11,1,48
BRDA:88,12,0,0
BRDA:88,12,1,48
BRDA:105,13,0,0
BRDA:105,13,1,48
BRDA:143,14,0,0
BRDA:143,14,1,0
BRDA:145,15,0,0
BRDA:145,15,1,0
BRDA:146,16,0,0
BRDA:146,16,1,0
BRDA:147,17,0,0
BRDA:147,17,1,0
BRDA:149,18,0,0
BRDA:149,18,1,0
BRDA:150,19,0,0
BRDA:150,19,1,0
BRDA:153,20,0,0
BRDA:153,20,1,0
BRDA:184,21,0,0
BRDA:184,21,1,48
BRDA:184,22,0,48
BRDA:184,22,1,48
BRDA:188,23,0,0
BRDA:188,23,1,0
BRDA:189,24,0,0
BRDA:189,24,1,0
BRDA:189,25,0,0
BRDA:189,25,1,0
BRDA:190,26,0,0
BRDA:190,26,1,0
BRDA:190,27,0,0
BRDA:190,27,1,0
BRDA:196,28,0,48
BRDA:196,28,1,0
BRDA:205,29,0,0
BRDA:205,29,1,48
BRDA:205,30,0,48
BRDA:205,30,1,48
BRDA:206,31,0,0
BRDA:206,31,1,0
BRDA:229,32,0,48
BRDA:229,32,1,0
BRDA:242,33,0,2
BRDA:242,33,1,46
BRDA:243,34,0,2
BRDA:243,34,1,2
BRDA:248,35,0,8
BRDA:248,35,1,40
BRDA:249,36,0,8
BRDA:249,36,1,0
BRDA:250,37,0,8
BRDA:250,37,1,0
BRDA:278,38,0,0
BRDA:278,38,1,0
BRDA:279,39,0,0
BRDA:279,39,1,0
BRDA:280,40,0,0
BRDA:280,40,1,0
BRDA:300,41,0,0
BRDA:300,41,1,0
BRDA:323,42,0,0
BRDA:335,43,0,0
BRDA:335,43,1,0
BRDA:335,44,0,0
BRDA:335,44,1,0
BRDA:339,45,0,0
BRDA:339,45,1,0
BRDA:343,46,0,0
BRDA:343,46,1,0
BRDA:349,47,0,0
BRDA:349,47,1,0
BRDA:356,48,0,0
BRDA:356,48,1,0
BRDA:362,49,0,0
BRDA:362,49,1,0
BRDA:443,50,0,0
BRDA:443,50,1,0
BRDA:444,51,0,0
BRDA:444,51,1,0
BRDA:554,52,0,0
BRDA:554,52,1,0
BRDA:565,53,0,0
BRF:106
BRH:36
end_of_record
TN:
SF:src/services/cache.service.js
FN:13,get
FN:17,set
FN:21,del
FN:25,delPattern
FN:29,flushAll
FN:34,getMetrics
FNF:6
FNH:1
FNDA:0,get
FNDA:0,set
FNDA:0,del
FNDA:0,delPattern
FNDA:496,flushAll
FNDA:0,getMetrics
DA:11,23
DA:14,0
DA:18,0
DA:22,0
DA:26,0
DA:31,496
DA:35,0
DA:38,23
LF:8
LH:3
BRDA:17,0,0,0
BRF:1
BRH:0
end_of_record
TN:
SF:src/services/cart.service.js
FN:19,(anonymous_0)
FN:27,(anonymous_1)
FN:34,(anonymous_2)
FN:52,(anonymous_3)
FN:72,(anonymous_4)
FN:165,(anonymous_5)
FN:205,(anonymous_6)
FN:249,(anonymous_7)
FN:275,(anonymous_8)
FN:307,(anonymous_9)
FN:333,(anonymous_10)
FN:379,(anonymous_11)
FN:404,(anonymous_12)
FN:425,(anonymous_13)
FNF:14
FNH:1
FNDA:11,(anonymous_0)
FNDA:0,(anonymous_1)
FNDA:0,(anonymous_2)
FNDA:0,(anonymous_3)
FNDA:0,(anonymous_4)
FNDA:0,(anonymous_5)
FNDA:0,(anonymous_6)
FNDA:0,(anonymous_7)
FNDA:0,(anonymous_8)
FNDA:0,(anonymous_9)
FNDA:0,(anonymous_10)
FNDA:0,(anonymous_11)
FNDA:0,(anonymous_12)
FNDA:0,(anonymous_13)
DA:1,11
DA:2,11
DA:3,11
DA:4,11
DA:5,11
DA:6,11
DA:7,11
DA:20,11
DA:21,11
DA:28,0
DA:39,0
DA:41,0
DA:43,0
DA:46,0
DA:53,0
DA:54,0
DA:60,0
DA:62,0
DA:63,0
DA:66,0
DA:74,0
DA:76,0
DA:77,0
DA:80,0
DA:81,0
DA:84,0
DA:85,0
DA:91,0
DA:92,0
DA:93,0
DA:94,0
DA:96,0
DA:100,0
DA:101,0
DA:120,0
DA:121,0
DA:123,0
DA:124,0
DA:137,0
DA:140,0
DA:143,0
DA:146,0
DA:159,0
DA:166,0
DA:170,0
DA:171,0
DA:174,0
DA:175,0
DA:178,0
DA:179,0
DA:183,0
DA:185,0
DA:188,0
DA:190,0
DA:199,0
DA:206,0
DA:210,0
DA:211,0
DA:214,0
DA:217,0
DA:218,0
DA:219,0
DA:221,0
DA:227,0
DA:230,0
DA:233,0
DA:235,0
DA:243,0
DA:250,0
DA:254,0
DA:255,0
DA:258,0
DA:261,0
DA:263,0
DA:269,0
DA:276,0
DA:280,0
DA:281,0
DA:284,0
DA:286,0
DA:287,0
DA:288,0
DA:290,0
DA:297,0
DA:308,0
DA:309,0
DA:312,0
DA:315,0
DA:317,0
DA:318,0
DA:327,0
DA:334,0
DA:338,0
DA:339,0
DA:343,0
DA:345,0
DA:346,0
DA:347,0
DA:349,0
DA:356,0
DA:359,0
DA:360,0
DA:363,0
DA:365,0
DA:373,0
DA:380,0
DA:384,0
DA:385,0
DA:392,0
DA:405,0
DA:407,0
DA:408,0
DA:411,0
DA:412,0
DA:415,0
DA:416,0
DA:418,0
DA:426,0
DA:430,11
LF:119
LH:10
BRDA:27,0,0,0
BRDA:34,1,0,0
BRDA:41,2,0,0
BRDA:41,2,1,0
BRDA:41,3,0,0
BRDA:41,3,1,0
BRDA:52,4,0,0
BRDA:53,5,0,0
BRDA:53,5,1,0
BRDA:62,6,0,0
BRDA:62,6,1,0
BRDA:62,7,0,0
BRDA:62,7,1,0
BRDA:72,8,0,0
BRDA:76,9,0,0
BRDA:76,9,1,0
BRDA:80,10,0,0
BRDA:80,10,1,0
BRDA:84,11,0,0
BRDA:84,11,1,0
BRDA:84,12,0,0
BRDA:84,12,1,0
BRDA:91,13,0,0
BRDA:91,13,1,0
BRDA:93,14,0,0
BRDA:93,14,1,0
BRDA:100,15,0,0
BRDA:100,15,1,0
BRDA:102,16,0,0
BRDA:102,16,1,0
BRDA:103,17,0,0
BRDA:103,17,1,0
BRDA:110,18,0,0
BRDA:110,18,1,0
BRDA:112,19,0,0
BRDA:112,19,1,0
BRDA:120,20,0,0
BRDA:120,20,1,0
BRDA:123,21,0,0
BRDA:123,21,1,0
BRDA:148,22,0,0
BRDA:148,22,1,0
BRDA:149,23,0,0
BRDA:149,23,1,0
BRDA:166,24,0,0
BRDA:166,24,1,0
BRDA:170,25,0,0
BRDA:170,25,1,0
BRDA:174,26,0,0
BRDA:174,26,1,0
BRDA:178,27,0,0
BRDA:178,27,1,0
BRDA:192,28,0,0
BRDA:192,28,1,0
BRDA:193,29,0,0
BRDA:193,29,1,0
BRDA:206,30,0,0
BRDA:206,30,1,0
BRDA:210,31,0,0
BRDA:210,31,1,0
BRDA:217,32,0,0
BRDA:217,32,1,0
BRDA:223,33,0,0
BRDA:223,33,1,0
BRDA:224,34,0,0
BRDA:224,34,1,0
BRDA:237,35,0,0
BRDA:237,35,1,0
BRDA:238,36,0,0
BRDA:238,36,1,0
BRDA:250,37,0,0
BRDA:250,37,1,0
BRDA:254,38,0,0
BRDA:254,38,1,0
BRDA:265,39,0,0
BRDA:265,39,1,0
BRDA:266,40,0,0
BRDA:266,40,1,0
BRDA:276,41,0,0
BRDA:276,41,1,0
BRDA:280,42,0,0
BRDA:280,42,1,0
BRDA:286,43,0,0
BRDA:286,43,1,0
BRDA:292,44,0,0
BRDA:292,44,1,0
BRDA:308,45,0,0
BRDA:308,45,1,0
BRDA:308,46,0,0
BRDA:308,46,1,0
BRDA:317,47,0,0
BRDA:317,47,1,0
BRDA:334,48,0,0
BRDA:334,48,1,0
BRDA:338,49,0,0
BRDA:338,49,1,0
BRDA:345,50,0,0
BRDA:345,50,1,0
BRDA:367,51,0,0
BRDA:367,51,1,0
BRDA:368,52,0,0
BRDA:368,52,1,0
BRDA:380,53,0,0
BRDA:380,53,1,0
BRDA:384,54,0,0
BRDA:384,54,1,0
BRDA:407,55,0,0
BRDA:407,55,1,0
BRDA:411,56,0,0
BRDA:411,56,1,0
BRF:110
BRH:0
end_of_record
TN:
SF:src/services/email.service.js
FN:18,(anonymous_0)
FN:29,(anonymous_1)
FN:37,(anonymous_2)
FN:64,(anonymous_3)
FN:145,(anonymous_4)
FN:240,(anonymous_5)
FN:299,(anonymous_6)
FNF:7
FNH:0
FNDA:0,(anonymous_0)
FNDA:0,(anonymous_1)
FNDA:0,(anonymous_2)
FNDA:0,(anonymous_3)
FNDA:0,(anonymous_4)
FNDA:0,(anonymous_5)
FNDA:0,(anonymous_6)
DA:14,0
DA:15,0
DA:19,0
DA:20,0
DA:21,0
DA:30,0
DA:32,0
DA:36,0
DA:38,0
DA:44,0
DA:50,0
DA:65,0
DA:66,0
DA:88,0
DA:139,0
DA:146,0
DA:148,0
DA:149,0
DA:171,0
DA:234,0
DA:241,0
DA:249,0
DA:250,0
DA:265,0
DA:292,0
DA:300,0
DA:301,0
DA:309,0
DA:314,0
DA:316,0
DA:321,0
DA:327,0
LF:32
LH:0
BRDA:21,0,0,0
BRDA:21,0,1,0
BRDA:30,1,0,0
BRDA:30,1,1,0
BRDA:30,2,0,0
BRDA:30,2,1,0
BRDA:52,3,0,0
BRDA:52,3,1,0
BRDA:122,4,0,0
BRDA:122,4,1,0
BRDA:222,5,0,0
BRDA:222,5,1,0
BRDA:259,6,0,0
BRDA:259,6,1,0
BRDA:272,7,0,0
BRDA:272,7,1,0
BRDA:285,8,0,0
BRDA:285,8,1,0
BRF:18
BRH:0
end_of_record
TN:
SF:src/services/logger.service.js
FN:35,(anonymous_0)
FN:51,(anonymous_1)
FN:76,(anonymous_2)
FN:187,(anonymous_3)
FN:197,(anonymous_4)
FN:213,(anonymous_5)
FN:228,(anonymous_6)
FN:244,(anonymous_7)
FN:260,(anonymous_8)
FN:272,(anonymous_9)
FN:284,(anonymous_10)
FN:288,(anonymous_11)
FN:292,(anonymous_12)
FN:297,(anonymous_13)
FN:298,(anonymous_14)
FN:310,(anonymous_15)
FNF:16
FNH:7
FNDA:46,(anonymous_0)
FNDA:352,(anonymous_1)
FNDA:352,(anonymous_2)
FNDA:279,(anonymous_3)
FNDA:0,(anonymous_4)
FNDA:0,(anonymous_5)
FNDA:0,(anonymous_6)
FNDA:0,(anonymous_7)
FNDA:1,(anonymous_8)
FNDA:0,(anonymous_9)
FNDA:0,(anonymous_10)
FNDA:0,(anonymous_11)
FNDA:0,(anonymous_12)
FNDA:69,(anonymous_13)
FNDA:0,(anonymous_14)
FNDA:92,(anonymous_15)
DA:6,23
DA:7,23
DA:8,23
DA:9,23
DA:15,23
DA:16,23
DA:24,23
DA:32,23
DA:35,23
DA:36,46
DA:37,46
DA:38,46
DA:48,23
DA:52,352
DA:55,352
DA:58,352
DA:59,0
DA:63,352
DA:64,0
DA:68,352
DA:71,352
DA:72,352
DA:74,352
DA:76,352
DA:80,352
DA:81,352
DA:86,352
DA:87,0
DA:90,352
DA:97,23
DA:110,23
DA:117,23
DA:130,23
DA:142,23
DA:156,23
DA:187,23
DA:188,279
DA:197,23
DA:198,0
DA:199,0
DA:213,23
DA:214,0
DA:228,23
DA:229,0
DA:244,23
DA:245,0
DA:246,0
DA:260,23
DA:261,1
DA:272,23
DA:273,0
DA:284,23
DA:285,0
DA:288,23
DA:289,0
DA:292,23
DA:293,0
DA:297,23
DA:298,69
DA:299,0
DA:307,23
DA:310,92
DA:317,23
LF:63
LH:49
BRDA:36,0,0,46
BRDA:36,0,1,0
BRDA:38,1,0,0
BRDA:38,1,1,46
BRDA:58,2,0,0
BRDA:58,2,1,352
BRDA:63,3,0,0
BRDA:63,3,1,352
BRDA:72,4,0,352
BRDA:72,4,1,0
BRDA:80,5,0,352
BRDA:80,5,1,0
BRDA:86,6,0,0
BRDA:86,6,1,352
BRDA:166,7,0,23
BRDA:166,7,1,0
BRDA:187,8,0,0
BRDA:197,9,0,0
BRDA:198,10,0,0
BRDA:198,10,1,0
BRDA:213,11,0,0
BRDA:228,12,0,0
BRDA:244,13,0,0
BRDA:245,14,0,0
BRDA:245,14,1,0
BRDA:260,15,0,0
BRDA:272,16,0,0
BRF:27
BRH:8
end_of_record
TN:
SF:src/services/order.service.js
FN:27,(anonymous_0)
FN:71,(anonymous_1)
FN:236,(anonymous_2)
FN:403,(anonymous_3)
FN:533,(anonymous_4)
FN:547,(anonymous_5)
FN:561,(anonymous_6)
FN:573,(anonymous_7)
FN:584,(anonymous_8)
FN:593,(anonymous_9)
FN:604,(anonymous_10)
FNF:11
FNH:5
FNDA:13,(anonymous_0)
FNDA:4,(anonymous_1)
FNDA:0,(anonymous_2)
FNDA:9,(anonymous_3)
FNDA:2,(anonymous_4)
FNDA:0,(anonymous_5)
FNDA:0,(anonymous_6)
FNDA:0,(anonymous_7)
FNDA:5,(anonymous_8)
FNDA:0,(anonymous_9)
FNDA:0,(anonymous_10)
DA:1,11
DA:2,11
DA:3,11
DA:4,11
DA:5,11
DA:6,11
DA:7,11
DA:8,11
DA:24,11
DA:25,11
DA:28,13
DA:31,13
DA:32,1
DA:34,1
DA:35,1
DA:36,0
DA:37,0
DA:40,1
DA:42,1
DA:43,1
DA:44,1
DA:45,1
DA:48,0
DA:49,0
DA:50,0
DA:51,0
DA:53,0
DA:54,0
DA:82,4
DA:85,4
DA:86,4
DA:87,4
DA:88,0
DA:91,4
DA:92,4
DA:101,4
DA:102,0
DA:103,0
DA:104,0
DA:108,0
DA:109,0
DA:111,0
DA:112,0
DA:117,4
DA:118,4
DA:119,0
DA:123,4
DA:127,4
DA:128,1
DA:131,3
DA:132,1
DA:135,2
DA:136,0
DA:140,2
DA:143,2
DA:144,0
DA:152,2
DA:177,2
DA:178,2
DA:180,2
DA:189,2
DA:190,0
DA:193,2
DA:205,2
DA:207,2
DA:211,2
DA:212,0
DA:215,2
DA:225,2
DA:228,4
DA:245,0
DA:246,0
DA:247,0
DA:248,0
DA:249,0
DA:252,0
DA:253,0
DA:260,0
DA:262,0
DA:263,0
DA:266,0
DA:267,0
DA:271,0
DA:272,0
DA:275,0
DA:276,0
DA:280,0
DA:281,0
DA:282,0
DA:286,0
DA:287,0
DA:289,0
DA:290,0
DA:292,0
DA:293,0
DA:296,0
DA:297,0
DA:300,0
DA:308,0
DA:312,0
DA:341,0
DA:342,0
DA:344,0
DA:352,0
DA:353,0
DA:354,0
DA:356,0
DA:362,0
DA:363,0
DA:366,0
DA:375,0
DA:377,0
DA:380,0
DA:381,0
DA:384,0
DA:392,0
DA:395,0
DA:409,9
DA:410,9
DA:411,9
DA:412,9
DA:413,0
DA:416,9
DA:417,9
DA:424,9
DA:428,9
DA:430,1
DA:434,8
DA:435,8
DA:436,8
DA:437,1
DA:442,7
DA:443,7
DA:444,2
DA:451,5
DA:458,5
DA:459,0
DA:466,5
DA:469,5
DA:470,5
DA:473,5
DA:474,0
DA:476,5
DA:484,5
DA:486,5
DA:494,5
DA:495,0
DA:498,5
DA:506,5
DA:508,5
DA:511,4
DA:512,0
DA:515,4
DA:522,4
DA:525,9
DA:534,2
DA:536,2
DA:547,0
DA:550,2
DA:551,2
DA:561,0
DA:565,2
DA:573,0
DA:576,0
DA:585,5
DA:587,5
DA:593,0
DA:596,5
DA:604,0
DA:607,0
DA:612,11
LF:171
LH:91
BRDA:28,0,0,0
BRDA:28,0,1,13
BRDA:31,1,0,12
BRDA:31,1,1,1
BRDA:35,2,0,0
BRDA:35,2,1,1
BRDA:35,3,0,1
BRDA:35,3,1,1
BRDA:44,4,0,1
BRDA:44,4,1,1
BRDA:50,5,0,0
BRDA:50,5,1,0
BRDA:73,6,0,4
BRDA:77,7,0,4
BRDA:78,8,0,0
BRDA:79,9,0,0
BRDA:80,10,0,0
BRDA:87,11,0,0
BRDA:87,11,1,4
BRDA:101,12,0,0
BRDA:101,12,1,4
BRDA:103,13,0,0
BRDA:103,13,1,0
BRDA:108,14,0,0
BRDA:108,14,1,0
BRDA:118,15,0,0
BRDA:118,15,1,4
BRDA:127,16,0,1
BRDA:127,16,1,3
BRDA:131,17,0,1
BRDA:131,17,1,2
BRDA:135,18,0,0
BRDA:135,18,1,2
BRDA:135,19,0,2
BRDA:135,19,1,2
BRDA:143,20,0,0
BRDA:143,20,1,2
BRDA:143,21,0,2
BRDA:143,21,1,0
BRDA:154,22,0,2
BRDA:154,22,1,2
BRDA:164,23,0,2
BRDA:164,23,1,2
BRDA:170,24,0,2
BRDA:170,24,1,0
BRDA:189,25,0,0
BRDA:189,25,1,2
BRDA:211,26,0,0
BRDA:211,26,1,2
BRDA:238,27,0,0
BRDA:241,28,0,0
BRDA:242,29,0,0
BRDA:243,30,0,0
BRDA:248,31,0,0
BRDA:248,31,1,0
BRDA:262,32,0,0
BRDA:262,32,1,0
BRDA:266,33,0,0
BRDA:266,33,1,0
BRDA:271,34,0,0
BRDA:271,34,1,0
BRDA:271,35,0,0
BRDA:271,35,1,0
BRDA:275,36,0,0
BRDA:275,36,1,0
BRDA:275,37,0,0
BRDA:275,37,1,0
BRDA:281,38,0,0
BRDA:281,38,1,0
BRDA:292,39,0,0
BRDA:292,39,1,0
BRDA:296,40,0,0
BRDA:296,40,1,0
BRDA:314,41,0,0
BRDA:314,41,1,0
BRDA:328,42,0,0
BRDA:328,42,1,0
BRDA:333,43,0,0
BRDA:333,43,1,0
BRDA:362,44,0,0
BRDA:362,44,1,0
BRDA:380,45,0,0
BRDA:380,45,1,0
BRDA:406,46,0,0
BRDA:407,47,0,9
BRDA:412,48,0,0
BRDA:412,48,1,9
BRDA:428,49,0,1
BRDA:428,49,1,8
BRDA:434,50,0,8
BRDA:434,50,1,0
BRDA:435,51,0,8
BRDA:435,51,1,0
BRDA:436,52,0,1
BRDA:436,52,1,7
BRDA:443,53,0,2
BRDA:443,53,1,5
BRDA:458,54,0,0
BRDA:458,54,1,5
BRDA:473,55,0,0
BRDA:473,55,1,5
BRDA:481,56,0,5
BRDA:481,56,1,0
BRDA:494,57,0,0
BRDA:494,57,1,5
BRDA:511,58,0,0
BRDA:511,58,1,4
BRDA:541,59,0,2
BRDA:541,59,1,0
BRDA:542,60,0,2
BRDA:542,60,1,0
BRDA:543,61,0,2
BRDA:543,61,1,0
BRDA:545,62,0,2
BRDA:545,62,1,0
BRDA:550,63,0,2
BRDA:550,63,1,0
BRDA:556,64,0,2
BRDA:556,64,1,0
BRDA:557,65,0,2
BRDA:557,65,1,0
BRDA:570,66,0,2
BRDA:570,66,1,0
BRDA:592,67,0,5
BRDA:592,67,1,0
BRF:125
BRH:53
end_of_record
TN:
SF:src/services/payment.gateway.mock.js
FN:44,(anonymous_0)
FN:45,(anonymous_1)
FN:57,(anonymous_2)
FN:100,(anonymous_3)
FN:123,(anonymous_4)
FN:137,(anonymous_5)
FN:188,(anonymous_6)
FN:222,(anonymous_7)
FN:257,(anonymous_8)
FN:280,(anonymous_9)
FN:281,(anonymous_10)
FN:292,(anonymous_11)
FN:315,(anonymous_12)
FN:324,(anonymous_13)
FN:345,(anonymous_14)
FN:352,(anonymous_15)
FNF:16
FNH:0
FNDA:0,(anonymous_0)
FNDA:0,(anonymous_1)
FNDA:0,(anonymous_2)
FNDA:0,(anonymous_3)
FNDA:0,(anonymous_4)
FNDA:0,(anonymous_5)
FNDA:0,(anonymous_6)
FNDA:0,(anonymous_7)
FNDA:0,(anonymous_8)
FNDA:0,(anonymous_9)
FNDA:0,(anonymous_10)
FNDA:0,(anonymous_11)
FNDA:0,(anonymous_12)
FNDA:0,(anonymous_13)
FNDA:0,(anonymous_14)
FNDA:0,(anonymous_15)
DA:1,11
DA:2,11
DA:18,11
DA:45,0
DA:46,0
DA:48,0
DA:55,0
DA:57,0
DA:58,0
DA:62,0
DA:63,0
DA:69,0
DA:70,0
DA:71,0
DA:72,0
DA:73,0
DA:74,0
DA:76,0
DA:79,0
DA:85,0
DA:87,0
DA:91,0
DA:101,0
DA:104,0
DA:105,0
DA:111,0
DA:112,0
DA:121,0
DA:122,0
DA:123,0
DA:126,0
DA:135,0
DA:136,0
DA:137,0
DA:140,0
DA:149,0
DA:151,0
DA:154,0
DA:156,0
DA:157,0
DA:167,0
DA:180,0
DA:182,0
DA:190,0
DA:191,0
DA:195,0
DA:197,0
DA:215,0
DA:216,0
DA:224,0
DA:225,0
DA:229,0
DA:231,0
DA:250,0
DA:251,0
DA:259,0
DA:260,0
DA:264,0
DA:273,0
DA:274,0
DA:281,0
DA:282,0
DA:284,0
DA:292,0
DA:293,0
DA:302,0
DA:307,0
DA:316,0
DA:317,0
DA:318,0
DA:325,0
DA:326,0
DA:328,0
DA:329,0
DA:330,0
DA:331,0
DA:332,0
DA:334,0
DA:340,11
DA:346,0
DA:354,0
DA:359,0
DA:363,11
LF:83
LH:5
BRDA:62,0,0,0
BRDA:62,0,1,0
BRDA:62,1,0,0
BRDA:62,1,1,0
BRDA:69,2,0,0
BRDA:69,2,1,0
BRDA:71,3,0,0
BRDA:71,3,1,0
BRDA:73,4,0,0
BRDA:73,4,1,0
BRDA:104,5,0,0
BRDA:104,5,1,0
BRDA:111,6,0,0
BRDA:111,6,1,0
BRDA:121,7,0,0
BRDA:121,7,1,0
BRDA:135,8,0,0
BRDA:135,8,1,0
BRDA:149,9,0,0
BRDA:149,9,1,0
BRDA:156,10,0,0
BRDA:156,10,1,0
BRDA:190,11,0,0
BRDA:190,11,1,0
BRDA:197,12,0,0
BRDA:197,12,1,0
BRDA:224,13,0,0
BRDA:224,13,1,0
BRDA:231,14,0,0
BRDA:231,14,1,0
BRDA:259,15,0,0
BRDA:259,15,1,0
BRDA:328,16,0,0
BRDA:328,16,1,0
BRDA:329,17,0,0
BRDA:329,17,1,0
BRDA:329,18,0,0
BRDA:329,18,1,0
BRDA:329,18,2,0
BRDA:330,19,0,0
BRDA:330,19,1,0
BRDA:331,20,0,0
BRDA:331,20,1,0
BRDA:331,21,0,0
BRDA:331,21,1,0
BRDA:332,22,0,0
BRDA:332,22,1,0
BRF:47
BRH:0
end_of_record
TN:
SF:src/services/payment.service.js
FN:27,(anonymous_0)
FN:164,(anonymous_1)
FN:297,(anonymous_2)
FN:403,(anonymous_3)
FN:475,(anonymous_4)
FN:509,(anonymous_5)
FN:575,(anonymous_6)
FN:618,(anonymous_7)
FN:654,(anonymous_8)
FN:663,(anonymous_9)
FN:664,(anonymous_10)
FN:676,(anonymous_11)
FN:712,(anonymous_12)
FNF:13
FNH:0
FNDA:0,(anonymous_0)
FNDA:0,(anonymous_1)
FNDA:0,(anonymous_2)
FNDA:0,(anonymous_3)
FNDA:0,(anonymous_4)
FNDA:0,(anonymous_5)
FNDA:0,(anonymous_6)
FNDA:0,(anonymous_7)
FNDA:0,(anonymous_8)
FNDA:0,(anonymous_9)
FNDA:0,(anonymous_10)
FNDA:0,(anonymous_11)
FNDA:0,(anonymous_12)
DA:1,11
DA:2,11
DA:3,11
DA:4,11
DA:5,11
DA:6,11
DA:7,11
DA:8,11
DA:28,0
DA:30,0
DA:31,0
DA:40,0
DA:41,0
DA:42,0
DA:43,0
DA:49,0
DA:50,0
DA:52,0
DA:53,0
DA:60,0
DA:64,0
DA:65,0
DA:70,0
DA:74,0
DA:80,0
DA:81,0
DA:85,0
DA:90,0
DA:91,0
DA:95,0
DA:96,0
DA:99,0
DA:100,0
DA:103,0
DA:104,0
DA:105,0
DA:110,0
DA:114,0
DA:136,0
DA:139,0
DA:141,0
DA:149,0
DA:151,0
DA:157,0
DA:165,0
DA:167,0
DA:168,0
DA:170,0
DA:171,0
DA:173,0
DA:174,0
DA:175,0
DA:179,0
DA:180,0
DA:181,0
DA:182,0
DA:185,0
DA:186,0
DA:187,0
DA:191,0
DA:192,0
DA:193,0
DA:195,0
DA:201,0
DA:202,0
DA:203,0
DA:207,0
DA:208,0
DA:212,0
DA:213,0
DA:222,0
DA:228,0
DA:233,0
DA:234,0
DA:235,0
DA:237,0
DA:238,0
DA:239,0
DA:243,0
DA:244,0
DA:245,0
DA:246,0
DA:248,0
DA:254,0
DA:255,0
DA:256,0
DA:260,0
DA:261,0
DA:268,0
DA:269,0
DA:270,0
DA:271,0
DA:272,0
DA:273,0
DA:277,0
DA:278,0
DA:279,0
DA:283,0
DA:284,0
DA:285,0
DA:286,0
DA:287,0
DA:288,0
DA:293,0
DA:297,0
DA:320,0
DA:322,0
DA:329,0
DA:332,0
DA:333,0
DA:336,0
DA:337,0
DA:338,0
DA:340,0
DA:342,0
DA:351,0
DA:353,0
DA:361,0
DA:362,0
DA:363,0
DA:369,0
DA:376,0
DA:384,0
DA:386,0
DA:388,0
DA:394,0
DA:396,0
DA:404,0
DA:405,0
DA:407,0
DA:409,0
DA:410,0
DA:411,0
DA:412,0
DA:417,0
DA:418,0
DA:419,0
DA:423,0
DA:424,0
DA:425,0
DA:426,0
DA:430,0
DA:431,0
DA:436,0
DA:437,0
DA:438,0
DA:443,0
DA:450,0
DA:451,0
DA:452,0
DA:455,0
DA:457,0
DA:458,0
DA:465,0
DA:476,0
DA:477,0
DA:479,0
DA:480,0
DA:483,0
DA:488,0
DA:498,0
DA:502,0
DA:510,0
DA:512,0
DA:513,0
DA:519,0
DA:521,0
DA:522,0
DA:525,0
DA:526,0
DA:529,0
DA:530,0
DA:534,0
DA:537,0
DA:545,0
DA:547,0
DA:554,0
DA:561,0
DA:563,0
DA:568,0
DA:576,0
DA:578,0
DA:580,0
DA:581,0
DA:584,0
DA:587,0
DA:592,0
DA:596,0
DA:597,0
DA:600,0
DA:604,0
DA:606,0
DA:607,0
DA:608,0
DA:610,0
DA:613,0
DA:614,0
DA:615,0
DA:618,0
DA:619,0
DA:620,0
DA:621,0
DA:623,0
DA:627,0
DA:634,0
DA:636,0
DA:641,0
DA:643,0
DA:647,0
DA:657,0
DA:664,0
DA:677,0
DA:678,0
DA:680,0
DA:682,0
DA:683,0
DA:684,0
DA:685,0
DA:686,0
DA:688,0
DA:695,0
DA:700,0
DA:702,0
DA:705,0
DA:713,0
DA:714,0
DA:716,0
DA:722,0
DA:724,0
DA:727,0
DA:732,11
LF:231
LH:9
BRDA:41,0,0,0
BRDA:41,0,1,0
BRDA:49,1,0,0
BRDA:49,1,1,0
BRDA:49,1,2,0
BRDA:50,2,0,0
BRDA:50,2,1,0
BRDA:50,2,2,0
BRDA:52,3,0,0
BRDA:52,3,1,0
BRDA:52,4,0,0
BRDA:52,4,1,0
BRDA:64,5,0,0
BRDA:64,5,1,0
BRDA:80,6,0,0
BRDA:80,6,1,0
BRDA:91,7,0,0
BRDA:91,7,1,0
BRDA:95,8,0,0
BRDA:95,8,1,0
BRDA:99,9,0,0
BRDA:99,9,1,0
BRDA:100,10,0,0
BRDA:100,10,1,0
BRDA:104,11,0,0
BRDA:104,11,1,0
BRDA:104,12,0,0
BRDA:104,12,1,0
BRDA:115,13,0,0
BRDA:115,13,1,0
BRDA:116,14,0,0
BRDA:116,14,1,0
BRDA:121,15,0,0
BRDA:121,15,1,0
BRDA:123,16,0,0
BRDA:123,16,1,0
BRDA:164,17,0,0
BRDA:174,18,0,0
BRDA:174,18,1,0
BRDA:179,19,0,0
BRDA:179,19,1,0
BRDA:185,20,0,0
BRDA:185,20,1,0
BRDA:191,21,0,0
BRDA:191,21,1,0
BRDA:243,22,0,0
BRDA:243,22,1,0
BRDA:268,23,0,0
BRDA:268,23,1,0
BRDA:278,24,0,0
BRDA:278,24,1,0
BRDA:284,25,0,0
BRDA:284,25,1,0
BRDA:287,26,0,0
BRDA:287,26,1,0
BRDA:288,27,0,0
BRDA:288,27,1,0
BRDA:288,27,2,0
BRDA:294,28,0,0
BRDA:294,28,1,0
BRDA:296,29,0,0
BRDA:296,29,1,0
BRDA:304,30,0,0
BRDA:304,30,1,0
BRDA:305,31,0,0
BRDA:305,31,1,0
BRDA:361,32,0,0
BRDA:361,32,1,0
BRDA:409,33,0,0
BRDA:409,33,1,0
BRDA:409,34,0,0
BRDA:409,34,1,0
BRDA:410,35,0,0
BRDA:410,35,1,0
BRDA:417,36,0,0
BRDA:417,36,1,0
BRDA:424,37,0,0
BRDA:424,37,1,0
BRDA:424,38,0,0
BRDA:424,38,1,0
BRDA:430,39,0,0
BRDA:430,39,1,0
BRDA:436,40,0,0
BRDA:436,40,1,0
BRDA:450,41,0,0
BRDA:450,41,1,0
BRDA:457,42,0,0
BRDA:457,42,1,0
BRDA:479,43,0,0
BRDA:479,43,1,0
BRDA:509,44,0,0
BRDA:521,45,0,0
BRDA:521,45,1,0
BRDA:525,46,0,0
BRDA:525,46,1,0
BRDA:529,47,0,0
BRDA:529,47,1,0
BRDA:580,48,0,0
BRDA:580,48,1,0
BRDA:596,49,0,0
BRDA:596,49,1,0
BRDA:604,50,0,0
BRDA:604,50,1,0
BRDA:604,50,2,0
BRDA:606,51,0,0
BRDA:606,51,1,0
BRDA:619,52,0,0
BRDA:619,52,1,0
BRDA:657,53,0,0
BRDA:657,53,1,0
BRDA:666,54,0,0
BRDA:666,54,1,0
BRF:112
BRH:0
end_of_record
TN:
SF:src/services/redis.service.js
FN:8,(anonymous_0)
FN:12,(anonymous_1)
FN:15,(anonymous_2)
FN:19,(anonymous_3)
FN:29,(anonymous_4)
FN:41,(anonymous_5)
FN:48,(anonymous_6)
FN:54,(anonymous_7)
FN:62,(anonymous_8)
FN:73,(anonymous_9)
FN:80,(anonymous_10)
FN:89,(anonymous_11)
FN:95,(anonymous_12)
FN:99,(anonymous_13)
FN:100,(anonymous_14)
FN:111,(anonymous_15)
FN:120,(anonymous_16)
FN:128,(anonymous_17)
FN:133,(anonymous_18)
FN:157,(anonymous_19)
FN:167,(anonymous_20)
FN:182,(anonymous_21)
FN:188,(anonymous_22)
FN:207,(anonymous_23)
FN:216,(anonymous_24)
FN:243,(anonymous_25)
FN:248,(anonymous_26)
FN:259,(anonymous_27)
FN:274,(anonymous_28)
FN:301,(anonymous_29)
FN:311,(anonymous_30)
FN:314,(anonymous_31)
FN:329,(anonymous_32)
FN:360,(anonymous_33)
FN:374,(anonymous_34)
FN:393,(anonymous_35)
FN:432,(anonymous_36)
FN:439,(anonymous_37)
FN:452,(anonymous_38)
FN:464,(anonymous_39)
FN:483,(anonymous_40)
FN:491,(anonymous_41)
FN:499,(anonymous_42)
FN:507,(anonymous_43)
FN:516,(anonymous_44)
FN:524,(anonymous_45)
FNF:46
FNH:22
FNDA:23,(anonymous_0)
FNDA:23,(anonymous_1)
FNDA:641,(anonymous_2)
FNDA:640,(anonymous_3)
FNDA:56,(anonymous_4)
FNDA:232,(anonymous_5)
FNDA:76,(anonymous_6)
FNDA:204,(anonymous_7)
FNDA:148,(anonymous_8)
FNDA:48,(anonymous_9)
FNDA:8,(anonymous_10)
FNDA:0,(anonymous_11)
FNDA:0,(anonymous_12)
FNDA:0,(anonymous_13)
FNDA:0,(anonymous_14)
FNDA:0,(anonymous_15)
FNDA:0,(anonymous_16)
FNDA:0,(anonymous_17)
FNDA:0,(anonymous_18)
FNDA:229,(anonymous_19)
FNDA:572,(anonymous_20)
FNDA:496,(anonymous_21)
FNDA:0,(anonymous_22)
FNDA:23,(anonymous_23)
FNDA:0,(anonymous_24)
FNDA:23,(anonymous_25)
FNDA:0,(anonymous_26)
FNDA:308,(anonymous_27)
FNDA:84,(anonymous_28)
FNDA:76,(anonymous_29)
FNDA:0,(anonymous_30)
FNDA:0,(anonymous_31)
FNDA:229,(anonymous_32)
FNDA:0,(anonymous_33)
FNDA:148,(anonymous_34)
FNDA:0,(anonymous_35)
FNDA:0,(anonymous_36)
FNDA:0,(anonymous_37)
FNDA:0,(anonymous_38)
FNDA:0,(anonymous_39)
FNDA:0,(anonymous_40)
FNDA:0,(anonymous_41)
FNDA:0,(anonymous_42)
FNDA:0,(anonymous_43)
FNDA:0,(anonymous_44)
FNDA:496,(anonymous_45)
DA:2,23
DA:3,23
DA:4,23
DA:5,23
DA:9,23
DA:10,23
DA:12,23
DA:16,641
DA:20,640
DA:21,640
DA:22,233
DA:23,0
DA:24,0
DA:26,233
DA:30,56
DA:31,56
DA:32,5
DA:35,51
DA:36,51
DA:37,51
DA:38,51
DA:42,232
DA:43,232
DA:44,12
DA:45,12
DA:49,76
DA:50,76
DA:51,76
DA:55,204
DA:56,204
DA:57,204
DA:58,204
DA:59,204
DA:63,148
DA:64,148
DA:65,148
DA:67,148
DA:68,148
DA:69,148
DA:70,148
DA:74,48
DA:75,48
DA:76,48
DA:77,48
DA:81,8
DA:82,8
DA:83,8
DA:84,8
DA:85,8
DA:86,8
DA:90,0
DA:91,0
DA:92,0
DA:96,0
DA:97,0
DA:99,0
DA:100,0
DA:101,0
DA:102,0
DA:105,0
DA:106,0
DA:107,0
DA:108,0
DA:110,0
DA:111,0
DA:113,0
DA:114,0
DA:115,0
DA:117,0
DA:121,0
DA:122,0
DA:123,0
DA:125,0
DA:129,0
DA:130,0
DA:135,0
DA:136,0
DA:137,0
DA:138,0
DA:139,0
DA:140,0
DA:141,0
DA:142,0
DA:143,0
DA:147,0
DA:148,0
DA:149,0
DA:152,0
DA:153,0
DA:154,0
DA:159,229
DA:160,229
DA:161,687
DA:162,229
DA:163,229
DA:167,572
DA:168,229
DA:169,229
DA:170,408
DA:171,408
DA:172,0
DA:173,0
DA:175,408
DA:179,229
DA:183,496
DA:184,496
DA:189,0
DA:190,0
DA:191,0
DA:192,0
DA:193,0
DA:194,0
DA:195,0
DA:196,0
DA:197,0
DA:198,0
DA:199,0
DA:200,0
DA:201,0
DA:202,0
DA:208,23
DA:217,0
DA:230,23
DA:233,23
DA:241,23
DA:243,23
DA:244,23
DA:245,0
DA:248,23
DA:249,0
DA:250,0
DA:252,0
DA:260,308
DA:262,308
DA:263,0
DA:264,0
DA:265,0
DA:268,308
DA:275,84
DA:276,84
DA:277,84
DA:279,84
DA:280,84
DA:281,84
DA:284,0
DA:285,0
DA:286,0
DA:287,0
DA:289,0
DA:290,0
DA:291,0
DA:292,0
DA:295,0
DA:296,0
DA:297,0
DA:302,76
DA:303,76
DA:304,76
DA:306,0
DA:307,0
DA:312,0
DA:313,0
DA:314,0
DA:316,0
DA:317,0
DA:320,0
DA:321,0
DA:330,229
DA:331,229
DA:332,229
DA:333,229
DA:335,229
DA:336,229
DA:343,229
DA:345,229
DA:346,0
DA:347,0
DA:351,229
DA:352,0
DA:355,0
DA:356,0
DA:361,0
DA:362,0
DA:363,0
DA:365,0
DA:366,0
DA:367,0
DA:375,148
DA:376,148
DA:377,148
DA:378,148
DA:379,148
DA:381,148
DA:383,0
DA:384,0
DA:385,0
DA:395,0
DA:396,0
DA:397,0
DA:401,0
DA:402,0
DA:403,0
DA:406,0
DA:414,0
DA:416,0
DA:417,0
DA:418,0
DA:419,0
DA:422,0
DA:423,0
DA:424,0
DA:429,0
DA:432,0
DA:434,0
DA:435,0
DA:436,0
DA:437,0
DA:439,0
DA:443,0
DA:444,0
DA:445,0
DA:453,0
DA:454,0
DA:465,0
DA:484,0
DA:492,0
DA:500,0
DA:508,0
DA:509,0
DA:517,0
DA:525,496
DA:526,496
DA:527,0
DA:532,23
LF:234
LH:99
BRDA:16,0,0,641
BRDA:16,0,1,641
BRDA:16,0,2,454
BRDA:21,1,0,407
BRDA:21,1,1,233
BRDA:22,2,0,0
BRDA:22,2,1,233
BRDA:31,3,0,5
BRDA:31,3,1,51
BRDA:31,4,0,56
BRDA:31,4,1,5
BRDA:31,4,2,5
BRDA:35,5,0,51
BRDA:35,5,1,51
BRDA:43,6,0,220
BRDA:43,6,1,12
BRDA:44,7,0,0
BRDA:44,7,1,12
BRDA:56,8,0,0
BRDA:56,8,1,204
BRDA:64,9,0,136
BRDA:64,9,1,12
BRDA:65,10,0,148
BRDA:65,10,1,0
BRDA:68,11,0,148
BRDA:68,11,1,136
BRDA:82,12,0,8
BRDA:82,12,1,8
BRDA:91,13,0,0
BRDA:91,13,1,0
BRDA:91,14,0,0
BRDA:91,14,1,0
BRDA:91,14,2,0
BRDA:97,15,0,0
BRDA:97,15,1,0
BRDA:97,16,0,0
BRDA:97,16,1,0
BRDA:97,16,2,0
BRDA:101,17,0,0
BRDA:101,17,1,0
BRDA:107,18,0,0
BRDA:107,18,1,0
BRDA:110,19,0,0
BRDA:110,19,1,0
BRDA:111,20,0,0
BRDA:111,20,1,0
BRDA:123,21,0,0
BRDA:123,21,1,0
BRDA:130,22,0,0
BRDA:130,22,1,0
BRDA:139,23,0,0
BRDA:139,23,1,0
BRDA:142,24,0,0
BRDA:142,24,1,0
BRDA:147,25,0,0
BRDA:147,25,1,0
BRDA:149,26,0,0
BRDA:149,26,1,0
BRDA:152,27,0,0
BRDA:152,27,1,0
BRDA:161,28,0,229
BRDA:161,28,1,458
BRDA:162,29,0,229
BRDA:162,29,1,0
BRDA:171,30,0,0
BRDA:171,30,1,408
BRDA:175,31,0,0
BRDA:175,31,1,408
BRDA:190,32,0,0
BRDA:190,32,1,0
BRDA:191,33,0,0
BRDA:191,33,1,0
BRDA:192,34,0,0
BRDA:192,34,1,0
BRDA:193,35,0,0
BRDA:193,35,1,0
BRDA:194,36,0,0
BRDA:194,36,1,0
BRDA:195,37,0,0
BRDA:195,37,1,0
BRDA:196,38,0,0
BRDA:196,38,1,0
BRDA:197,39,0,0
BRDA:197,39,1,0
BRDA:198,40,0,0
BRDA:198,40,1,0
BRDA:199,41,0,0
BRDA:199,41,1,0
BRDA:200,42,0,0
BRDA:200,42,1,0
BRDA:201,43,0,0
BRDA:201,43,1,0
BRDA:208,44,0,23
BRDA:208,44,1,0
BRDA:210,45,0,0
BRDA:210,45,1,0
BRDA:211,46,0,0
BRDA:211,46,1,0
BRDA:212,47,0,0
BRDA:212,47,1,0
BRDA:213,48,0,0
BRDA:213,48,1,0
BRDA:223,49,0,0
BRDA:223,49,1,0
BRDA:230,50,0,23
BRDA:230,50,1,23
BRDA:244,51,0,0
BRDA:244,51,1,23
BRDA:249,52,0,0
BRDA:249,52,1,0
BRDA:259,53,0,308
BRDA:262,54,0,0
BRDA:262,54,1,308
BRDA:279,55,0,84
BRDA:279,55,1,0
BRDA:301,56,0,0
BRDA:313,57,0,0
BRDA:313,57,1,0
BRDA:316,58,0,0
BRDA:316,58,1,0
BRDA:345,59,0,0
BRDA:345,59,1,229
BRDA:351,60,0,0
BRDA:351,60,1,229
BRDA:374,61,0,0
BRDA:374,62,0,0
BRDA:378,63,0,148
BRDA:378,63,1,0
BRDA:378,64,0,148
BRDA:378,64,1,148
BRDA:378,64,2,148
BRDA:393,65,0,0
BRDA:396,66,0,0
BRDA:396,66,1,0
BRDA:414,67,0,0
BRDA:414,67,1,0
BRDA:423,68,0,0
BRDA:423,68,1,0
BRDA:436,69,0,0
BRDA:436,69,1,0
BRDA:456,70,0,0
BRDA:456,70,1,0
BRDA:526,71,0,0
BRDA:526,71,1,496
BRF:144
BRH:43
end_of_record
TN:
SF:src/services/socket.service.js
FN:32,(anonymous_0)
FN:70,(anonymous_1)
FN:78,(anonymous_2)
FN:79,(anonymous_3)
FN:129,(anonymous_4)
FN:153,(anonymous_5)
FN:163,(anonymous_6)
FN:172,(anonymous_7)
FN:193,(anonymous_8)
FN:226,(anonymous_9)
FN:268,(anonymous_10)
FN:318,(anonymous_11)
FN:323,(anonymous_12)
FNF:13
FNH:2
FNDA:0,(anonymous_0)
FNDA:0,(anonymous_1)
FNDA:0,(anonymous_2)
FNDA:0,(anonymous_3)
FNDA:0,(anonymous_4)
FNDA:0,(anonymous_5)
FNDA:0,(anonymous_6)
FNDA:0,(anonymous_7)
FNDA:2,(anonymous_8)
FNDA:0,(anonymous_9)
FNDA:5,(anonymous_10)
FNDA:0,(anonymous_11)
FNDA:0,(anonymous_12)
DA:14,11
DA:15,11
DA:16,11
DA:17,11
DA:18,11
DA:19,11
DA:20,11
DA:22,11
DA:23,11
DA:24,11
DA:32,11
DA:33,0
DA:35,0
DA:49,0
DA:50,0
DA:51,0
DA:52,0
DA:54,0
DA:56,0
DA:57,0
DA:61,0
DA:66,0
DA:70,0
DA:71,0
DA:73,0
DA:74,0
DA:76,0
DA:78,0
DA:79,0
DA:80,0
DA:81,0
DA:86,0
DA:87,0
DA:90,0
DA:91,0
DA:95,0
DA:97,0
DA:99,0
DA:100,0
DA:101,0
DA:102,0
DA:105,0
DA:106,0
DA:107,0
DA:108,0
DA:110,0
DA:113,0
DA:118,0
DA:120,0
DA:124,0
DA:129,0
DA:130,0
DA:138,0
DA:139,0
DA:141,0
DA:147,0
DA:153,0
DA:154,0
DA:163,0
DA:164,0
DA:172,0
DA:173,0
DA:177,0
DA:178,0
DA:180,0
DA:184,0
DA:193,11
DA:194,2
DA:195,2
DA:196,2
DA:199,0
DA:200,0
DA:205,0
DA:206,0
DA:207,0
DA:210,0
DA:213,0
DA:224,0
DA:226,0
DA:233,0
DA:234,0
DA:235,0
DA:238,0
DA:239,0
DA:240,0
DA:241,0
DA:242,0
DA:246,0
DA:248,0
DA:255,0
DA:268,11
DA:269,5
DA:270,5
DA:271,5
DA:274,0
DA:275,0
DA:277,0
DA:278,0
DA:279,0
DA:282,0
DA:285,0
DA:298,0
DA:306,0
DA:318,11
DA:323,11
DA:324,0
DA:325,0
DA:327,0
DA:328,0
DA:329,0
DA:333,0
DA:334,0
DA:335,0
DA:337,0
DA:338,0
DA:339,0
DA:342,0
DA:348,11
LF:118
LH:22
BRDA:37,0,0,0
BRDA:37,0,1,0
BRDA:37,1,0,0
BRDA:37,1,1,0
BRDA:49,2,0,0
BRDA:49,2,1,0
BRDA:76,3,0,0
BRDA:76,3,1,0
BRDA:80,4,0,0
BRDA:80,4,1,0
BRDA:86,5,0,0
BRDA:86,5,1,0
BRDA:87,6,0,0
BRDA:87,6,1,0
BRDA:90,7,0,0
BRDA:90,7,1,0
BRDA:100,8,0,0
BRDA:100,8,1,0
BRDA:106,9,0,0
BRDA:106,9,1,0
BRDA:194,10,0,2
BRDA:194,10,1,0
BRDA:200,11,0,0
BRDA:200,11,1,0
BRDA:200,11,2,0
BRDA:200,11,3,0
BRDA:205,12,0,0
BRDA:205,12,1,0
BRDA:224,13,0,0
BRDA:224,13,1,0
BRDA:224,14,0,0
BRDA:224,14,1,0
BRDA:227,15,0,0
BRDA:227,15,1,0
BRDA:238,16,0,0
BRDA:238,16,1,0
BRDA:239,17,0,0
BRDA:239,17,1,0
BRDA:269,18,0,5
BRDA:269,18,1,0
BRDA:275,19,0,0
BRDA:275,19,1,0
BRDA:277,20,0,0
BRDA:277,20,1,0
BRDA:287,21,0,0
BRDA:287,21,1,0
BRDA:325,22,0,0
BRDA:325,22,1,0
BRDA:333,23,0,0
BRDA:333,23,1,0
BRDA:337,24,0,0
BRDA:337,24,1,0
BRF:52
BRH:2
end_of_record
TN:
SF:src/services/storage.service.js
FN:9,uploadFile
FNF:1
FNH:0
FNDA:0,uploadFile
DA:1,11
DA:3,11
DA:10,0
DA:15,0
DA:18,11
LF:5
LH:3
BRF:0
BRH:0
end_of_record
TN:
SF:src/services/token.service.js
FN:12,generateAccessToken
FN:17,generateRefreshToken
FN:28,hashRefreshToken
FN:41,compareRefreshToken
FN:46,verifyAccessToken
FNF:5
FNH:5
FNDA:449,generateAccessToken
FNDA:555,generateRefreshToken
FNDA:29,hashRefreshToken
FNDA:7,compareRefreshToken
FNDA:5,verifyAccessToken
DA:1,23
DA:2,23
DA:3,23
DA:5,23
DA:6,23
DA:7,23
DA:8,23
DA:13,449
DA:18,555
DA:29,29
DA:30,29
DA:31,29
DA:32,29
DA:42,7
DA:47,5
DA:50,23
LF:16
LH:16
BRDA:29,0,0,29
BRDA:29,0,1,0
BRDA:30,1,0,29
BRDA:30,1,1,0
BRDA:31,2,0,29
BRDA:31,2,1,0
BRF:6
BRH:3
end_of_record
TN:
SF:src/utils/AppError.js
FN:3,(anonymous_0)
FNF:1
FNH:1
FNDA:116,(anonymous_0)
DA:4,116
DA:5,116
DA:6,116
DA:7,116
DA:11,14
LF:5
LH:5
BRDA:3,0,0,0
BRF:1
BRH:0
end_of_record
TN:
SF:src/utils/analytics.helper.js
FN:28,(anonymous_0)
FN:65,(anonymous_1)
FN:95,(anonymous_2)
FN:124,(anonymous_3)
FN:161,(anonymous_4)
FN:194,(anonymous_5)
FN:224,(anonymous_6)
FN:261,(anonymous_7)
FN:292,(anonymous_8)
FNF:9
FNH:3
FNDA:16,(anonymous_0)
FNDA:6,(anonymous_1)
FNDA:8,(anonymous_2)
FNDA:0,(anonymous_3)
FNDA:0,(anonymous_4)
FNDA:0,(anonymous_5)
FNDA:0,(anonymous_6)
FNDA:0,(anonymous_7)
FNDA:0,(anonymous_8)
DA:6,11
DA:7,11
DA:28,11
DA:29,16
DA:31,16
DA:32,16
DA:33,16
DA:36,16
DA:50,0
DA:65,11
DA:66,6
DA:78,6
DA:79,6
DA:80,0
DA:81,0
DA:84,6
DA:95,11
DA:96,8
DA:109,8
DA:110,2
DA:124,11
DA:125,0
DA:134,0
DA:135,0
DA:136,0
DA:137,0
DA:140,0
DA:161,11
DA:162,0
DA:169,0
DA:170,0
DA:171,0
DA:172,0
DA:175,0
DA:194,11
DA:195,0
DA:204,0
DA:205,0
DA:206,0
DA:207,0
DA:210,0
DA:224,11
DA:225,0
DA:235,0
DA:236,0
DA:237,0
DA:238,0
DA:241,0
DA:261,11
DA:262,0
DA:268,0
DA:269,0
DA:270,0
DA:271,0
DA:274,0
DA:292,11
DA:293,0
DA:303,11
LF:58
LH:24
BRDA:28,0,0,0
BRDA:28,1,0,8
BRDA:31,2,0,16
BRDA:31,2,1,0
BRDA:32,3,0,16
BRDA:32,3,1,0
BRDA:32,4,0,0
BRDA:32,4,1,16
BRDA:33,5,0,16
BRDA:33,5,1,16
BRDA:42,6,0,16
BRDA:42,6,1,16
BRDA:65,7,0,0
BRDA:79,8,0,0
BRDA:79,8,1,6
BRDA:95,9,0,0
BRDA:109,10,0,2
BRDA:109,10,1,6
BRDA:135,11,0,0
BRDA:135,11,1,0
BRDA:141,12,0,0
BRDA:141,12,1,0
BRDA:142,13,0,0
BRDA:142,13,1,0
BRDA:143,14,0,0
BRDA:143,14,1,0
BRDA:145,15,0,0
BRDA:145,15,1,0
BRDA:170,16,0,0
BRDA:170,16,1,0
BRDA:176,17,0,0
BRDA:176,17,1,0
BRDA:178,18,0,0
BRDA:178,18,1,0
BRDA:181,19,0,0
BRDA:181,19,1,0
BRDA:205,20,0,0
BRDA:205,20,1,0
BRDA:212,21,0,0
BRDA:212,21,1,0
BRDA:236,22,0,0
BRDA:236,22,1,0
BRDA:242,23,0,0
BRDA:242,23,1,0
BRDA:244,24,0,0
BRDA:244,24,1,0
BRDA:249,25,0,0
BRDA:249,25,1,0
BRDA:269,26,0,0
BRDA:269,26,1,0
BRDA:275,27,0,0
BRDA:275,27,1,0
BRDA:280,28,0,0
BRDA:280,28,1,0
BRDA:292,29,0,0
BRDA:298,30,0,0
BRDA:298,30,1,0
BRF:57
BRH:11
end_of_record
TN:
SF:src/utils/catchAsync.js
FN:2,(anonymous_0)
FN:2,(anonymous_1)
FNF:2
FNH:2
FNDA:781,(anonymous_0)
FNDA:209,(anonymous_1)
DA:2,781
DA:3,209
LF:2
LH:2
BRF:0
BRH:0
end_of_record
TN:
SF:src/utils/query.js
FN:10,parsePagination
FN:19,parseSort
FN:23,(anonymous_2)
FN:40,parseFilters
FN:44,(anonymous_4)
FN:52,(anonymous_5)
FN:53,(anonymous_6)
FN:68,parseQuery
FNF:8
FNH:8
FNDA:31,parsePagination
FNDA:30,parseSort
FNDA:12,(anonymous_2)
FNDA:28,parseFilters
FNDA:98,(anonymous_4)
FNDA:98,(anonymous_5)
FNDA:392,(anonymous_6)
FNDA:24,parseQuery
DA:4,12
DA:5,12
DA:6,12
DA:7,12
DA:8,12
DA:11,31
DA:12,31
DA:13,31
DA:14,31
DA:15,31
DA:16,31
DA:20,30
DA:21,30
DA:22,9
DA:23,9
DA:24,12
DA:25,12
DA:26,12
DA:27,6
DA:28,6
DA:30,12
DA:31,10
DA:35,21
DA:37,30
DA:41,28
DA:44,28
DA:45,98
DA:46,7
DA:51,28
DA:52,28
DA:53,98
DA:54,392
DA:55,392
DA:56,1
DA:57,1
DA:60,1
DA:65,28
DA:69,24
DA:70,24
DA:71,24
DA:72,24
DA:75,12
LF:42
LH:42
BRDA:13,0,0,24
BRDA:13,0,1,7
BRDA:13,1,0,31
BRDA:13,1,1,8
BRDA:14,2,0,1
BRDA:14,2,1,30
BRDA:15,3,0,27
BRDA:15,3,1,4
BRDA:15,4,0,31
BRDA:15,4,1,5
BRDA:21,5,0,9
BRDA:21,5,1,21
BRDA:26,6,0,6
BRDA:26,6,1,6
BRDA:30,7,0,10
BRDA:30,7,1,2
BRDA:45,8,0,7
BRDA:45,8,1,91
BRDA:55,9,0,1
BRDA:55,9,1,391
BRDA:56,10,0,1
BRDA:56,10,1,0
BRDA:60,11,0,1
BRDA:60,11,1,0
BRF:24
BRH:22
end_of_record
TN:
SF:src/utils/regex.js
FN:1,escapeRegex
FN:5,normalizeSearchText
FNF:2
FNH:2
FNDA:1,escapeRegex
FNDA:1,normalizeSearchText
DA:2,1
DA:6,1
DA:7,1
DA:8,1
DA:9,1
DA:12,11
LF:6
LH:6
BRDA:5,0,0,0
BRDA:5,1,0,0
BRDA:6,2,0,0
BRDA:6,2,1,1
BRDA:6,3,0,1
BRDA:6,3,1,1
BRDA:8,4,0,0
BRDA:8,4,1,1
BRF:8
BRH:4
end_of_record
TN:
SF:src/utils/response.js
FN:4,sendListResponse
FN:15,sendItemResponse
FN:23,sendErrorResponse
FNF:3
FNH:3
FNDA:56,sendListResponse
FNDA:114,sendItemResponse
FNDA:110,sendErrorResponse
DA:5,56
DA:16,114
DA:24,110
DA:31,13
LF:4
LH:4
BRDA:4,0,0,6
BRDA:4,1,0,34
BRDA:4,2,0,37
BRDA:4,3,0,37
BRDA:15,4,0,3
BRDA:23,5,0,1
BRDA:23,6,0,2
BRDA:23,7,0,4
BRF:8
BRH:8
end_of_record
TN:
SF:src/utils/serviceError.js
FN:3,handleServiceError
FNF:1
FNH:1
FNDA:6,handleServiceError
DA:1,1
DA:5,6
DA:11,1
LF:3
LH:3
BRDA:3,0,0,4
BRDA:6,1,0,1
BRDA:6,1,1,5
BRDA:7,2,0,6
BRDA:7,2,1,5
BRF:5
BRH:5
end_of_record
TN:
SF:src/utils/uuid.js
FN:3,uuidv4
FNF:1
FNH:1
FNDA:327,uuidv4
DA:1,11
DA:4,327
DA:5,327
DA:9,0
DA:10,0
DA:11,0
DA:13,0
DA:14,0
DA:17,11
LF:9
LH:4
BRDA:4,0,0,327
BRDA:4,0,1,0
BRF:2
BRH:1
end_of_record
TN:
SF:src/validation/analytics.validation.js
FNF:0
FNH:0
DA:6,11
DA:7,11
DA:12,11
DA:56,11
DA:89,11
DA:127,11
DA:142,11
DA:174,11
DA:207,11
DA:227,11
LF:10
LH:10
BRF:0
BRH:0
end_of_record
TN:
SF:src/validation/auth.validation.js
FNF:0
FNH:0
DA:2,11
DA:3,11
DA:6,11
DA:12,11
DA:18,11
DA:27,11
DA:32,11
LF:7
LH:7
BRF:0
BRH:0
end_of_record
TN:
SF:src/validation/cart.validation.js
FNF:0
FNH:0
DA:1,11
DA:2,11
DA:9,11
DA:12,11
DA:34,11
DA:49,11
DA:60,11
DA:61,11
DA:63,11
LF:9
LH:9
BRF:0
BRH:0
end_of_record
TN:
SF:src/validation/common.validation.js
FNF:0
FNH:0
DA:2,11
DA:3,11
DA:4,11
DA:5,11
DA:8,11
DA:13,11
DA:18,11
DA:25,11
LF:8
LH:8
BRF:0
BRH:0
end_of_record
TN:
SF:src/validation/follow.validation.js
FNF:0
FNH:0
DA:1,11
DA:3,11
DA:7,11
LF:3
LH:3
BRF:0
BRH:0
end_of_record
TN:
SF:src/validation/food-action.validation.js
FNF:0
FNH:0
DA:2,11
DA:3,11
DA:7,11
DA:12,11
DA:17,11
DA:21,11
LF:6
LH:6
BRF:0
BRH:0
end_of_record
TN:
SF:src/validation/food-partner.validation.js
FNF:0
FNH:0
DA:2,11
DA:3,11
DA:6,11
DA:16,11
LF:4
LH:4
BRF:0
BRH:0
end_of_record
TN:
SF:src/validation/food.validation.js
FNF:0
FNH:0
DA:1,11
DA:2,11
DA:5,11
DA:14,11
DA:22,11
LF:5
LH:5
BRF:0
BRH:0
end_of_record
TN:
SF:src/validation/order.validation.js
FNF:0
FNH:0
DA:1,11
DA:2,11
DA:4,11
DA:50,11
DA:66,11
LF:5
LH:5
BRF:0
BRH:0
end_of_record
TN:
SF:src/validation/payment.validation.js
FN:11,(anonymous_0)
FN:35,(anonymous_1)
FN:58,(anonymous_2)
FN:195,(anonymous_3)
FN:296,(anonymous_4)
FN:350,(anonymous_5)
FN:413,(anonymous_6)
FN:414,(anonymous_7)
FN:415,(anonymous_8)
FN:416,(anonymous_9)
FN:417,(anonymous_10)
FN:418,(anonymous_11)
FNF:12
FNH:0
FNDA:0,(anonymous_0)
FNDA:0,(anonymous_1)
FNDA:0,(anonymous_2)
FNDA:0,(anonymous_3)
FNDA:0,(anonymous_4)
FNDA:0,(anonymous_5)
FNDA:0,(anonymous_6)
FNDA:0,(anonymous_7)
FNDA:0,(anonymous_8)
FNDA:0,(anonymous_9)
FNDA:0,(anonymous_10)
FNDA:0,(anonymous_11)
DA:1,11
DA:2,11
DA:11,11
DA:12,0
DA:13,0
DA:18,0
DA:22,11
DA:36,0
DA:37,0
DA:38,0
DA:59,0
DA:60,0
DA:62,0
DA:63,0
DA:66,0
DA:67,0
DA:70,0
DA:95,11
DA:114,11
DA:133,11
DA:159,11
DA:196,0
DA:197,0
DA:198,0
DA:233,11
DA:257,11
DA:268,11
DA:297,0
DA:298,0
DA:299,0
DA:300,0
DA:310,11
DA:350,0
DA:354,11
DA:371,11
DA:372,11
DA:373,11
DA:375,11
DA:386,11
DA:395,11
DA:413,0
DA:414,0
DA:415,0
DA:416,0
DA:417,0
DA:418,0
LF:46
LH:19
BRDA:12,0,0,0
BRDA:12,0,1,0
BRDA:37,1,0,0
BRDA:37,1,1,0
BRDA:62,2,0,0
BRDA:62,2,1,0
BRDA:66,3,0,0
BRDA:66,3,1,0
BRDA:197,4,0,0
BRDA:197,4,1,0
BRDA:297,5,0,0
BRDA:297,5,1,0
BRDA:299,6,0,0
BRDA:299,6,1,0
BRF:14
BRH:0
end_of_record
TN:
SF:src/validation/query.validation.js
FNF:0
FNH:0
DA:2,12
DA:4,12
DA:24,12
LF:3
LH:3
BRF:0
BRH:0
end_of_record
TN:
SF:src/validation/search.validation.js
FNF:0
FNH:0
DA:1,11
DA:4,11
DA:17,11
LF:3
LH:3
BRF:0
BRH:0
end_of_record
TN:
SF:src/validation/user.validation.js
FNF:0
FNH:0
DA:2,11
DA:3,11
DA:7,11
DA:13,11
LF:4
LH:4
BRF:0
BRH:0
end_of_record
